    0.0000000000E+00    0.4274448230E-07
    0.9000000000E+00    0.4274139092E-07
    0.1800000000E+01    0.4273211736E-07
    0.2700000000E+01    0.4271666331E-07
    0.3600000000E+01    0.4269503161E-07
    0.4500000000E+01    0.4266722623E-07
    0.5400000000E+01    0.4263325229E-07
    0.6300000000E+01    0.4259311607E-07
    0.7200000000E+01    0.4254682500E-07
    0.8100000000E+01    0.4249438771E-07
    0.9000000000E+01    0.4243581400E-07
    0.9900000000E+01    0.4237111487E-07
    0.1080000000E+02    0.4230030258E-07
    0.1170000000E+02    0.4222339060E-07
    0.1260000000E+02    0.4214039367E-07
    0.1350000000E+02    0.4205132782E-07
    0.1440000000E+02    0.4195621039E-07
    0.1530000000E+02    0.4185506006E-07
    0.1620000000E+02    0.4174789688E-07
    0.1710000000E+02    0.4163474229E-07
    0.1800000000E+02    0.4151561915E-07
    0.1890000000E+02    0.4139055180E-07
    0.1980000000E+02    0.4125956605E-07
    0.2070000000E+02    0.4112268928E-07
    0.2160000000E+02    0.4097995042E-07
    0.2250000000E+02    0.4083138001E-07
    0.2340000000E+02    0.4067701026E-07
    0.2430000000E+02    0.4051687508E-07
    0.2520000000E+02    0.4035101012E-07
    0.2610000000E+02    0.4017945284E-07
    0.2700000000E+02    0.4000224252E-07
    0.2790000000E+02    0.3981942038E-07
    0.2880000000E+02    0.3963102956E-07
    0.2970000000E+02    0.3943711522E-07
    0.3060000000E+02    0.3923772459E-07
    0.3150000000E+02    0.3903290702E-07
    0.3240000000E+02    0.3882271406E-07
    0.3330000000E+02    0.3860719952E-07
    0.3420000000E+02    0.3838641952E-07
    0.3510000000E+02    0.3816043257E-07
    0.3600000000E+02    0.3792929968E-07
    0.3690000000E+02    0.3769308435E-07
    0.3780000000E+02    0.3745185274E-07
    0.3870000000E+02    0.3720567368E-07
    0.3960000000E+02    0.3695461881E-07
    0.4050000000E+02    0.3669876261E-07
    0.4140000000E+02    0.3643818253E-07
    0.4230000000E+02    0.3617295908E-07
    0.4320000000E+02    0.3590317592E-07
    0.4410000000E+02    0.3562891996E-07
    0.4500000000E+02    0.3535028144E-07
    0.4590000000E+02    0.3506735412E-07
    0.4680000000E+02    0.3478023530E-07
    0.4770000000E+02    0.3448902599E-07
    0.4860000000E+02    0.3419383103E-07
    0.4950000000E+02    0.3389475921E-07
    0.5040000000E+02    0.3359192343E-07
    0.5130000000E+02    0.3328544081E-07
    0.5220000000E+02    0.3297543285E-07
    0.5310000000E+02    0.3266202560E-07
    0.5400000000E+02    0.3234534980E-07
    0.5490000000E+02    0.3202554107E-07
    0.5580000000E+02    0.3170274010E-07
    0.5670000000E+02    0.3137709279E-07
    0.5760000000E+02    0.3104875050E-07
    0.5850000000E+02    0.3071787022E-07
    0.5940000000E+02    0.3038461481E-07
    0.6030000000E+02    0.3004915320E-07
    0.6120000000E+02    0.2971166064E-07
    0.6210000000E+02    0.2937231895E-07
    0.6300000000E+02    0.2903131678E-07
    0.6390000000E+02    0.2868884986E-07
    0.6480000000E+02    0.2834512129E-07
    0.6570000000E+02    0.2800034183E-07
    0.6660000000E+02    0.2765473017E-07
    0.6750000000E+02    0.2730851331E-07
    0.6840000000E+02    0.2696192679E-07
    0.6930000000E+02    0.2661521508E-07
    0.7020000000E+02    0.2626863187E-07
    0.7110000000E+02    0.2592244043E-07
    0.7200000000E+02    0.2557691394E-07
    0.7290000000E+02    0.2523233581E-07
    0.7380000000E+02    0.2488900003E-07
    0.7470000000E+02    0.2454721149E-07
    0.7560000000E+02    0.2420728626E-07
    0.7650000000E+02    0.2386955190E-07
    0.7740000000E+02    0.2353434772E-07
    0.7830000000E+02    0.2320202496E-07
    0.7920000000E+02    0.2287294700E-07
    0.8010000000E+02    0.2254748945E-07
    0.8100000000E+02    0.2222604021E-07
    0.8190000000E+02    0.2190899939E-07
    0.8280000000E+02    0.2159677920E-07
    0.8370000000E+02    0.2128980364E-07
    0.8460000000E+02    0.2098850812E-07
    0.8550000000E+02    0.2069333890E-07
    0.8640000000E+02    0.2040475230E-07
    0.8730000000E+02    0.2012321379E-07
    0.8820000000E+02    0.1984919677E-07
    0.8910000000E+02    0.1958318119E-07
    0.9000000000E+02    0.1932565184E-07
    0.9090000000E+02    0.1907709636E-07
    0.9180000000E+02    0.1883800301E-07
    0.9270000000E+02    0.1860885806E-07
    0.9360000000E+02    0.1839014294E-07
    0.9450000000E+02    0.1818233107E-07
    0.9540000000E+02    0.1798588441E-07
    0.9630000000E+02    0.1780124977E-07
    0.9720000000E+02    0.1762885489E-07
    0.9810000000E+02    0.1746910442E-07
    0.9900000000E+02    0.1732237573E-07
    0.9990000000E+02    0.1718901482E-07
    0.1008000000E+03    0.1706933216E-07
    0.1017000000E+03    0.1696359887E-07
    0.1026000000E+03    0.1687204304E-07
    0.1035000000E+03    0.1679484647E-07
    0.1044000000E+03    0.1673214191E-07
    0.1053000000E+03    0.1668401078E-07
    0.1062000000E+03    0.1665048157E-07
    0.1071000000E+03    0.1663152892E-07
    0.1080000000E+03    0.1662707336E-07
    0.1089000000E+03    0.1663698184E-07
    0.1098000000E+03    0.1666106894E-07
    0.1107000000E+03    0.1669909874E-07
    0.1116000000E+03    0.1675078738E-07
    0.1125000000E+03    0.1681580605E-07
    0.1134000000E+03    0.1689378460E-07
    0.1143000000E+03    0.1698431532E-07
    0.1152000000E+03    0.1708695716E-07
    0.1161000000E+03    0.1720123996E-07
    0.1170000000E+03    0.1732666886E-07
    0.1179000000E+03    0.1746272859E-07
    0.1188000000E+03    0.1760888766E-07
    0.1197000000E+03    0.1776460247E-07
    0.1206000000E+03    0.1792932102E-07
    0.1215000000E+03    0.1810248651E-07
    0.1224000000E+03    0.1828354053E-07
    0.1233000000E+03    0.1847192596E-07
    0.1242000000E+03    0.1866708958E-07
    0.1251000000E+03    0.1886848428E-07
    0.1260000000E+03    0.1907557104E-07
    0.1269000000E+03    0.1928782056E-07
    0.1278000000E+03    0.1950471461E-07
    0.1287000000E+03    0.1972574714E-07
    0.1296000000E+03    0.1995042512E-07
    0.1305000000E+03    0.2017826926E-07
    0.1314000000E+03    0.2040881441E-07
    0.1323000000E+03    0.2064160989E-07
    0.1332000000E+03    0.2087621968E-07
    0.1341000000E+03    0.2111222243E-07
    0.1350000000E+03    0.2134921140E-07
    0.1359000000E+03    0.2158679437E-07
    0.1368000000E+03    0.2182459336E-07
    0.1377000000E+03    0.2206224442E-07
    0.1386000000E+03    0.2229939728E-07
    0.1395000000E+03    0.2253571505E-07
    0.1404000000E+03    0.2277087384E-07
    0.1413000000E+03    0.2300456237E-07
    0.1422000000E+03    0.2323648158E-07
    0.1431000000E+03    0.2346634427E-07
    0.1440000000E+03    0.2369387467E-07
    0.1449000000E+03    0.2391880808E-07
    0.1458000000E+03    0.2414089049E-07
    0.1467000000E+03    0.2435987818E-07
    0.1476000000E+03    0.2457553739E-07
    0.1485000000E+03    0.2478764398E-07
    0.1494000000E+03    0.2499598306E-07
    0.1503000000E+03    0.2520034873E-07
    0.1512000000E+03    0.2540054371E-07
    0.1521000000E+03    0.2559637910E-07
    0.1530000000E+03    0.2578767411E-07
    0.1539000000E+03    0.2597425577E-07
    0.1548000000E+03    0.2615595869E-07
    0.1557000000E+03    0.2633262487E-07
    0.1566000000E+03    0.2650410343E-07
    0.1575000000E+03    0.2667025045E-07
    0.1584000000E+03    0.2683092876E-07
    0.1593000000E+03    0.2698600777E-07
    0.1602000000E+03    0.2713536330E-07
    0.1611000000E+03    0.2727887742E-07
    0.1620000000E+03    0.2741643831E-07
    0.1629000000E+03    0.2754794014E-07
    0.1638000000E+03    0.2767328294E-07
    0.1647000000E+03    0.2779237247E-07
    0.1656000000E+03    0.2790512012E-07
    0.1665000000E+03    0.2801144282E-07
    0.1674000000E+03    0.2811126296E-07
    0.1683000000E+03    0.2820450827E-07
    0.1692000000E+03    0.2829111179E-07
    0.1701000000E+03    0.2837101177E-07
    0.1710000000E+03    0.2844415161E-07
    0.1719000000E+03    0.2851047983E-07
    0.1728000000E+03    0.2856994997E-07
    0.1737000000E+03    0.2862252062E-07
    0.1746000000E+03    0.2866815529E-07
    0.1755000000E+03    0.2870682245E-07
    0.1764000000E+03    0.2873849545E-07
    0.1773000000E+03    0.2876315253E-07
    0.1782000000E+03    0.2878077680E-07
    0.1791000000E+03    0.2879135618E-07
    0.1800000000E+03    0.2879488345E-07
    0.1809000000E+03    0.2879135618E-07
    0.1818000000E+03    0.2878077680E-07
    0.1827000000E+03    0.2876315253E-07
    0.1836000000E+03    0.2873849545E-07
    0.1845000000E+03    0.2870682245E-07
    0.1854000000E+03    0.2866815529E-07
    0.1863000000E+03    0.2862252062E-07
    0.1872000000E+03    0.2856994997E-07
    0.1881000000E+03    0.2851047983E-07
    0.1890000000E+03    0.2844415161E-07
    0.1899000000E+03    0.2837101177E-07
    0.1908000000E+03    0.2829111179E-07
    0.1917000000E+03    0.2820450827E-07
    0.1926000000E+03    0.2811126296E-07
    0.1935000000E+03    0.2801144282E-07
    0.1944000000E+03    0.2790512012E-07
    0.1953000000E+03    0.2779237247E-07
    0.1962000000E+03    0.2767328294E-07
    0.1971000000E+03    0.2754794014E-07
    0.1980000000E+03    0.2741643831E-07
    0.1989000000E+03    0.2727887742E-07
    0.1998000000E+03    0.2713536330E-07
    0.2007000000E+03    0.2698600777E-07
    0.2016000000E+03    0.2683092876E-07
    0.2025000000E+03    0.2667025045E-07
    0.2034000000E+03    0.2650410343E-07
    0.2043000000E+03    0.2633262487E-07
    0.2052000000E+03    0.2615595869E-07
    0.2061000000E+03    0.2597425577E-07
    0.2070000000E+03    0.2578767411E-07
    0.2079000000E+03    0.2559637910E-07
    0.2088000000E+03    0.2540054371E-07
    0.2097000000E+03    0.2520034873E-07
    0.2106000000E+03    0.2499598306E-07
    0.2115000000E+03    0.2478764398E-07
    0.2124000000E+03    0.2457553739E-07
    0.2133000000E+03    0.2435987818E-07
    0.2142000000E+03    0.2414089049E-07
    0.2151000000E+03    0.2391880808E-07
    0.2160000000E+03    0.2369387467E-07
    0.2169000000E+03    0.2346634427E-07
    0.2178000000E+03    0.2323648158E-07
    0.2187000000E+03    0.2300456237E-07
    0.2196000000E+03    0.2277087384E-07
    0.2205000000E+03    0.2253571505E-07
    0.2214000000E+03    0.2229939728E-07
    0.2223000000E+03    0.2206224442E-07
    0.2232000000E+03    0.2182459336E-07
    0.2241000000E+03    0.2158679437E-07
    0.2250000000E+03    0.2134921140E-07
    0.2259000000E+03    0.2111222243E-07
    0.2268000000E+03    0.2087621968E-07
    0.2277000000E+03    0.2064160989E-07
    0.2286000000E+03    0.2040881441E-07
    0.2295000000E+03    0.2017826926E-07
    0.2304000000E+03    0.1995042512E-07
    0.2313000000E+03    0.1972574714E-07
    0.2322000000E+03    0.1950471461E-07
    0.2331000000E+03    0.1928782056E-07
    0.2340000000E+03    0.1907557104E-07
    0.2349000000E+03    0.1886848428E-07
    0.2358000000E+03    0.1866708958E-07
    0.2367000000E+03    0.1847192596E-07
    0.2376000000E+03    0.1828354053E-07
    0.2385000000E+03    0.1810248651E-07
    0.2394000000E+03    0.1792932102E-07
    0.2403000000E+03    0.1776460247E-07
    0.2412000000E+03    0.1760888766E-07
    0.2421000000E+03    0.1746272859E-07
    0.2430000000E+03    0.1732666886E-07
    0.2439000000E+03    0.1720123996E-07
    0.2448000000E+03    0.1708695716E-07
    0.2457000000E+03    0.1698431532E-07
    0.2466000000E+03    0.1689378460E-07
    0.2475000000E+03    0.1681580605E-07
    0.2484000000E+03    0.1675078738E-07
    0.2493000000E+03    0.1669909874E-07
    0.2502000000E+03    0.1666106894E-07
    0.2511000000E+03    0.1663698184E-07
    0.2520000000E+03    0.1662707336E-07
    0.2529000000E+03    0.1663152892E-07
    0.2538000000E+03    0.1665048157E-07
    0.2547000000E+03    0.1668401078E-07
    0.2556000000E+03    0.1673214191E-07
    0.2565000000E+03    0.1679484647E-07
    0.2574000000E+03    0.1687204304E-07
    0.2583000000E+03    0.1696359887E-07
    0.2592000000E+03    0.1706933216E-07
    0.2601000000E+03    0.1718901482E-07
    0.2610000000E+03    0.1732237573E-07
    0.2619000000E+03    0.1746910442E-07
    0.2628000000E+03    0.1762885489E-07
    0.2637000000E+03    0.1780124977E-07
    0.2646000000E+03    0.1798588441E-07
    0.2655000000E+03    0.1818233107E-07
    0.2664000000E+03    0.1839014294E-07
    0.2673000000E+03    0.1860885806E-07
    0.2682000000E+03    0.1883800301E-07
    0.2691000000E+03    0.1907709636E-07
    0.2700000000E+03    0.1932565184E-07
    0.2709000000E+03    0.1958318119E-07
    0.2718000000E+03    0.1984919677E-07
    0.2727000000E+03    0.2012321379E-07
    0.2736000000E+03    0.2040475230E-07
    0.2745000000E+03    0.2069333890E-07
    0.2754000000E+03    0.2098850812E-07
    0.2763000000E+03    0.2128980364E-07
    0.2772000000E+03    0.2159677920E-07
    0.2781000000E+03    0.2190899939E-07
    0.2790000000E+03    0.2222604021E-07
    0.2799000000E+03    0.2254748945E-07
    0.2808000000E+03    0.2287294700E-07
    0.2817000000E+03    0.2320202496E-07
    0.2826000000E+03    0.2353434772E-07
    0.2835000000E+03    0.2386955190E-07
    0.2844000000E+03    0.2420728626E-07
    0.2853000000E+03    0.2454721149E-07
    0.2862000000E+03    0.2488900003E-07
    0.2871000000E+03    0.2523233581E-07
    0.2880000000E+03    0.2557691394E-07
    0.2889000000E+03    0.2592244043E-07
    0.2898000000E+03    0.2626863187E-07
    0.2907000000E+03    0.2661521508E-07
    0.2916000000E+03    0.2696192679E-07
    0.2925000000E+03    0.2730851331E-07
    0.2934000000E+03    0.2765473017E-07
    0.2943000000E+03    0.2800034183E-07
    0.2952000000E+03    0.2834512129E-07
    0.2961000000E+03    0.2868884986E-07
    0.2970000000E+03    0.2903131678E-07
    0.2979000000E+03    0.2937231895E-07
    0.2988000000E+03    0.2971166064E-07
    0.2997000000E+03    0.3004915320E-07
    0.3006000000E+03    0.3038461481E-07
    0.3015000000E+03    0.3071787022E-07
    0.3024000000E+03    0.3104875050E-07
    0.3033000000E+03    0.3137709279E-07
    0.3042000000E+03    0.3170274010E-07
    0.3051000000E+03    0.3202554107E-07
    0.3060000000E+03    0.3234534980E-07
    0.3069000000E+03    0.3266202560E-07
    0.3078000000E+03    0.3297543285E-07
    0.3087000000E+03    0.3328544081E-07
    0.3096000000E+03    0.3359192343E-07
    0.3105000000E+03    0.3389475921E-07
    0.3114000000E+03    0.3419383103E-07
    0.3123000000E+03    0.3448902599E-07
    0.3132000000E+03    0.3478023530E-07
    0.3141000000E+03    0.3506735412E-07
    0.3150000000E+03    0.3535028144E-07
    0.3159000000E+03    0.3562891996E-07
    0.3168000000E+03    0.3590317592E-07
    0.3177000000E+03    0.3617295908E-07
    0.3186000000E+03    0.3643818253E-07
    0.3195000000E+03    0.3669876261E-07
    0.3204000000E+03    0.3695461881E-07
    0.3213000000E+03    0.3720567368E-07
    0.3222000000E+03    0.3745185274E-07
    0.3231000000E+03    0.3769308435E-07
    0.3240000000E+03    0.3792929968E-07
    0.3249000000E+03    0.3816043257E-07
    0.3258000000E+03    0.3838641952E-07
    0.3267000000E+03    0.3860719952E-07
    0.3276000000E+03    0.3882271406E-07
    0.3285000000E+03    0.3903290702E-07
    0.3294000000E+03    0.3923772459E-07
    0.3303000000E+03    0.3943711522E-07
    0.3312000000E+03    0.3963102956E-07
    0.3321000000E+03    0.3981942038E-07
    0.3330000000E+03    0.4000224252E-07
    0.3339000000E+03    0.4017945284E-07
    0.3348000000E+03    0.4035101012E-07
    0.3357000000E+03    0.4051687508E-07
    0.3366000000E+03    0.4067701026E-07
    0.3375000000E+03    0.4083138001E-07
    0.3384000000E+03    0.4097995042E-07
    0.3393000000E+03    0.4112268928E-07
    0.3402000000E+03    0.4125956605E-07
    0.3411000000E+03    0.4139055180E-07
    0.3420000000E+03    0.4151561915E-07
    0.3429000000E+03    0.4163474229E-07
    0.3438000000E+03    0.4174789688E-07
    0.3447000000E+03    0.4185506006E-07
    0.3456000000E+03    0.4195621039E-07
    0.3465000000E+03    0.4205132782E-07
    0.3474000000E+03    0.4214039367E-07
    0.3483000000E+03    0.4222339060E-07
    0.3492000000E+03    0.4230030258E-07
    0.3501000000E+03    0.4237111487E-07
    0.3510000000E+03    0.4243581400E-07
    0.3519000000E+03    0.4249438771E-07
    0.3528000000E+03    0.4254682500E-07
    0.3537000000E+03    0.4259311607E-07
    0.3546000000E+03    0.4263325229E-07
    0.3555000000E+03    0.4266722623E-07
    0.3564000000E+03    0.4269503161E-07
    0.3573000000E+03    0.4271666331E-07
    0.3582000000E+03    0.4273211736E-07
    0.3591000000E+03    0.4274139092E-07
