    0.0000000000E+00    0.7159573410E-07
    0.9000000000E+00    0.7159939203E-07
    0.1800000000E+01    0.7161077271E-07
    0.2700000000E+01    0.7163109342E-07
    0.3600000000E+01    0.7166237177E-07
    0.4500000000E+01    0.7170740830E-07
    0.5400000000E+01    0.7176976134E-07
    0.6300000000E+01    0.7185371319E-07
    0.7200000000E+01    0.7196422666E-07
    0.8100000000E+01    0.7210689102E-07
    0.9000000000E+01    0.7228785643E-07
    0.9900000000E+01    0.7251375619E-07
    0.1080000000E+02    0.7279161639E-07
    0.1170000000E+02    0.7312875329E-07
    0.1260000000E+02    0.7353265903E-07
    0.1350000000E+02    0.7401087755E-07
    0.1440000000E+02    0.7457087294E-07
    0.1530000000E+02    0.7521989354E-07
    0.1620000000E+02    0.7596483572E-07
    0.1710000000E+02    0.7681211187E-07
    0.1800000000E+02    0.7776752706E-07
    0.1890000000E+02    0.7883616918E-07
    0.1980000000E+02    0.8002231635E-07
    0.2070000000E+02    0.8132936491E-07
    0.2160000000E+02    0.8275978011E-07
    0.2250000000E+02    0.8431507019E-07
    0.2340000000E+02    0.8599578355E-07
    0.2430000000E+02    0.8780152721E-07
    0.2520000000E+02    0.8973100409E-07
    0.2610000000E+02    0.9178206568E-07
    0.2700000000E+02    0.9395177657E-07
    0.2790000000E+02    0.9623648702E-07
    0.2880000000E+02    0.9863191008E-07
    0.2970000000E+02    0.1011332001E-06
    0.3060000000E+02    0.1037350300E-06
    0.3150000000E+02    0.1064316654E-06
    0.3240000000E+02    0.1092170337E-06
    0.3330000000E+02    0.1120847876E-06
    0.3420000000E+02    0.1150283622E-06
    0.3510000000E+02    0.1180410260E-06
    0.3600000000E+02    0.1211159251E-06
    0.3690000000E+02    0.1242461219E-06
    0.3780000000E+02    0.1274246281E-06
    0.3870000000E+02    0.1306444327E-06
    0.3960000000E+02    0.1338985257E-06
    0.4050000000E+02    0.1371799181E-06
    0.4140000000E+02    0.1404816582E-06
    0.4230000000E+02    0.1437968462E-06
    0.4320000000E+02    0.1471186450E-06
    0.4410000000E+02    0.1504402905E-06
    0.4500000000E+02    0.1537550994E-06
    0.4590000000E+02    0.1570564764E-06
    0.4680000000E+02    0.1603379198E-06
    0.4770000000E+02    0.1635930274E-06
    0.4860000000E+02    0.1668155004E-06
    0.4950000000E+02    0.1699991478E-06
    0.5040000000E+02    0.1731378905E-06
    0.5130000000E+02    0.1762257647E-06
    0.5220000000E+02    0.1792569255E-06
    0.5310000000E+02    0.1822256503E-06
    0.5400000000E+02    0.1851263419E-06
    0.5490000000E+02    0.1879535324E-06
    0.5580000000E+02    0.1907018859E-06
    0.5670000000E+02    0.1933662024E-06
    0.5760000000E+02    0.1959414211E-06
    0.5850000000E+02    0.1984226238E-06
    0.5940000000E+02    0.2008050385E-06
    0.6030000000E+02    0.2030840431E-06
    0.6120000000E+02    0.2052551692E-06
    0.6210000000E+02    0.2073141056E-06
    0.6300000000E+02    0.2092567024E-06
    0.6390000000E+02    0.2110789748E-06
    0.6480000000E+02    0.2127771071E-06
    0.6570000000E+02    0.2143474568E-06
    0.6660000000E+02    0.2157865590E-06
    0.6750000000E+02    0.2170911301E-06
    0.6840000000E+02    0.2182580727E-06
    0.6930000000E+02    0.2192844799E-06
    0.7020000000E+02    0.2201676397E-06
    0.7110000000E+02    0.2209050402E-06
    0.7200000000E+02    0.2214943737E-06
    0.7290000000E+02    0.2219335427E-06
    0.7380000000E+02    0.2222206645E-06
    0.7470000000E+02    0.2223540771E-06
    0.7560000000E+02    0.2223323447E-06
    0.7650000000E+02    0.2221542644E-06
    0.7740000000E+02    0.2218188720E-06
    0.7830000000E+02    0.2213254496E-06
    0.7920000000E+02    0.2206735327E-06
    0.8010000000E+02    0.2198629186E-06
    0.8100000000E+02    0.2188936749E-06
    0.8190000000E+02    0.2177661495E-06
    0.8280000000E+02    0.2164809806E-06
    0.8370000000E+02    0.2150391088E-06
    0.8460000000E+02    0.2134417898E-06
    0.8550000000E+02    0.2116906087E-06
    0.8640000000E+02    0.2097874960E-06
    0.8730000000E+02    0.2077347458E-06
    0.8820000000E+02    0.2055350353E-06
    0.8910000000E+02    0.2031914484E-06
    0.9000000000E+02    0.2007075009E-06
    0.9090000000E+02    0.1980871695E-06
    0.9180000000E+02    0.1953349254E-06
    0.9270000000E+02    0.1924557714E-06
    0.9360000000E+02    0.1894552846E-06
    0.9450000000E+02    0.1863396655E-06
    0.9540000000E+02    0.1831157926E-06
    0.9630000000E+02    0.1797912856E-06
    0.9720000000E+02    0.1763745769E-06
    0.9810000000E+02    0.1728749918E-06
    0.9900000000E+02    0.1693028399E-06
    0.9990000000E+02    0.1656695172E-06
    0.1008000000E+03    0.1619876197E-06
    0.1017000000E+03    0.1582710691E-06
    0.1026000000E+03    0.1545352494E-06
    0.1035000000E+03    0.1507971535E-06
    0.1044000000E+03    0.1470755354E-06
    0.1053000000E+03    0.1433910642E-06
    0.1062000000E+03    0.1397664700E-06
    0.1071000000E+03    0.1362266699E-06
    0.1080000000E+03    0.1327988570E-06
    0.1089000000E+03    0.1295125289E-06
    0.1098000000E+03    0.1263994273E-06
    0.1107000000E+03    0.1234933526E-06
    0.1116000000E+03    0.1208298189E-06
    0.1125000000E+03    0.1184455100E-06
    0.1134000000E+03    0.1163775133E-06
    0.1143000000E+03    0.1146623221E-06
    0.1152000000E+03    0.1133346308E-06
    0.1161000000E+03    0.1124259856E-06
    0.1170000000E+03    0.1119633964E-06
    0.1179000000E+03    0.1119680480E-06
    0.1188000000E+03    0.1124542617E-06
    0.1197000000E+03    0.1134288433E-06
    0.1206000000E+03    0.1148909022E-06
    0.1215000000E+03    0.1168321589E-06
    0.1224000000E+03    0.1192376858E-06
    0.1233000000E+03    0.1220869684E-06
    0.1242000000E+03    0.1253551445E-06
    0.1251000000E+03    0.1290142815E-06
    0.1260000000E+03    0.1330345746E-06
    0.1269000000E+03    0.1373853903E-06
    0.1278000000E+03    0.1420361125E-06
    0.1287000000E+03    0.1469567850E-06
    0.1296000000E+03    0.1521185659E-06
    0.1305000000E+03    0.1574940183E-06
    0.1314000000E+03    0.1630572732E-06
    0.1323000000E+03    0.1687840916E-06
    0.1332000000E+03    0.1746518577E-06
    0.1341000000E+03    0.1806395232E-06
    0.1350000000E+03    0.1867275218E-06
    0.1359000000E+03    0.1928976673E-06
    0.1368000000E+03    0.1991330445E-06
    0.1377000000E+03    0.2054178994E-06
    0.1386000000E+03    0.2117375336E-06
    0.1395000000E+03    0.2180782048E-06
    0.1404000000E+03    0.2244270349E-06
    0.1413000000E+03    0.2307719269E-06
    0.1422000000E+03    0.2371014896E-06
    0.1431000000E+03    0.2434049709E-06
    0.1440000000E+03    0.2496721985E-06
    0.1449000000E+03    0.2558935276E-06
    0.1458000000E+03    0.2620597949E-06
    0.1467000000E+03    0.2681622783E-06
    0.1476000000E+03    0.2741926619E-06
    0.1485000000E+03    0.2801430052E-06
    0.1494000000E+03    0.2860057166E-06
    0.1503000000E+03    0.2917735302E-06
    0.1512000000E+03    0.2974394858E-06
    0.1521000000E+03    0.3029969115E-06
    0.1530000000E+03    0.3084394086E-06
    0.1539000000E+03    0.3137608391E-06
    0.1548000000E+03    0.3189553138E-06
    0.1557000000E+03    0.3240171836E-06
    0.1566000000E+03    0.3289410308E-06
    0.1575000000E+03    0.3337216622E-06
    0.1584000000E+03    0.3383541032E-06
    0.1593000000E+03    0.3428335926E-06
    0.1602000000E+03    0.3471555788E-06
    0.1611000000E+03    0.3513157154E-06
    0.1620000000E+03    0.3553098590E-06
    0.1629000000E+03    0.3591340661E-06
    0.1638000000E+03    0.3627845916E-06
    0.1647000000E+03    0.3662578866E-06
    0.1656000000E+03    0.3695505972E-06
    0.1665000000E+03    0.3726595638E-06
    0.1674000000E+03    0.3755818195E-06
    0.1683000000E+03    0.3783145902E-06
    0.1692000000E+03    0.3808552937E-06
    0.1701000000E+03    0.3832015393E-06
    0.1710000000E+03    0.3853511277E-06
    0.1719000000E+03    0.3873020511E-06
    0.1728000000E+03    0.3890524924E-06
    0.1737000000E+03    0.3906008260E-06
    0.1746000000E+03    0.3919456171E-06
    0.1755000000E+03    0.3930856222E-06
    0.1764000000E+03    0.3940197889E-06
    0.1773000000E+03    0.3947472562E-06
    0.1782000000E+03    0.3952673541E-06
    0.1791000000E+03    0.3955796043E-06
    0.1800000000E+03    0.3956837196E-06
    0.1809000000E+03    0.3955796043E-06
    0.1818000000E+03    0.3952673541E-06
    0.1827000000E+03    0.3947472562E-06
    0.1836000000E+03    0.3940197889E-06
    0.1845000000E+03    0.3930856222E-06
    0.1854000000E+03    0.3919456171E-06
    0.1863000000E+03    0.3906008260E-06
    0.1872000000E+03    0.3890524924E-06
    0.1881000000E+03    0.3873020511E-06
    0.1890000000E+03    0.3853511277E-06
    0.1899000000E+03    0.3832015393E-06
    0.1908000000E+03    0.3808552937E-06
    0.1917000000E+03    0.3783145902E-06
    0.1926000000E+03    0.3755818195E-06
    0.1935000000E+03    0.3726595638E-06
    0.1944000000E+03    0.3695505972E-06
    0.1953000000E+03    0.3662578866E-06
    0.1962000000E+03    0.3627845916E-06
    0.1971000000E+03    0.3591340661E-06
    0.1980000000E+03    0.3553098590E-06
    0.1989000000E+03    0.3513157154E-06
    0.1998000000E+03    0.3471555788E-06
    0.2007000000E+03    0.3428335926E-06
    0.2016000000E+03    0.3383541032E-06
    0.2025000000E+03    0.3337216622E-06
    0.2034000000E+03    0.3289410308E-06
    0.2043000000E+03    0.3240171836E-06
    0.2052000000E+03    0.3189553138E-06
    0.2061000000E+03    0.3137608391E-06
    0.2070000000E+03    0.3084394086E-06
    0.2079000000E+03    0.3029969115E-06
    0.2088000000E+03    0.2974394858E-06
    0.2097000000E+03    0.2917735302E-06
    0.2106000000E+03    0.2860057166E-06
    0.2115000000E+03    0.2801430052E-06
    0.2124000000E+03    0.2741926619E-06
    0.2133000000E+03    0.2681622783E-06
    0.2142000000E+03    0.2620597949E-06
    0.2151000000E+03    0.2558935276E-06
    0.2160000000E+03    0.2496721985E-06
    0.2169000000E+03    0.2434049709E-06
    0.2178000000E+03    0.2371014896E-06
    0.2187000000E+03    0.2307719269E-06
    0.2196000000E+03    0.2244270349E-06
    0.2205000000E+03    0.2180782048E-06
    0.2214000000E+03    0.2117375336E-06
    0.2223000000E+03    0.2054178994E-06
    0.2232000000E+03    0.1991330445E-06
    0.2241000000E+03    0.1928976673E-06
    0.2250000000E+03    0.1867275218E-06
    0.2259000000E+03    0.1806395232E-06
    0.2268000000E+03    0.1746518577E-06
    0.2277000000E+03    0.1687840916E-06
    0.2286000000E+03    0.1630572732E-06
    0.2295000000E+03    0.1574940183E-06
    0.2304000000E+03    0.1521185659E-06
    0.2313000000E+03    0.1469567850E-06
    0.2322000000E+03    0.1420361125E-06
    0.2331000000E+03    0.1373853903E-06
    0.2340000000E+03    0.1330345746E-06
    0.2349000000E+03    0.1290142815E-06
    0.2358000000E+03    0.1253551445E-06
    0.2367000000E+03    0.1220869684E-06
    0.2376000000E+03    0.1192376858E-06
    0.2385000000E+03    0.1168321589E-06
    0.2394000000E+03    0.1148909022E-06
    0.2403000000E+03    0.1134288433E-06
    0.2412000000E+03    0.1124542617E-06
    0.2421000000E+03    0.1119680480E-06
    0.2430000000E+03    0.1119633964E-06
    0.2439000000E+03    0.1124259856E-06
    0.2448000000E+03    0.1133346308E-06
    0.2457000000E+03    0.1146623221E-06
    0.2466000000E+03    0.1163775133E-06
    0.2475000000E+03    0.1184455100E-06
    0.2484000000E+03    0.1208298189E-06
    0.2493000000E+03    0.1234933526E-06
    0.2502000000E+03    0.1263994273E-06
    0.2511000000E+03    0.1295125289E-06
    0.2520000000E+03    0.1327988570E-06
    0.2529000000E+03    0.1362266699E-06
    0.2538000000E+03    0.1397664700E-06
    0.2547000000E+03    0.1433910642E-06
    0.2556000000E+03    0.1470755354E-06
    0.2565000000E+03    0.1507971535E-06
    0.2574000000E+03    0.1545352494E-06
    0.2583000000E+03    0.1582710691E-06
    0.2592000000E+03    0.1619876197E-06
    0.2601000000E+03    0.1656695172E-06
    0.2610000000E+03    0.1693028399E-06
    0.2619000000E+03    0.1728749918E-06
    0.2628000000E+03    0.1763745769E-06
    0.2637000000E+03    0.1797912856E-06
    0.2646000000E+03    0.1831157926E-06
    0.2655000000E+03    0.1863396655E-06
    0.2664000000E+03    0.1894552846E-06
    0.2673000000E+03    0.1924557714E-06
    0.2682000000E+03    0.1953349254E-06
    0.2691000000E+03    0.1980871695E-06
    0.2700000000E+03    0.2007075009E-06
    0.2709000000E+03    0.2031914484E-06
    0.2718000000E+03    0.2055350353E-06
    0.2727000000E+03    0.2077347458E-06
    0.2736000000E+03    0.2097874960E-06
    0.2745000000E+03    0.2116906087E-06
    0.2754000000E+03    0.2134417898E-06
    0.2763000000E+03    0.2150391088E-06
    0.2772000000E+03    0.2164809806E-06
    0.2781000000E+03    0.2177661495E-06
    0.2790000000E+03    0.2188936749E-06
    0.2799000000E+03    0.2198629186E-06
    0.2808000000E+03    0.2206735327E-06
    0.2817000000E+03    0.2213254496E-06
    0.2826000000E+03    0.2218188720E-06
    0.2835000000E+03    0.2221542644E-06
    0.2844000000E+03    0.2223323447E-06
    0.2853000000E+03    0.2223540771E-06
    0.2862000000E+03    0.2222206645E-06
    0.2871000000E+03    0.2219335427E-06
    0.2880000000E+03    0.2214943737E-06
    0.2889000000E+03    0.2209050402E-06
    0.2898000000E+03    0.2201676397E-06
    0.2907000000E+03    0.2192844799E-06
    0.2916000000E+03    0.2182580727E-06
    0.2925000000E+03    0.2170911301E-06
    0.2934000000E+03    0.2157865590E-06
    0.2943000000E+03    0.2143474568E-06
    0.2952000000E+03    0.2127771071E-06
    0.2961000000E+03    0.2110789748E-06
    0.2970000000E+03    0.2092567024E-06
    0.2979000000E+03    0.2073141056E-06
    0.2988000000E+03    0.2052551692E-06
    0.2997000000E+03    0.2030840431E-06
    0.3006000000E+03    0.2008050385E-06
    0.3015000000E+03    0.1984226238E-06
    0.3024000000E+03    0.1959414211E-06
    0.3033000000E+03    0.1933662024E-06
    0.3042000000E+03    0.1907018859E-06
    0.3051000000E+03    0.1879535324E-06
    0.3060000000E+03    0.1851263419E-06
    0.3069000000E+03    0.1822256503E-06
    0.3078000000E+03    0.1792569255E-06
    0.3087000000E+03    0.1762257647E-06
    0.3096000000E+03    0.1731378905E-06
    0.3105000000E+03    0.1699991478E-06
    0.3114000000E+03    0.1668155004E-06
    0.3123000000E+03    0.1635930274E-06
    0.3132000000E+03    0.1603379198E-06
    0.3141000000E+03    0.1570564764E-06
    0.3150000000E+03    0.1537550994E-06
    0.3159000000E+03    0.1504402905E-06
    0.3168000000E+03    0.1471186450E-06
    0.3177000000E+03    0.1437968462E-06
    0.3186000000E+03    0.1404816582E-06
    0.3195000000E+03    0.1371799181E-06
    0.3204000000E+03    0.1338985257E-06
    0.3213000000E+03    0.1306444327E-06
    0.3222000000E+03    0.1274246281E-06
    0.3231000000E+03    0.1242461219E-06
    0.3240000000E+03    0.1211159251E-06
    0.3249000000E+03    0.1180410260E-06
    0.3258000000E+03    0.1150283622E-06
    0.3267000000E+03    0.1120847876E-06
    0.3276000000E+03    0.1092170337E-06
    0.3285000000E+03    0.1064316654E-06
    0.3294000000E+03    0.1037350300E-06
    0.3303000000E+03    0.1011332001E-06
    0.3312000000E+03    0.9863191008E-07
    0.3321000000E+03    0.9623648702E-07
    0.3330000000E+03    0.9395177657E-07
    0.3339000000E+03    0.9178206568E-07
    0.3348000000E+03    0.8973100409E-07
    0.3357000000E+03    0.8780152721E-07
    0.3366000000E+03    0.8599578355E-07
    0.3375000000E+03    0.8431507019E-07
    0.3384000000E+03    0.8275978011E-07
    0.3393000000E+03    0.8132936491E-07
    0.3402000000E+03    0.8002231635E-07
    0.3411000000E+03    0.7883616918E-07
    0.3420000000E+03    0.7776752706E-07
    0.3429000000E+03    0.7681211187E-07
    0.3438000000E+03    0.7596483572E-07
    0.3447000000E+03    0.7521989354E-07
    0.3456000000E+03    0.7457087294E-07
    0.3465000000E+03    0.7401087755E-07
    0.3474000000E+03    0.7353265903E-07
    0.3483000000E+03    0.7312875329E-07
    0.3492000000E+03    0.7279161639E-07
    0.3501000000E+03    0.7251375619E-07
    0.3510000000E+03    0.7228785643E-07
    0.3519000000E+03    0.7210689102E-07
    0.3528000000E+03    0.7196422666E-07
    0.3537000000E+03    0.7185371319E-07
    0.3546000000E+03    0.7176976134E-07
    0.3555000000E+03    0.7170740830E-07
    0.3564000000E+03    0.7166237177E-07
    0.3573000000E+03    0.7163109342E-07
    0.3582000000E+03    0.7161077271E-07
    0.3591000000E+03    0.7159939203E-07
