    0.0000000000E+00    0.6742064090E-06
    0.9000000000E+00    0.6740436744E-06
    0.1800000000E+01    0.6735555776E-06
    0.2700000000E+01    0.6727424399E-06
    0.3600000000E+01    0.6716047966E-06
    0.4500000000E+01    0.6701433963E-06
    0.5400000000E+01    0.6683592005E-06
    0.6300000000E+01    0.6662533831E-06
    0.7200000000E+01    0.6638273289E-06
    0.8100000000E+01    0.6610826331E-06
    0.9000000000E+01    0.6580210998E-06
    0.9900000000E+01    0.6546447406E-06
    0.1080000000E+02    0.6509557729E-06
    0.1170000000E+02    0.6469566186E-06
    0.1260000000E+02    0.6426499019E-06
    0.1350000000E+02    0.6380384474E-06
    0.1440000000E+02    0.6331252780E-06
    0.1530000000E+02    0.6279136125E-06
    0.1620000000E+02    0.6224068632E-06
    0.1710000000E+02    0.6166086336E-06
    0.1800000000E+02    0.6105227154E-06
    0.1890000000E+02    0.6041530858E-06
    0.1980000000E+02    0.5975039046E-06
    0.2070000000E+02    0.5905795113E-06
    0.2160000000E+02    0.5833844220E-06
    0.2250000000E+02    0.5759233259E-06
    0.2340000000E+02    0.5682010825E-06
    0.2430000000E+02    0.5602227178E-06
    0.2520000000E+02    0.5519934213E-06
    0.2610000000E+02    0.5435185424E-06
    0.2700000000E+02    0.5348035867E-06
    0.2790000000E+02    0.5258542130E-06
    0.2880000000E+02    0.5166762296E-06
    0.2970000000E+02    0.5072755908E-06
    0.3060000000E+02    0.4976583936E-06
    0.3150000000E+02    0.4878308746E-06
    0.3240000000E+02    0.4777994063E-06
    0.3330000000E+02    0.4675704950E-06
    0.3420000000E+02    0.4571507773E-06
    0.3510000000E+02    0.4465470178E-06
    0.3600000000E+02    0.4357661074E-06
    0.3690000000E+02    0.4248150609E-06
    0.3780000000E+02    0.4137010166E-06
    0.3870000000E+02    0.4024312357E-06
    0.3960000000E+02    0.3910131024E-06
    0.4050000000E+02    0.3794541262E-06
    0.4140000000E+02    0.3677619441E-06
    0.4230000000E+02    0.3559443261E-06
    0.4320000000E+02    0.3440091813E-06
    0.4410000000E+02    0.3319645683E-06
    0.4500000000E+02    0.3198187076E-06
    0.4590000000E+02    0.3075800003E-06
    0.4680000000E+02    0.2952570512E-06
    0.4770000000E+02    0.2828587004E-06
    0.4860000000E+02    0.2703940658E-06
    0.4950000000E+02    0.2578725977E-06
    0.5040000000E+02    0.2453041545E-06
    0.5130000000E+02    0.2326991015E-06
    0.5220000000E+02    0.2200684480E-06
    0.5310000000E+02    0.2074240325E-06
    0.5400000000E+02    0.1947787819E-06
    0.5490000000E+02    0.1821470766E-06
    0.5580000000E+02    0.1695452723E-06
    0.5670000000E+02    0.1569924644E-06
    0.5760000000E+02    0.1445116269E-06
    0.5850000000E+02    0.1321313527E-06
    0.5940000000E+02    0.1198885811E-06
    0.6030000000E+02    0.1078329939E-06
    0.6120000000E+02    0.9603430445E-07
    0.6210000000E+02    0.8459467659E-07
    0.6300000000E+02    0.7367029522E-07
    0.6390000000E+02    0.6350872020E-07
    0.6480000000E+02    0.5450952522E-07
    0.6570000000E+02    0.4730008686E-07
    0.6660000000E+02    0.4274223864E-07
    0.6750000000E+02    0.4165262194E-07
    0.6840000000E+02    0.4422255843E-07
    0.6930000000E+02    0.4982543864E-07
    0.7020000000E+02    0.5752184035E-07
    0.7110000000E+02    0.6653295666E-07
    0.7200000000E+02    0.7634191873E-07
    0.7290000000E+02    0.8662858719E-07
    0.7380000000E+02    0.9719470901E-07
    0.7470000000E+02    0.1079140521E-06
    0.7560000000E+02    0.1187031703E-06
    0.7650000000E+02    0.1295046777E-06
    0.7740000000E+02    0.1402775655E-06
    0.7830000000E+02    0.1509914551E-06
    0.7920000000E+02    0.1616230880E-06
    0.8010000000E+02    0.1721541196E-06
    0.8100000000E+02    0.1825696933E-06
    0.8190000000E+02    0.1928574970E-06
    0.8280000000E+02    0.2030071233E-06
    0.8370000000E+02    0.2130096265E-06
    0.8460000000E+02    0.2228572107E-06
    0.8550000000E+02    0.2325430067E-06
    0.8640000000E+02    0.2420609088E-06
    0.8730000000E+02    0.2514054548E-06
    0.8820000000E+02    0.2605717367E-06
    0.8910000000E+02    0.2695553329E-06
    0.9000000000E+02    0.2783522567E-06
    0.9090000000E+02    0.2869589162E-06
    0.9180000000E+02    0.2953720841E-06
    0.9270000000E+02    0.3035888728E-06
    0.9360000000E+02    0.3116067162E-06
    0.9450000000E+02    0.3194233535E-06
    0.9540000000E+02    0.3270368178E-06
    0.9630000000E+02    0.3344454257E-06
    0.9720000000E+02    0.3416477693E-06
    0.9810000000E+02    0.3486427093E-06
    0.9900000000E+02    0.3554293692E-06
    0.9990000000E+02    0.3620071302E-06
    0.1008000000E+03    0.3683756271E-06
    0.1017000000E+03    0.3745347438E-06
    0.1026000000E+03    0.3804846096E-06
    0.1035000000E+03    0.3862255961E-06
    0.1044000000E+03    0.3917583131E-06
    0.1053000000E+03    0.3970836055E-06
    0.1062000000E+03    0.4022025497E-06
    0.1071000000E+03    0.4071164497E-06
    0.1080000000E+03    0.4118268338E-06
    0.1089000000E+03    0.4163354503E-06
    0.1098000000E+03    0.4206442635E-06
    0.1107000000E+03    0.4247554491E-06
    0.1116000000E+03    0.4286713900E-06
    0.1125000000E+03    0.4323946708E-06
    0.1134000000E+03    0.4359280731E-06
    0.1143000000E+03    0.4392745693E-06
    0.1152000000E+03    0.4424373177E-06
    0.1161000000E+03    0.4454196552E-06
    0.1170000000E+03    0.4482250917E-06
    0.1179000000E+03    0.4508573026E-06
    0.1188000000E+03    0.4533201219E-06
    0.1197000000E+03    0.4556175344E-06
    0.1206000000E+03    0.4577536681E-06
    0.1215000000E+03    0.4597327856E-06
    0.1224000000E+03    0.4615592754E-06
    0.1233000000E+03    0.4632376434E-06
    0.1242000000E+03    0.4647725032E-06
    0.1251000000E+03    0.4661685668E-06
    0.1260000000E+03    0.4674306344E-06
    0.1269000000E+03    0.4685635846E-06
    0.1278000000E+03    0.4695723635E-06
    0.1287000000E+03    0.4704619745E-06
    0.1296000000E+03    0.4712374672E-06
    0.1305000000E+03    0.4719039264E-06
    0.1314000000E+03    0.4724664605E-06
    0.1323000000E+03    0.4729301909E-06
    0.1332000000E+03    0.4733002400E-06
    0.1341000000E+03    0.4735817197E-06
    0.1350000000E+03    0.4737797206E-06
    0.1359000000E+03    0.4738992997E-06
    0.1368000000E+03    0.4739454699E-06
    0.1377000000E+03    0.4739231881E-06
    0.1386000000E+03    0.4738373450E-06
    0.1395000000E+03    0.4736927538E-06
    0.1404000000E+03    0.4734941401E-06
    0.1413000000E+03    0.4732461316E-06
    0.1422000000E+03    0.4729532489E-06
    0.1431000000E+03    0.4726198960E-06
    0.1440000000E+03    0.4722503519E-06
    0.1449000000E+03    0.4718487625E-06
    0.1458000000E+03    0.4714191331E-06
    0.1467000000E+03    0.4709653220E-06
    0.1476000000E+03    0.4704910342E-06
    0.1485000000E+03    0.4699998164E-06
    0.1494000000E+03    0.4694950526E-06
    0.1503000000E+03    0.4689799603E-06
    0.1512000000E+03    0.4684575880E-06
    0.1521000000E+03    0.4679308135E-06
    0.1530000000E+03    0.4674023423E-06
    0.1539000000E+03    0.4668747084E-06
    0.1548000000E+03    0.4663502744E-06
    0.1557000000E+03    0.4658312335E-06
    0.1566000000E+03    0.4653196121E-06
    0.1575000000E+03    0.4648172728E-06
    0.1584000000E+03    0.4643259188E-06
    0.1593000000E+03    0.4638470989E-06
    0.1602000000E+03    0.4633822125E-06
    0.1611000000E+03    0.4629325165E-06
    0.1620000000E+03    0.4624991315E-06
    0.1629000000E+03    0.4620830493E-06
    0.1638000000E+03    0.4616851405E-06
    0.1647000000E+03    0.4613061628E-06
    0.1656000000E+03    0.4609467686E-06
    0.1665000000E+03    0.4606075144E-06
    0.1674000000E+03    0.4602888685E-06
    0.1683000000E+03    0.4599912203E-06
    0.1692000000E+03    0.4597148883E-06
    0.1701000000E+03    0.4594601286E-06
    0.1710000000E+03    0.4592271432E-06
    0.1719000000E+03    0.4590160874E-06
    0.1728000000E+03    0.4588270777E-06
    0.1737000000E+03    0.4586601981E-06
    0.1746000000E+03    0.4585155071E-06
    0.1755000000E+03    0.4583930429E-06
    0.1764000000E+03    0.4582928291E-06
    0.1773000000E+03    0.4582148787E-06
    0.1782000000E+03    0.4581591979E-06
    0.1791000000E+03    0.4581257891E-06
    0.1800000000E+03    0.4581146528E-06
    0.1809000000E+03    0.4581257891E-06
    0.1818000000E+03    0.4581591979E-06
    0.1827000000E+03    0.4582148787E-06
    0.1836000000E+03    0.4582928291E-06
    0.1845000000E+03    0.4583930429E-06
    0.1854000000E+03    0.4585155071E-06
    0.1863000000E+03    0.4586601981E-06
    0.1872000000E+03    0.4588270777E-06
    0.1881000000E+03    0.4590160874E-06
    0.1890000000E+03    0.4592271432E-06
    0.1899000000E+03    0.4594601286E-06
    0.1908000000E+03    0.4597148883E-06
    0.1917000000E+03    0.4599912203E-06
    0.1926000000E+03    0.4602888685E-06
    0.1935000000E+03    0.4606075144E-06
    0.1944000000E+03    0.4609467686E-06
    0.1953000000E+03    0.4613061628E-06
    0.1962000000E+03    0.4616851405E-06
    0.1971000000E+03    0.4620830493E-06
    0.1980000000E+03    0.4624991315E-06
    0.1989000000E+03    0.4629325165E-06
    0.1998000000E+03    0.4633822125E-06
    0.2007000000E+03    0.4638470989E-06
    0.2016000000E+03    0.4643259188E-06
    0.2025000000E+03    0.4648172728E-06
    0.2034000000E+03    0.4653196121E-06
    0.2043000000E+03    0.4658312335E-06
    0.2052000000E+03    0.4663502744E-06
    0.2061000000E+03    0.4668747084E-06
    0.2070000000E+03    0.4674023423E-06
    0.2079000000E+03    0.4679308135E-06
    0.2088000000E+03    0.4684575880E-06
    0.2097000000E+03    0.4689799603E-06
    0.2106000000E+03    0.4694950526E-06
    0.2115000000E+03    0.4699998164E-06
    0.2124000000E+03    0.4704910342E-06
    0.2133000000E+03    0.4709653220E-06
    0.2142000000E+03    0.4714191331E-06
    0.2151000000E+03    0.4718487625E-06
    0.2160000000E+03    0.4722503519E-06
    0.2169000000E+03    0.4726198960E-06
    0.2178000000E+03    0.4729532489E-06
    0.2187000000E+03    0.4732461316E-06
    0.2196000000E+03    0.4734941401E-06
    0.2205000000E+03    0.4736927538E-06
    0.2214000000E+03    0.4738373450E-06
    0.2223000000E+03    0.4739231881E-06
    0.2232000000E+03    0.4739454699E-06
    0.2241000000E+03    0.4738992997E-06
    0.2250000000E+03    0.4737797206E-06
    0.2259000000E+03    0.4735817197E-06
    0.2268000000E+03    0.4733002400E-06
    0.2277000000E+03    0.4729301909E-06
    0.2286000000E+03    0.4724664605E-06
    0.2295000000E+03    0.4719039264E-06
    0.2304000000E+03    0.4712374672E-06
    0.2313000000E+03    0.4704619745E-06
    0.2322000000E+03    0.4695723635E-06
    0.2331000000E+03    0.4685635846E-06
    0.2340000000E+03    0.4674306344E-06
    0.2349000000E+03    0.4661685668E-06
    0.2358000000E+03    0.4647725032E-06
    0.2367000000E+03    0.4632376434E-06
    0.2376000000E+03    0.4615592754E-06
    0.2385000000E+03    0.4597327856E-06
    0.2394000000E+03    0.4577536681E-06
    0.2403000000E+03    0.4556175344E-06
    0.2412000000E+03    0.4533201219E-06
    0.2421000000E+03    0.4508573026E-06
    0.2430000000E+03    0.4482250917E-06
    0.2439000000E+03    0.4454196552E-06
    0.2448000000E+03    0.4424373177E-06
    0.2457000000E+03    0.4392745693E-06
    0.2466000000E+03    0.4359280731E-06
    0.2475000000E+03    0.4323946708E-06
    0.2484000000E+03    0.4286713900E-06
    0.2493000000E+03    0.4247554491E-06
    0.2502000000E+03    0.4206442635E-06
    0.2511000000E+03    0.4163354503E-06
    0.2520000000E+03    0.4118268338E-06
    0.2529000000E+03    0.4071164497E-06
    0.2538000000E+03    0.4022025497E-06
    0.2547000000E+03    0.3970836055E-06
    0.2556000000E+03    0.3917583131E-06
    0.2565000000E+03    0.3862255961E-06
    0.2574000000E+03    0.3804846096E-06
    0.2583000000E+03    0.3745347438E-06
    0.2592000000E+03    0.3683756271E-06
    0.2601000000E+03    0.3620071302E-06
    0.2610000000E+03    0.3554293692E-06
    0.2619000000E+03    0.3486427093E-06
    0.2628000000E+03    0.3416477693E-06
    0.2637000000E+03    0.3344454257E-06
    0.2646000000E+03    0.3270368178E-06
    0.2655000000E+03    0.3194233535E-06
    0.2664000000E+03    0.3116067162E-06
    0.2673000000E+03    0.3035888728E-06
    0.2682000000E+03    0.2953720841E-06
    0.2691000000E+03    0.2869589162E-06
    0.2700000000E+03    0.2783522567E-06
    0.2709000000E+03    0.2695553329E-06
    0.2718000000E+03    0.2605717367E-06
    0.2727000000E+03    0.2514054548E-06
    0.2736000000E+03    0.2420609088E-06
    0.2745000000E+03    0.2325430067E-06
    0.2754000000E+03    0.2228572107E-06
    0.2763000000E+03    0.2130096265E-06
    0.2772000000E+03    0.2030071233E-06
    0.2781000000E+03    0.1928574970E-06
    0.2790000000E+03    0.1825696933E-06
    0.2799000000E+03    0.1721541196E-06
    0.2808000000E+03    0.1616230880E-06
    0.2817000000E+03    0.1509914551E-06
    0.2826000000E+03    0.1402775655E-06
    0.2835000000E+03    0.1295046777E-06
    0.2844000000E+03    0.1187031703E-06
    0.2853000000E+03    0.1079140521E-06
    0.2862000000E+03    0.9719470901E-07
    0.2871000000E+03    0.8662858719E-07
    0.2880000000E+03    0.7634191873E-07
    0.2889000000E+03    0.6653295666E-07
    0.2898000000E+03    0.5752184035E-07
    0.2907000000E+03    0.4982543864E-07
    0.2916000000E+03    0.4422255843E-07
    0.2925000000E+03    0.4165262194E-07
    0.2934000000E+03    0.4274223864E-07
    0.2943000000E+03    0.4730008686E-07
    0.2952000000E+03    0.5450952522E-07
    0.2961000000E+03    0.6350872020E-07
    0.2970000000E+03    0.7367029522E-07
    0.2979000000E+03    0.8459467659E-07
    0.2988000000E+03    0.9603430445E-07
    0.2997000000E+03    0.1078329939E-06
    0.3006000000E+03    0.1198885811E-06
    0.3015000000E+03    0.1321313527E-06
    0.3024000000E+03    0.1445116269E-06
    0.3033000000E+03    0.1569924644E-06
    0.3042000000E+03    0.1695452723E-06
    0.3051000000E+03    0.1821470766E-06
    0.3060000000E+03    0.1947787819E-06
    0.3069000000E+03    0.2074240325E-06
    0.3078000000E+03    0.2200684480E-06
    0.3087000000E+03    0.2326991015E-06
    0.3096000000E+03    0.2453041545E-06
    0.3105000000E+03    0.2578725977E-06
    0.3114000000E+03    0.2703940658E-06
    0.3123000000E+03    0.2828587004E-06
    0.3132000000E+03    0.2952570512E-06
    0.3141000000E+03    0.3075800003E-06
    0.3150000000E+03    0.3198187076E-06
    0.3159000000E+03    0.3319645683E-06
    0.3168000000E+03    0.3440091813E-06
    0.3177000000E+03    0.3559443261E-06
    0.3186000000E+03    0.3677619441E-06
    0.3195000000E+03    0.3794541262E-06
    0.3204000000E+03    0.3910131024E-06
    0.3213000000E+03    0.4024312357E-06
    0.3222000000E+03    0.4137010166E-06
    0.3231000000E+03    0.4248150609E-06
    0.3240000000E+03    0.4357661074E-06
    0.3249000000E+03    0.4465470178E-06
    0.3258000000E+03    0.4571507773E-06
    0.3267000000E+03    0.4675704950E-06
    0.3276000000E+03    0.4777994063E-06
    0.3285000000E+03    0.4878308746E-06
    0.3294000000E+03    0.4976583936E-06
    0.3303000000E+03    0.5072755908E-06
    0.3312000000E+03    0.5166762296E-06
    0.3321000000E+03    0.5258542130E-06
    0.3330000000E+03    0.5348035867E-06
    0.3339000000E+03    0.5435185424E-06
    0.3348000000E+03    0.5519934213E-06
    0.3357000000E+03    0.5602227178E-06
    0.3366000000E+03    0.5682010825E-06
    0.3375000000E+03    0.5759233259E-06
    0.3384000000E+03    0.5833844220E-06
    0.3393000000E+03    0.5905795113E-06
    0.3402000000E+03    0.5975039046E-06
    0.3411000000E+03    0.6041530858E-06
    0.3420000000E+03    0.6105227154E-06
    0.3429000000E+03    0.6166086336E-06
    0.3438000000E+03    0.6224068632E-06
    0.3447000000E+03    0.6279136125E-06
    0.3456000000E+03    0.6331252780E-06
    0.3465000000E+03    0.6380384474E-06
    0.3474000000E+03    0.6426499019E-06
    0.3483000000E+03    0.6469566186E-06
    0.3492000000E+03    0.6509557729E-06
    0.3501000000E+03    0.6546447406E-06
    0.3510000000E+03    0.6580210998E-06
    0.3519000000E+03    0.6610826331E-06
    0.3528000000E+03    0.6638273289E-06
    0.3537000000E+03    0.6662533831E-06
    0.3546000000E+03    0.6683592005E-06
    0.3555000000E+03    0.6701433963E-06
    0.3564000000E+03    0.6716047966E-06
    0.3573000000E+03    0.6727424399E-06
    0.3582000000E+03    0.6735555776E-06
    0.3591000000E+03    0.6740436744E-06
