    0.0000000000E+00    0.6536690636E-06
    0.9000000000E+00    0.6534959413E-06
    0.1800000000E+01    0.6529767239E-06
    0.2700000000E+01    0.6521118599E-06
    0.3600000000E+01    0.6509020963E-06
    0.4500000000E+01    0.6493484785E-06
    0.5400000000E+01    0.6474523494E-06
    0.6300000000E+01    0.6452153487E-06
    0.7200000000E+01    0.6426394116E-06
    0.8100000000E+01    0.6397267683E-06
    0.9000000000E+01    0.6364799420E-06
    0.9900000000E+01    0.6329017479E-06
    0.1080000000E+02    0.6289952916E-06
    0.1170000000E+02    0.6247639672E-06
    0.1260000000E+02    0.6202114558E-06
    0.1350000000E+02    0.6153417236E-06
    0.1440000000E+02    0.6101590197E-06
    0.1530000000E+02    0.6046678748E-06
    0.1620000000E+02    0.5988730987E-06
    0.1710000000E+02    0.5927797787E-06
    0.1800000000E+02    0.5863932779E-06
    0.1890000000E+02    0.5797192336E-06
    0.1980000000E+02    0.5727635553E-06
    0.2070000000E+02    0.5655324240E-06
    0.2160000000E+02    0.5580322912E-06
    0.2250000000E+02    0.5502698778E-06
    0.2340000000E+02    0.5422521748E-06
    0.2430000000E+02    0.5339864427E-06
    0.2520000000E+02    0.5254802136E-06
    0.2610000000E+02    0.5167412923E-06
    0.2700000000E+02    0.5077777597E-06
    0.2790000000E+02    0.4985979764E-06
    0.2880000000E+02    0.4892105880E-06
    0.2970000000E+02    0.4796245325E-06
    0.3060000000E+02    0.4698490481E-06
    0.3150000000E+02    0.4598936851E-06
    0.3240000000E+02    0.4497683188E-06
    0.3330000000E+02    0.4394831665E-06
    0.3420000000E+02    0.4290488072E-06
    0.3510000000E+02    0.4184762067E-06
    0.3600000000E+02    0.4077767466E-06
    0.3690000000E+02    0.3969622602E-06
    0.3780000000E+02    0.3860450751E-06
    0.3870000000E+02    0.3750380643E-06
    0.3960000000E+02    0.3639547076E-06
    0.4050000000E+02    0.3528091651E-06
    0.4140000000E+02    0.3416163647E-06
    0.4230000000E+02    0.3303921073E-06
    0.4320000000E+02    0.3191531925E-06
    0.4410000000E+02    0.3079175684E-06
    0.4500000000E+02    0.2967045117E-06
    0.4590000000E+02    0.2855348410E-06
    0.4680000000E+02    0.2744311723E-06
    0.4770000000E+02    0.2634182221E-06
    0.4860000000E+02    0.2525231645E-06
    0.4950000000E+02    0.2417760518E-06
    0.5040000000E+02    0.2312103015E-06
    0.5130000000E+02    0.2208632530E-06
    0.5220000000E+02    0.2107767883E-06
    0.5310000000E+02    0.2009980007E-06
    0.5400000000E+02    0.1915798708E-06
    0.5490000000E+02    0.1825818837E-06
    0.5580000000E+02    0.1740704700E-06
    0.5670000000E+02    0.1661190955E-06
    0.5760000000E+02    0.1588077548E-06
    0.5850000000E+02    0.1522215621E-06
    0.5940000000E+02    0.1464481129E-06
    0.6030000000E+02    0.1415733719E-06
    0.6120000000E+02    0.1376760797E-06
    0.6210000000E+02    0.1348210855E-06
    0.6300000000E+02    0.1330525288E-06
    0.6390000000E+02    0.1323882046E-06
    0.6480000000E+02    0.1328164781E-06
    0.6570000000E+02    0.1342966185E-06
    0.6660000000E+02    0.1367625307E-06
    0.6750000000E+02    0.1401289692E-06
    0.6840000000E+02    0.1442988175E-06
    0.6930000000E+02    0.1491700641E-06
    0.7020000000E+02    0.1546415360E-06
    0.7110000000E+02    0.1606169980E-06
    0.7200000000E+02    0.1670076603E-06
    0.7290000000E+02    0.1737333845E-06
    0.7380000000E+02    0.1807229508E-06
    0.7470000000E+02    0.1879137245E-06
    0.7560000000E+02    0.1952509859E-06
    0.7650000000E+02    0.2026871088E-06
    0.7740000000E+02    0.2101807069E-06
    0.7830000000E+02    0.2176958173E-06
    0.7920000000E+02    0.2252011556E-06
    0.8010000000E+02    0.2326694572E-06
    0.8100000000E+02    0.2400769074E-06
    0.8190000000E+02    0.2474026522E-06
    0.8280000000E+02    0.2546283851E-06
    0.8370000000E+02    0.2617379971E-06
    0.8460000000E+02    0.2687172834E-06
    0.8550000000E+02    0.2755536966E-06
    0.8640000000E+02    0.2822361393E-06
    0.8730000000E+02    0.2887547904E-06
    0.8820000000E+02    0.2951009582E-06
    0.8910000000E+02    0.3012669570E-06
    0.9000000000E+02    0.3072460024E-06
    0.9090000000E+02    0.3130321229E-06
    0.9180000000E+02    0.3186200842E-06
    0.9270000000E+02    0.3240053249E-06
    0.9360000000E+02    0.3291839015E-06
    0.9450000000E+02    0.3341524404E-06
    0.9540000000E+02    0.3389080972E-06
    0.9630000000E+02    0.3434485209E-06
    0.9720000000E+02    0.3477718226E-06
    0.9810000000E+02    0.3518765484E-06
    0.9900000000E+02    0.3557616553E-06
    0.9990000000E+02    0.3594264894E-06
    0.1008000000E+03    0.3628707675E-06
    0.1017000000E+03    0.3660945592E-06
    0.1026000000E+03    0.3690982718E-06
    0.1035000000E+03    0.3718826360E-06
    0.1044000000E+03    0.3744486929E-06
    0.1053000000E+03    0.3767977822E-06
    0.1062000000E+03    0.3789315308E-06
    0.1071000000E+03    0.3808518422E-06
    0.1080000000E+03    0.3825608871E-06
    0.1089000000E+03    0.3840610934E-06
    0.1098000000E+03    0.3853551376E-06
    0.1107000000E+03    0.3864459361E-06
    0.1116000000E+03    0.3873366363E-06
    0.1125000000E+03    0.3880306090E-06
    0.1134000000E+03    0.3885314402E-06
    0.1143000000E+03    0.3888429228E-06
    0.1152000000E+03    0.3889690491E-06
    0.1161000000E+03    0.3889140032E-06
    0.1170000000E+03    0.3886821526E-06
    0.1179000000E+03    0.3882780412E-06
    0.1188000000E+03    0.3877063810E-06
    0.1197000000E+03    0.3869720445E-06
    0.1206000000E+03    0.3860800569E-06
    0.1215000000E+03    0.3850355878E-06
    0.1224000000E+03    0.3838439438E-06
    0.1233000000E+03    0.3825105599E-06
    0.1242000000E+03    0.3810409914E-06
    0.1251000000E+03    0.3794409057E-06
    0.1260000000E+03    0.3777160738E-06
    0.1269000000E+03    0.3758723615E-06
    0.1278000000E+03    0.3739157212E-06
    0.1287000000E+03    0.3718521822E-06
    0.1296000000E+03    0.3696878427E-06
    0.1305000000E+03    0.3674288598E-06
    0.1314000000E+03    0.3650814407E-06
    0.1323000000E+03    0.3626518329E-06
    0.1332000000E+03    0.3601463148E-06
    0.1341000000E+03    0.3575711859E-06
    0.1350000000E+03    0.3549327570E-06
    0.1359000000E+03    0.3522373398E-06
    0.1368000000E+03    0.3494912371E-06
    0.1377000000E+03    0.3467007324E-06
    0.1386000000E+03    0.3438720793E-06
    0.1395000000E+03    0.3410114916E-06
    0.1404000000E+03    0.3381251319E-06
    0.1413000000E+03    0.3352191020E-06
    0.1422000000E+03    0.3322994316E-06
    0.1431000000E+03    0.3293720680E-06
    0.1440000000E+03    0.3264428658E-06
    0.1449000000E+03    0.3235175761E-06
    0.1458000000E+03    0.3206018369E-06
    0.1467000000E+03    0.3177011623E-06
    0.1476000000E+03    0.3148209336E-06
    0.1485000000E+03    0.3119663892E-06
    0.1494000000E+03    0.3091426158E-06
    0.1503000000E+03    0.3063545402E-06
    0.1512000000E+03    0.3036069204E-06
    0.1521000000E+03    0.3009043390E-06
    0.1530000000E+03    0.2982511961E-06
    0.1539000000E+03    0.2956517031E-06
    0.1548000000E+03    0.2931098777E-06
    0.1557000000E+03    0.2906295395E-06
    0.1566000000E+03    0.2882143069E-06
    0.1575000000E+03    0.2858675941E-06
    0.1584000000E+03    0.2835926104E-06
    0.1593000000E+03    0.2813923597E-06
    0.1602000000E+03    0.2792696412E-06
    0.1611000000E+03    0.2772270518E-06
    0.1620000000E+03    0.2752669887E-06
    0.1629000000E+03    0.2733916540E-06
    0.1638000000E+03    0.2716030599E-06
    0.1647000000E+03    0.2699030347E-06
    0.1656000000E+03    0.2682932300E-06
    0.1665000000E+03    0.2667751292E-06
    0.1674000000E+03    0.2653500556E-06
    0.1683000000E+03    0.2640191819E-06
    0.1692000000E+03    0.2627835404E-06
    0.1701000000E+03    0.2616440327E-06
    0.1710000000E+03    0.2606014399E-06
    0.1719000000E+03    0.2596564334E-06
    0.1728000000E+03    0.2588095846E-06
    0.1737000000E+03    0.2580613745E-06
    0.1746000000E+03    0.2574122036E-06
    0.1755000000E+03    0.2568623998E-06
    0.1764000000E+03    0.2564122266E-06
    0.1773000000E+03    0.2560618899E-06
    0.1782000000E+03    0.2558115434E-06
    0.1791000000E+03    0.2556612939E-06
    0.1800000000E+03    0.2556112038E-06
    0.1809000000E+03    0.2556612939E-06
    0.1818000000E+03    0.2558115434E-06
    0.1827000000E+03    0.2560618899E-06
    0.1836000000E+03    0.2564122266E-06
    0.1845000000E+03    0.2568623998E-06
    0.1854000000E+03    0.2574122036E-06
    0.1863000000E+03    0.2580613745E-06
    0.1872000000E+03    0.2588095846E-06
    0.1881000000E+03    0.2596564334E-06
    0.1890000000E+03    0.2606014399E-06
    0.1899000000E+03    0.2616440327E-06
    0.1908000000E+03    0.2627835404E-06
    0.1917000000E+03    0.2640191819E-06
    0.1926000000E+03    0.2653500556E-06
    0.1935000000E+03    0.2667751292E-06
    0.1944000000E+03    0.2682932300E-06
    0.1953000000E+03    0.2699030347E-06
    0.1962000000E+03    0.2716030599E-06
    0.1971000000E+03    0.2733916540E-06
    0.1980000000E+03    0.2752669887E-06
    0.1989000000E+03    0.2772270518E-06
    0.1998000000E+03    0.2792696412E-06
    0.2007000000E+03    0.2813923597E-06
    0.2016000000E+03    0.2835926104E-06
    0.2025000000E+03    0.2858675941E-06
    0.2034000000E+03    0.2882143069E-06
    0.2043000000E+03    0.2906295395E-06
    0.2052000000E+03    0.2931098777E-06
    0.2061000000E+03    0.2956517031E-06
    0.2070000000E+03    0.2982511961E-06
    0.2079000000E+03    0.3009043390E-06
    0.2088000000E+03    0.3036069204E-06
    0.2097000000E+03    0.3063545402E-06
    0.2106000000E+03    0.3091426158E-06
    0.2115000000E+03    0.3119663892E-06
    0.2124000000E+03    0.3148209336E-06
    0.2133000000E+03    0.3177011623E-06
    0.2142000000E+03    0.3206018369E-06
    0.2151000000E+03    0.3235175761E-06
    0.2160000000E+03    0.3264428658E-06
    0.2169000000E+03    0.3293720680E-06
    0.2178000000E+03    0.3322994316E-06
    0.2187000000E+03    0.3352191020E-06
    0.2196000000E+03    0.3381251319E-06
    0.2205000000E+03    0.3410114916E-06
    0.2214000000E+03    0.3438720793E-06
    0.2223000000E+03    0.3467007324E-06
    0.2232000000E+03    0.3494912371E-06
    0.2241000000E+03    0.3522373398E-06
    0.2250000000E+03    0.3549327570E-06
    0.2259000000E+03    0.3575711859E-06
    0.2268000000E+03    0.3601463148E-06
    0.2277000000E+03    0.3626518329E-06
    0.2286000000E+03    0.3650814407E-06
    0.2295000000E+03    0.3674288598E-06
    0.2304000000E+03    0.3696878427E-06
    0.2313000000E+03    0.3718521822E-06
    0.2322000000E+03    0.3739157212E-06
    0.2331000000E+03    0.3758723615E-06
    0.2340000000E+03    0.3777160738E-06
    0.2349000000E+03    0.3794409057E-06
    0.2358000000E+03    0.3810409914E-06
    0.2367000000E+03    0.3825105599E-06
    0.2376000000E+03    0.3838439438E-06
    0.2385000000E+03    0.3850355878E-06
    0.2394000000E+03    0.3860800569E-06
    0.2403000000E+03    0.3869720445E-06
    0.2412000000E+03    0.3877063810E-06
    0.2421000000E+03    0.3882780412E-06
    0.2430000000E+03    0.3886821526E-06
    0.2439000000E+03    0.3889140032E-06
    0.2448000000E+03    0.3889690491E-06
    0.2457000000E+03    0.3888429228E-06
    0.2466000000E+03    0.3885314402E-06
    0.2475000000E+03    0.3880306090E-06
    0.2484000000E+03    0.3873366363E-06
    0.2493000000E+03    0.3864459361E-06
    0.2502000000E+03    0.3853551376E-06
    0.2511000000E+03    0.3840610934E-06
    0.2520000000E+03    0.3825608871E-06
    0.2529000000E+03    0.3808518422E-06
    0.2538000000E+03    0.3789315308E-06
    0.2547000000E+03    0.3767977822E-06
    0.2556000000E+03    0.3744486929E-06
    0.2565000000E+03    0.3718826360E-06
    0.2574000000E+03    0.3690982718E-06
    0.2583000000E+03    0.3660945592E-06
    0.2592000000E+03    0.3628707675E-06
    0.2601000000E+03    0.3594264894E-06
    0.2610000000E+03    0.3557616553E-06
    0.2619000000E+03    0.3518765484E-06
    0.2628000000E+03    0.3477718226E-06
    0.2637000000E+03    0.3434485209E-06
    0.2646000000E+03    0.3389080972E-06
    0.2655000000E+03    0.3341524404E-06
    0.2664000000E+03    0.3291839015E-06
    0.2673000000E+03    0.3240053249E-06
    0.2682000000E+03    0.3186200842E-06
    0.2691000000E+03    0.3130321229E-06
    0.2700000000E+03    0.3072460024E-06
    0.2709000000E+03    0.3012669570E-06
    0.2718000000E+03    0.2951009582E-06
    0.2727000000E+03    0.2887547904E-06
    0.2736000000E+03    0.2822361393E-06
    0.2745000000E+03    0.2755536966E-06
    0.2754000000E+03    0.2687172834E-06
    0.2763000000E+03    0.2617379971E-06
    0.2772000000E+03    0.2546283851E-06
    0.2781000000E+03    0.2474026522E-06
    0.2790000000E+03    0.2400769074E-06
    0.2799000000E+03    0.2326694572E-06
    0.2808000000E+03    0.2252011556E-06
    0.2817000000E+03    0.2176958173E-06
    0.2826000000E+03    0.2101807069E-06
    0.2835000000E+03    0.2026871088E-06
    0.2844000000E+03    0.1952509859E-06
    0.2853000000E+03    0.1879137245E-06
    0.2862000000E+03    0.1807229508E-06
    0.2871000000E+03    0.1737333845E-06
    0.2880000000E+03    0.1670076603E-06
    0.2889000000E+03    0.1606169980E-06
    0.2898000000E+03    0.1546415360E-06
    0.2907000000E+03    0.1491700641E-06
    0.2916000000E+03    0.1442988175E-06
    0.2925000000E+03    0.1401289692E-06
    0.2934000000E+03    0.1367625307E-06
    0.2943000000E+03    0.1342966185E-06
    0.2952000000E+03    0.1328164781E-06
    0.2961000000E+03    0.1323882046E-06
    0.2970000000E+03    0.1330525288E-06
    0.2979000000E+03    0.1348210855E-06
    0.2988000000E+03    0.1376760797E-06
    0.2997000000E+03    0.1415733719E-06
    0.3006000000E+03    0.1464481129E-06
    0.3015000000E+03    0.1522215621E-06
    0.3024000000E+03    0.1588077548E-06
    0.3033000000E+03    0.1661190955E-06
    0.3042000000E+03    0.1740704700E-06
    0.3051000000E+03    0.1825818837E-06
    0.3060000000E+03    0.1915798708E-06
    0.3069000000E+03    0.2009980007E-06
    0.3078000000E+03    0.2107767883E-06
    0.3087000000E+03    0.2208632530E-06
    0.3096000000E+03    0.2312103015E-06
    0.3105000000E+03    0.2417760518E-06
    0.3114000000E+03    0.2525231645E-06
    0.3123000000E+03    0.2634182221E-06
    0.3132000000E+03    0.2744311723E-06
    0.3141000000E+03    0.2855348410E-06
    0.3150000000E+03    0.2967045117E-06
    0.3159000000E+03    0.3079175684E-06
    0.3168000000E+03    0.3191531925E-06
    0.3177000000E+03    0.3303921073E-06
    0.3186000000E+03    0.3416163647E-06
    0.3195000000E+03    0.3528091651E-06
    0.3204000000E+03    0.3639547076E-06
    0.3213000000E+03    0.3750380643E-06
    0.3222000000E+03    0.3860450751E-06
    0.3231000000E+03    0.3969622602E-06
    0.3240000000E+03    0.4077767466E-06
    0.3249000000E+03    0.4184762067E-06
    0.3258000000E+03    0.4290488072E-06
    0.3267000000E+03    0.4394831665E-06
    0.3276000000E+03    0.4497683188E-06
    0.3285000000E+03    0.4598936851E-06
    0.3294000000E+03    0.4698490481E-06
    0.3303000000E+03    0.4796245325E-06
    0.3312000000E+03    0.4892105880E-06
    0.3321000000E+03    0.4985979764E-06
    0.3330000000E+03    0.5077777597E-06
    0.3339000000E+03    0.5167412923E-06
    0.3348000000E+03    0.5254802136E-06
    0.3357000000E+03    0.5339864427E-06
    0.3366000000E+03    0.5422521748E-06
    0.3375000000E+03    0.5502698778E-06
    0.3384000000E+03    0.5580322912E-06
    0.3393000000E+03    0.5655324240E-06
    0.3402000000E+03    0.5727635553E-06
    0.3411000000E+03    0.5797192336E-06
    0.3420000000E+03    0.5863932779E-06
    0.3429000000E+03    0.5927797787E-06
    0.3438000000E+03    0.5988730987E-06
    0.3447000000E+03    0.6046678748E-06
    0.3456000000E+03    0.6101590197E-06
    0.3465000000E+03    0.6153417236E-06
    0.3474000000E+03    0.6202114558E-06
    0.3483000000E+03    0.6247639672E-06
    0.3492000000E+03    0.6289952916E-06
    0.3501000000E+03    0.6329017479E-06
    0.3510000000E+03    0.6364799420E-06
    0.3519000000E+03    0.6397267683E-06
    0.3528000000E+03    0.6426394116E-06
    0.3537000000E+03    0.6452153487E-06
    0.3546000000E+03    0.6474523494E-06
    0.3555000000E+03    0.6493484785E-06
    0.3564000000E+03    0.6509020963E-06
    0.3573000000E+03    0.6521118599E-06
    0.3582000000E+03    0.6529767239E-06
    0.3591000000E+03    0.6534959413E-06
