    0.0000000000E+00    0.6266402690E-06
    0.9000000000E+00    0.6264977239E-06
    0.1800000000E+01    0.6260701721E-06
    0.2700000000E+01    0.6253578644E-06
    0.3600000000E+01    0.6243612186E-06
    0.4500000000E+01    0.6230808192E-06
    0.5400000000E+01    0.6215174169E-06
    0.6300000000E+01    0.6196719283E-06
    0.7200000000E+01    0.6175454346E-06
    0.8100000000E+01    0.6151391817E-06
    0.9000000000E+01    0.6124545786E-06
    0.9900000000E+01    0.6094931964E-06
    0.1080000000E+02    0.6062567677E-06
    0.1170000000E+02    0.6027471846E-06
    0.1260000000E+02    0.5989664979E-06
    0.1350000000E+02    0.5949169154E-06
    0.1440000000E+02    0.5906008001E-06
    0.1530000000E+02    0.5860206687E-06
    0.1620000000E+02    0.5811791899E-06
    0.1710000000E+02    0.5760791821E-06
    0.1800000000E+02    0.5707236117E-06
    0.1890000000E+02    0.5651155908E-06
    0.1980000000E+02    0.5592583751E-06
    0.2070000000E+02    0.5531553613E-06
    0.2160000000E+02    0.5468100851E-06
    0.2250000000E+02    0.5402262183E-06
    0.2340000000E+02    0.5334075665E-06
    0.2430000000E+02    0.5263580661E-06
    0.2520000000E+02    0.5190817819E-06
    0.2610000000E+02    0.5115829040E-06
    0.2700000000E+02    0.5038657447E-06
    0.2790000000E+02    0.4959347359E-06
    0.2880000000E+02    0.4877944259E-06
    0.2970000000E+02    0.4794494759E-06
    0.3060000000E+02    0.4709046573E-06
    0.3150000000E+02    0.4621648480E-06
    0.3240000000E+02    0.4532350292E-06
    0.3330000000E+02    0.4441202820E-06
    0.3420000000E+02    0.4348257837E-06
    0.3510000000E+02    0.4253568047E-06
    0.3600000000E+02    0.4157187046E-06
    0.3690000000E+02    0.4059169286E-06
    0.3780000000E+02    0.3959570039E-06
    0.3870000000E+02    0.3858445359E-06
    0.3960000000E+02    0.3755852047E-06
    0.4050000000E+02    0.3651847609E-06
    0.4140000000E+02    0.3546490226E-06
    0.4230000000E+02    0.3439838707E-06
    0.4320000000E+02    0.3331952461E-06
    0.4410000000E+02    0.3222891451E-06
    0.4500000000E+02    0.3112716167E-06
    0.4590000000E+02    0.3001487586E-06
    0.4680000000E+02    0.2889267137E-06
    0.4770000000E+02    0.2776116677E-06
    0.4860000000E+02    0.2662098456E-06
    0.4950000000E+02    0.2547275097E-06
    0.5040000000E+02    0.2431709580E-06
    0.5130000000E+02    0.2315465232E-06
    0.5220000000E+02    0.2198605733E-06
    0.5310000000E+02    0.2081195133E-06
    0.5400000000E+02    0.1963297904E-06
    0.5490000000E+02    0.1844979017E-06
    0.5580000000E+02    0.1726304084E-06
    0.5670000000E+02    0.1607339573E-06
    0.5760000000E+02    0.1488153161E-06
    0.5850000000E+02    0.1368814286E-06
    0.5940000000E+02    0.1249395053E-06
    0.6030000000E+02    0.1129971732E-06
    0.6120000000E+02    0.1010627350E-06
    0.6210000000E+02    0.8914563721E-07
    0.6300000000E+02    0.7725736997E-07
    0.6390000000E+02    0.6541333579E-07
    0.6480000000E+02    0.5363714907E-07
    0.6570000000E+02    0.4197199770E-07
    0.6660000000E+02    0.3051720391E-07
    0.6750000000E+02    0.1958676327E-07
    0.6840000000E+02    0.1076542223E-07
    0.6930000000E+02    0.1117012377E-07
    0.7020000000E+02    0.2016170144E-07
    0.7110000000E+02    0.3093231615E-07
    0.7200000000E+02    0.4208329598E-07
    0.7290000000E+02    0.5332855617E-07
    0.7380000000E+02    0.6457584477E-07
    0.7470000000E+02    0.7578497642E-07
    0.7560000000E+02    0.8693432498E-07
    0.7650000000E+02    0.9801024382E-07
    0.7740000000E+02    0.1090030181E-06
    0.7830000000E+02    0.1199050914E-06
    0.7920000000E+02    0.1307102065E-06
    0.8010000000E+02    0.1414129560E-06
    0.8100000000E+02    0.1520085329E-06
    0.8190000000E+02    0.1624925845E-06
    0.8280000000E+02    0.1728611251E-06
    0.8370000000E+02    0.1831104813E-06
    0.8460000000E+02    0.1932372567E-06
    0.8550000000E+02    0.2032383105E-06
    0.8640000000E+02    0.2131107419E-06
    0.8730000000E+02    0.2228518818E-06
    0.8820000000E+02    0.2324592859E-06
    0.8910000000E+02    0.2419307314E-06
    0.9000000000E+02    0.2512642142E-06
    0.9090000000E+02    0.2604579479E-06
    0.9180000000E+02    0.2695103626E-06
    0.9270000000E+02    0.2784201044E-06
    0.9360000000E+02    0.2871860350E-06
    0.9450000000E+02    0.2958072315E-06
    0.9540000000E+02    0.3042829851E-06
    0.9630000000E+02    0.3126128013E-06
    0.9720000000E+02    0.3207963979E-06
    0.9810000000E+02    0.3288337041E-06
    0.9900000000E+02    0.3367248586E-06
    0.9990000000E+02    0.3444702071E-06
    0.1008000000E+03    0.3520703000E-06
    0.1017000000E+03    0.3595258889E-06
    0.1026000000E+03    0.3668379232E-06
    0.1035000000E+03    0.3740075454E-06
    0.1044000000E+03    0.3810360867E-06
    0.1053000000E+03    0.3879250616E-06
    0.1062000000E+03    0.3946761618E-06
    0.1071000000E+03    0.4012912499E-06
    0.1080000000E+03    0.4077723520E-06
    0.1089000000E+03    0.4141216503E-06
    0.1098000000E+03    0.4203414748E-06
    0.1107000000E+03    0.4264342942E-06
    0.1116000000E+03    0.4324027069E-06
    0.1125000000E+03    0.4382494304E-06
    0.1134000000E+03    0.4439772915E-06
    0.1143000000E+03    0.4495892151E-06
    0.1152000000E+03    0.4550882121E-06
    0.1161000000E+03    0.4604773685E-06
    0.1170000000E+03    0.4657598322E-06
    0.1179000000E+03    0.4709388007E-06
    0.1188000000E+03    0.4760175082E-06
    0.1197000000E+03    0.4809992117E-06
    0.1206000000E+03    0.4858871783E-06
    0.1215000000E+03    0.4906846708E-06
    0.1224000000E+03    0.4953949344E-06
    0.1233000000E+03    0.5000211829E-06
    0.1242000000E+03    0.5045665846E-06
    0.1251000000E+03    0.5090342491E-06
    0.1260000000E+03    0.5134272136E-06
    0.1269000000E+03    0.5177484297E-06
    0.1278000000E+03    0.5220007508E-06
    0.1287000000E+03    0.5261869194E-06
    0.1296000000E+03    0.5303095554E-06
    0.1305000000E+03    0.5343711445E-06
    0.1314000000E+03    0.5383740276E-06
    0.1323000000E+03    0.5423203906E-06
    0.1332000000E+03    0.5462122553E-06
    0.1341000000E+03    0.5500514709E-06
    0.1350000000E+03    0.5538397063E-06
    0.1359000000E+03    0.5575784434E-06
    0.1368000000E+03    0.5612689717E-06
    0.1377000000E+03    0.5649123834E-06
    0.1386000000E+03    0.5685095697E-06
    0.1395000000E+03    0.5720612186E-06
    0.1404000000E+03    0.5755678129E-06
    0.1413000000E+03    0.5790296301E-06
    0.1422000000E+03    0.5824467430E-06
    0.1431000000E+03    0.5858190215E-06
    0.1440000000E+03    0.5891461353E-06
    0.1449000000E+03    0.5924275576E-06
    0.1458000000E+03    0.5956625704E-06
    0.1467000000E+03    0.5988502698E-06
    0.1476000000E+03    0.6019895731E-06
    0.1485000000E+03    0.6050792262E-06
    0.1494000000E+03    0.6081178122E-06
    0.1503000000E+03    0.6111037604E-06
    0.1512000000E+03    0.6140353565E-06
    0.1521000000E+03    0.6169107530E-06
    0.1530000000E+03    0.6197279802E-06
    0.1539000000E+03    0.6224849582E-06
    0.1548000000E+03    0.6251795087E-06
    0.1557000000E+03    0.6278093675E-06
    0.1566000000E+03    0.6303721972E-06
    0.1575000000E+03    0.6328656005E-06
    0.1584000000E+03    0.6352871327E-06
    0.1593000000E+03    0.6376343154E-06
    0.1602000000E+03    0.6399046497E-06
    0.1611000000E+03    0.6420956290E-06
    0.1620000000E+03    0.6442047524E-06
    0.1629000000E+03    0.6462295375E-06
    0.1638000000E+03    0.6481675329E-06
    0.1647000000E+03    0.6500163309E-06
    0.1656000000E+03    0.6517735791E-06
    0.1665000000E+03    0.6534369923E-06
    0.1674000000E+03    0.6550043639E-06
    0.1683000000E+03    0.6564735762E-06
    0.1692000000E+03    0.6578426109E-06
    0.1701000000E+03    0.6591095587E-06
    0.1710000000E+03    0.6602726284E-06
    0.1719000000E+03    0.6613301553E-06
    0.1728000000E+03    0.6622806091E-06
    0.1737000000E+03    0.6631226009E-06
    0.1746000000E+03    0.6638548899E-06
    0.1755000000E+03    0.6644763890E-06
    0.1764000000E+03    0.6649861695E-06
    0.1773000000E+03    0.6653834660E-06
    0.1782000000E+03    0.6656676795E-06
    0.1791000000E+03    0.6658383801E-06
    0.1800000000E+03    0.6658953091E-06
    0.1809000000E+03    0.6658383801E-06
    0.1818000000E+03    0.6656676795E-06
    0.1827000000E+03    0.6653834660E-06
    0.1836000000E+03    0.6649861695E-06
    0.1845000000E+03    0.6644763890E-06
    0.1854000000E+03    0.6638548899E-06
    0.1863000000E+03    0.6631226009E-06
    0.1872000000E+03    0.6622806091E-06
    0.1881000000E+03    0.6613301553E-06
    0.1890000000E+03    0.6602726284E-06
    0.1899000000E+03    0.6591095587E-06
    0.1908000000E+03    0.6578426109E-06
    0.1917000000E+03    0.6564735762E-06
    0.1926000000E+03    0.6550043639E-06
    0.1935000000E+03    0.6534369923E-06
    0.1944000000E+03    0.6517735791E-06
    0.1953000000E+03    0.6500163309E-06
    0.1962000000E+03    0.6481675329E-06
    0.1971000000E+03    0.6462295375E-06
    0.1980000000E+03    0.6442047524E-06
    0.1989000000E+03    0.6420956290E-06
    0.1998000000E+03    0.6399046497E-06
    0.2007000000E+03    0.6376343154E-06
    0.2016000000E+03    0.6352871327E-06
    0.2025000000E+03    0.6328656005E-06
    0.2034000000E+03    0.6303721972E-06
    0.2043000000E+03    0.6278093675E-06
    0.2052000000E+03    0.6251795087E-06
    0.2061000000E+03    0.6224849582E-06
    0.2070000000E+03    0.6197279802E-06
    0.2079000000E+03    0.6169107530E-06
    0.2088000000E+03    0.6140353565E-06
    0.2097000000E+03    0.6111037604E-06
    0.2106000000E+03    0.6081178122E-06
    0.2115000000E+03    0.6050792262E-06
    0.2124000000E+03    0.6019895731E-06
    0.2133000000E+03    0.5988502698E-06
    0.2142000000E+03    0.5956625704E-06
    0.2151000000E+03    0.5924275576E-06
    0.2160000000E+03    0.5891461353E-06
    0.2169000000E+03    0.5858190215E-06
    0.2178000000E+03    0.5824467430E-06
    0.2187000000E+03    0.5790296301E-06
    0.2196000000E+03    0.5755678129E-06
    0.2205000000E+03    0.5720612186E-06
    0.2214000000E+03    0.5685095697E-06
    0.2223000000E+03    0.5649123834E-06
    0.2232000000E+03    0.5612689717E-06
    0.2241000000E+03    0.5575784434E-06
    0.2250000000E+03    0.5538397063E-06
    0.2259000000E+03    0.5500514709E-06
    0.2268000000E+03    0.5462122553E-06
    0.2277000000E+03    0.5423203906E-06
    0.2286000000E+03    0.5383740276E-06
    0.2295000000E+03    0.5343711445E-06
    0.2304000000E+03    0.5303095554E-06
    0.2313000000E+03    0.5261869194E-06
    0.2322000000E+03    0.5220007508E-06
    0.2331000000E+03    0.5177484297E-06
    0.2340000000E+03    0.5134272136E-06
    0.2349000000E+03    0.5090342491E-06
    0.2358000000E+03    0.5045665846E-06
    0.2367000000E+03    0.5000211829E-06
    0.2376000000E+03    0.4953949344E-06
    0.2385000000E+03    0.4906846708E-06
    0.2394000000E+03    0.4858871783E-06
    0.2403000000E+03    0.4809992117E-06
    0.2412000000E+03    0.4760175082E-06
    0.2421000000E+03    0.4709388007E-06
    0.2430000000E+03    0.4657598322E-06
    0.2439000000E+03    0.4604773685E-06
    0.2448000000E+03    0.4550882121E-06
    0.2457000000E+03    0.4495892151E-06
    0.2466000000E+03    0.4439772915E-06
    0.2475000000E+03    0.4382494304E-06
    0.2484000000E+03    0.4324027069E-06
    0.2493000000E+03    0.4264342942E-06
    0.2502000000E+03    0.4203414748E-06
    0.2511000000E+03    0.4141216503E-06
    0.2520000000E+03    0.4077723520E-06
    0.2529000000E+03    0.4012912499E-06
    0.2538000000E+03    0.3946761618E-06
    0.2547000000E+03    0.3879250616E-06
    0.2556000000E+03    0.3810360867E-06
    0.2565000000E+03    0.3740075454E-06
    0.2574000000E+03    0.3668379232E-06
    0.2583000000E+03    0.3595258889E-06
    0.2592000000E+03    0.3520703000E-06
    0.2601000000E+03    0.3444702071E-06
    0.2610000000E+03    0.3367248586E-06
    0.2619000000E+03    0.3288337041E-06
    0.2628000000E+03    0.3207963979E-06
    0.2637000000E+03    0.3126128013E-06
    0.2646000000E+03    0.3042829851E-06
    0.2655000000E+03    0.2958072315E-06
    0.2664000000E+03    0.2871860350E-06
    0.2673000000E+03    0.2784201044E-06
    0.2682000000E+03    0.2695103626E-06
    0.2691000000E+03    0.2604579479E-06
    0.2700000000E+03    0.2512642142E-06
    0.2709000000E+03    0.2419307314E-06
    0.2718000000E+03    0.2324592859E-06
    0.2727000000E+03    0.2228518818E-06
    0.2736000000E+03    0.2131107419E-06
    0.2745000000E+03    0.2032383105E-06
    0.2754000000E+03    0.1932372567E-06
    0.2763000000E+03    0.1831104813E-06
    0.2772000000E+03    0.1728611251E-06
    0.2781000000E+03    0.1624925845E-06
    0.2790000000E+03    0.1520085329E-06
    0.2799000000E+03    0.1414129560E-06
    0.2808000000E+03    0.1307102065E-06
    0.2817000000E+03    0.1199050914E-06
    0.2826000000E+03    0.1090030181E-06
    0.2835000000E+03    0.9801024382E-07
    0.2844000000E+03    0.8693432498E-07
    0.2853000000E+03    0.7578497642E-07
    0.2862000000E+03    0.6457584477E-07
    0.2871000000E+03    0.5332855617E-07
    0.2880000000E+03    0.4208329598E-07
    0.2889000000E+03    0.3093231615E-07
    0.2898000000E+03    0.2016170144E-07
    0.2907000000E+03    0.1117012377E-07
    0.2916000000E+03    0.1076542223E-07
    0.2925000000E+03    0.1958676327E-07
    0.2934000000E+03    0.3051720391E-07
    0.2943000000E+03    0.4197199770E-07
    0.2952000000E+03    0.5363714907E-07
    0.2961000000E+03    0.6541333579E-07
    0.2970000000E+03    0.7725736997E-07
    0.2979000000E+03    0.8914563721E-07
    0.2988000000E+03    0.1010627350E-06
    0.2997000000E+03    0.1129971732E-06
    0.3006000000E+03    0.1249395053E-06
    0.3015000000E+03    0.1368814286E-06
    0.3024000000E+03    0.1488153161E-06
    0.3033000000E+03    0.1607339573E-06
    0.3042000000E+03    0.1726304084E-06
    0.3051000000E+03    0.1844979017E-06
    0.3060000000E+03    0.1963297904E-06
    0.3069000000E+03    0.2081195133E-06
    0.3078000000E+03    0.2198605733E-06
    0.3087000000E+03    0.2315465232E-06
    0.3096000000E+03    0.2431709580E-06
    0.3105000000E+03    0.2547275097E-06
    0.3114000000E+03    0.2662098456E-06
    0.3123000000E+03    0.2776116677E-06
    0.3132000000E+03    0.2889267137E-06
    0.3141000000E+03    0.3001487586E-06
    0.3150000000E+03    0.3112716167E-06
    0.3159000000E+03    0.3222891451E-06
    0.3168000000E+03    0.3331952461E-06
    0.3177000000E+03    0.3439838707E-06
    0.3186000000E+03    0.3546490226E-06
    0.3195000000E+03    0.3651847609E-06
    0.3204000000E+03    0.3755852047E-06
    0.3213000000E+03    0.3858445359E-06
    0.3222000000E+03    0.3959570039E-06
    0.3231000000E+03    0.4059169286E-06
    0.3240000000E+03    0.4157187046E-06
    0.3249000000E+03    0.4253568047E-06
    0.3258000000E+03    0.4348257837E-06
    0.3267000000E+03    0.4441202820E-06
    0.3276000000E+03    0.4532350292E-06
    0.3285000000E+03    0.4621648480E-06
    0.3294000000E+03    0.4709046573E-06
    0.3303000000E+03    0.4794494759E-06
    0.3312000000E+03    0.4877944259E-06
    0.3321000000E+03    0.4959347359E-06
    0.3330000000E+03    0.5038657447E-06
    0.3339000000E+03    0.5115829040E-06
    0.3348000000E+03    0.5190817819E-06
    0.3357000000E+03    0.5263580661E-06
    0.3366000000E+03    0.5334075665E-06
    0.3375000000E+03    0.5402262183E-06
    0.3384000000E+03    0.5468100851E-06
    0.3393000000E+03    0.5531553613E-06
    0.3402000000E+03    0.5592583751E-06
    0.3411000000E+03    0.5651155908E-06
    0.3420000000E+03    0.5707236117E-06
    0.3429000000E+03    0.5760791821E-06
    0.3438000000E+03    0.5811791899E-06
    0.3447000000E+03    0.5860206687E-06
    0.3456000000E+03    0.5906008001E-06
    0.3465000000E+03    0.5949169154E-06
    0.3474000000E+03    0.5989664979E-06
    0.3483000000E+03    0.6027471846E-06
    0.3492000000E+03    0.6062567677E-06
    0.3501000000E+03    0.6094931964E-06
    0.3510000000E+03    0.6124545786E-06
    0.3519000000E+03    0.6151391817E-06
    0.3528000000E+03    0.6175454346E-06
    0.3537000000E+03    0.6196719283E-06
    0.3546000000E+03    0.6215174169E-06
    0.3555000000E+03    0.6230808192E-06
    0.3564000000E+03    0.6243612186E-06
    0.3573000000E+03    0.6253578644E-06
    0.3582000000E+03    0.6260701721E-06
    0.3591000000E+03    0.6264977239E-06
