    0.0000000000E+00    0.9952105344E-08
    0.1800000000E+01    0.9948589263E-08
    0.3600000000E+01    0.9938047349E-08
    0.5400000000E+01    0.9920498598E-08
    0.7200000000E+01    0.9895974742E-08
    0.9000000000E+01    0.9864520337E-08
    0.1080000000E+02    0.9826192911E-08
    0.1260000000E+02    0.9781063134E-08
    0.1440000000E+02    0.9729215040E-08
    0.1620000000E+02    0.9670746295E-08
    0.1800000000E+02    0.9605768494E-08
    0.1980000000E+02    0.9534407522E-08
    0.2160000000E+02    0.9456803946E-08
    0.2340000000E+02    0.9373113469E-08
    0.2520000000E+02    0.9283507428E-08
    0.2700000000E+02    0.9188173351E-08
    0.2880000000E+02    0.9087315567E-08
    0.3060000000E+02    0.8981155882E-08
    0.3240000000E+02    0.8869934315E-08
    0.3420000000E+02    0.8753909897E-08
    0.3600000000E+02    0.8633361547E-08
    0.3780000000E+02    0.8508589006E-08
    0.3960000000E+02    0.8379913857E-08
    0.4140000000E+02    0.8247680595E-08
    0.4320000000E+02    0.8112257783E-08
    0.4500000000E+02    0.7974039244E-08
    0.4680000000E+02    0.7833445317E-08
    0.4860000000E+02    0.7690924127E-08
    0.5040000000E+02    0.7546952849E-08
    0.5220000000E+02    0.7402038943E-08
    0.5400000000E+02    0.7256721274E-08
    0.5580000000E+02    0.7111571080E-08
    0.5760000000E+02    0.6967192667E-08
    0.5940000000E+02    0.6824223728E-08
    0.6120000000E+02    0.6683335138E-08
    0.6300000000E+02    0.6545230049E-08
    0.6480000000E+02    0.6410642071E-08
    0.6660000000E+02    0.6280332329E-08
    0.6840000000E+02    0.6155085123E-08
    0.7020000000E+02    0.6035701959E-08
    0.7200000000E+02    0.5922993720E-08
    0.7380000000E+02    0.5817770803E-08
    0.7560000000E+02    0.5720831158E-08
    0.7740000000E+02    0.5632946286E-08
    0.7920000000E+02    0.5554845471E-08
    0.8100000000E+02    0.5487198720E-08
    0.8280000000E+02    0.5430599130E-08
    0.8460000000E+02    0.5385545623E-08
    0.8640000000E+02    0.5352427135E-08
    0.8820000000E+02    0.5331509386E-08
    0.9000000000E+02    0.5322925298E-08
    0.9180000000E+02    0.5326669877E-08
    0.9360000000E+02    0.5342600033E-08
    0.9540000000E+02    0.5370439397E-08
    0.9720000000E+02    0.5409787748E-08
    0.9900000000E+02    0.5460134276E-08
    0.1008000000E+03    0.5520873680E-08
    0.1026000000E+03    0.5591323924E-08
    0.1044000000E+03    0.5670744532E-08
    0.1062000000E+03    0.5758354419E-08
    0.1080000000E+03    0.5853348460E-08
    0.1098000000E+03    0.5954912249E-08
    0.1116000000E+03    0.6062234737E-08
    0.1134000000E+03    0.6174518635E-08
    0.1152000000E+03    0.6290988638E-08
    0.1170000000E+03    0.6410897639E-08
    0.1188000000E+03    0.6533531161E-08
    0.1206000000E+03    0.6658210269E-08
    0.1224000000E+03    0.6784293239E-08
    0.1242000000E+03    0.6911176221E-08
    0.1260000000E+03    0.7038293133E-08
    0.1278000000E+03    0.7165114971E-08
    0.1296000000E+03    0.7291148703E-08
    0.1314000000E+03    0.7415935866E-08
    0.1332000000E+03    0.7539050995E-08
    0.1350000000E+03    0.7660099928E-08
    0.1368000000E+03    0.7778718082E-08
    0.1386000000E+03    0.7894568725E-08
    0.1404000000E+03    0.8007341278E-08
    0.1422000000E+03    0.8116749676E-08
    0.1440000000E+03    0.8222530798E-08
    0.1458000000E+03    0.8324442978E-08
    0.1476000000E+03    0.8422264597E-08
    0.1494000000E+03    0.8515792761E-08
    0.1512000000E+03    0.8604842073E-08
    0.1530000000E+03    0.8689243477E-08
    0.1548000000E+03    0.8768843196E-08
    0.1566000000E+03    0.8843501747E-08
    0.1584000000E+03    0.8913093031E-08
    0.1602000000E+03    0.8977503502E-08
    0.1620000000E+03    0.9036631402E-08
    0.1638000000E+03    0.9090386073E-08
    0.1656000000E+03    0.9138687330E-08
    0.1674000000E+03    0.9181464900E-08
    0.1692000000E+03    0.9218657929E-08
    0.1710000000E+03    0.9250214545E-08
    0.1728000000E+03    0.9276091483E-08
    0.1746000000E+03    0.9296253771E-08
    0.1764000000E+03    0.9310674476E-08
    0.1782000000E+03    0.9319334498E-08
    0.1800000000E+03    0.9322222435E-08
    0.1818000000E+03    0.9319334498E-08
    0.1836000000E+03    0.9310674476E-08
    0.1854000000E+03    0.9296253771E-08
    0.1872000000E+03    0.9276091483E-08
    0.1890000000E+03    0.9250214545E-08
    0.1908000000E+03    0.9218657929E-08
    0.1926000000E+03    0.9181464900E-08
    0.1944000000E+03    0.9138687330E-08
    0.1962000000E+03    0.9090386073E-08
    0.1980000000E+03    0.9036631402E-08
    0.1998000000E+03    0.8977503502E-08
    0.2016000000E+03    0.8913093031E-08
    0.2034000000E+03    0.8843501747E-08
    0.2052000000E+03    0.8768843196E-08
    0.2070000000E+03    0.8689243477E-08
    0.2088000000E+03    0.8604842073E-08
    0.2106000000E+03    0.8515792761E-08
    0.2124000000E+03    0.8422264597E-08
    0.2142000000E+03    0.8324442978E-08
    0.2160000000E+03    0.8222530798E-08
    0.2178000000E+03    0.8116749676E-08
    0.2196000000E+03    0.8007341278E-08
    0.2214000000E+03    0.7894568725E-08
    0.2232000000E+03    0.7778718082E-08
    0.2250000000E+03    0.7660099928E-08
    0.2268000000E+03    0.7539050995E-08
    0.2286000000E+03    0.7415935866E-08
    0.2304000000E+03    0.7291148703E-08
    0.2322000000E+03    0.7165114971E-08
    0.2340000000E+03    0.7038293133E-08
    0.2358000000E+03    0.6911176221E-08
    0.2376000000E+03    0.6784293239E-08
    0.2394000000E+03    0.6658210269E-08
    0.2412000000E+03    0.6533531161E-08
    0.2430000000E+03    0.6410897639E-08
    0.2448000000E+03    0.6290988638E-08
    0.2466000000E+03    0.6174518635E-08
    0.2484000000E+03    0.6062234737E-08
    0.2502000000E+03    0.5954912249E-08
    0.2520000000E+03    0.5853348460E-08
    0.2538000000E+03    0.5758354419E-08
    0.2556000000E+03    0.5670744532E-08
    0.2574000000E+03    0.5591323924E-08
    0.2592000000E+03    0.5520873680E-08
    0.2610000000E+03    0.5460134276E-08
    0.2628000000E+03    0.5409787748E-08
    0.2646000000E+03    0.5370439397E-08
    0.2664000000E+03    0.5342600033E-08
    0.2682000000E+03    0.5326669877E-08
    0.2700000000E+03    0.5322925298E-08
    0.2718000000E+03    0.5331509386E-08
    0.2736000000E+03    0.5352427135E-08
    0.2754000000E+03    0.5385545623E-08
    0.2772000000E+03    0.5430599130E-08
    0.2790000000E+03    0.5487198720E-08
    0.2808000000E+03    0.5554845471E-08
    0.2826000000E+03    0.5632946286E-08
    0.2844000000E+03    0.5720831158E-08
    0.2862000000E+03    0.5817770803E-08
    0.2880000000E+03    0.5922993720E-08
    0.2898000000E+03    0.6035701959E-08
    0.2916000000E+03    0.6155085123E-08
    0.2934000000E+03    0.6280332329E-08
    0.2952000000E+03    0.6410642071E-08
    0.2970000000E+03    0.6545230049E-08
    0.2988000000E+03    0.6683335138E-08
    0.3006000000E+03    0.6824223728E-08
    0.3024000000E+03    0.6967192667E-08
    0.3042000000E+03    0.7111571080E-08
    0.3060000000E+03    0.7256721274E-08
    0.3078000000E+03    0.7402038943E-08
    0.3096000000E+03    0.7546952849E-08
    0.3114000000E+03    0.7690924127E-08
    0.3132000000E+03    0.7833445317E-08
    0.3150000000E+03    0.7974039244E-08
    0.3168000000E+03    0.8112257783E-08
    0.3186000000E+03    0.8247680595E-08
    0.3204000000E+03    0.8379913857E-08
    0.3222000000E+03    0.8508589006E-08
    0.3240000000E+03    0.8633361547E-08
    0.3258000000E+03    0.8753909897E-08
    0.3276000000E+03    0.8869934315E-08
    0.3294000000E+03    0.8981155882E-08
    0.3312000000E+03    0.9087315567E-08
    0.3330000000E+03    0.9188173351E-08
    0.3348000000E+03    0.9283507428E-08
    0.3366000000E+03    0.9373113469E-08
    0.3384000000E+03    0.9456803946E-08
    0.3402000000E+03    0.9534407522E-08
    0.3420000000E+03    0.9605768494E-08
    0.3438000000E+03    0.9670746295E-08
    0.3456000000E+03    0.9729215040E-08
    0.3474000000E+03    0.9781063134E-08
    0.3492000000E+03    0.9826192911E-08
    0.3510000000E+03    0.9864520337E-08
    0.3528000000E+03    0.9895974742E-08
    0.3546000000E+03    0.9920498598E-08
    0.3564000000E+03    0.9938047349E-08
    0.3582000000E+03    0.9948589263E-08
