    0.0000000000E+00    0.3212483602E-07
    0.9000000000E+00    0.3211480088E-07
    0.1800000000E+01    0.3208472557E-07
    0.2700000000E+01    0.3203470046E-07
    0.3600000000E+01    0.3196487636E-07
    0.4500000000E+01    0.3187546482E-07
    0.5400000000E+01    0.3176673858E-07
    0.6300000000E+01    0.3163903206E-07
    0.7200000000E+01    0.3149274210E-07
    0.8100000000E+01    0.3132832874E-07
    0.9000000000E+01    0.3114631613E-07
    0.9900000000E+01    0.3094729362E-07
    0.1080000000E+02    0.3073191699E-07
    0.1170000000E+02    0.3050090974E-07
    0.1260000000E+02    0.3025506455E-07
    0.1350000000E+02    0.2999524491E-07
    0.1440000000E+02    0.2972238675E-07
    0.1530000000E+02    0.2943750020E-07
    0.1620000000E+02    0.2914167149E-07
    0.1710000000E+02    0.2883606466E-07
    0.1800000000E+02    0.2852192349E-07
    0.1890000000E+02    0.2820057308E-07
    0.1980000000E+02    0.2787342141E-07
    0.2070000000E+02    0.2754196049E-07
    0.2160000000E+02    0.2720776715E-07
    0.2250000000E+02    0.2687250313E-07
    0.2340000000E+02    0.2653791446E-07
    0.2430000000E+02    0.2620582977E-07
    0.2520000000E+02    0.2587815734E-07
    0.2610000000E+02    0.2555688054E-07
    0.2700000000E+02    0.2524405146E-07
    0.2790000000E+02    0.2494178237E-07
    0.2880000000E+02    0.2465223461E-07
    0.2970000000E+02    0.2437760484E-07
    0.3060000000E+02    0.2412010827E-07
    0.3150000000E+02    0.2388195886E-07
    0.3240000000E+02    0.2366534649E-07
    0.3330000000E+02    0.2347241126E-07
    0.3420000000E+02    0.2330521543E-07
    0.3510000000E+02    0.2316571356E-07
    0.3600000000E+02    0.2305572167E-07
    0.3690000000E+02    0.2297688669E-07
    0.3780000000E+02    0.2293065721E-07
    0.3870000000E+02    0.2291825693E-07
    0.3960000000E+02    0.2294066224E-07
    0.4050000000E+02    0.2299858483E-07
    0.4140000000E+02    0.2309246054E-07
    0.4230000000E+02    0.2322244485E-07
    0.4320000000E+02    0.2338841526E-07
    0.4410000000E+02    0.2358998042E-07
    0.4500000000E+02    0.2382649531E-07
    0.4590000000E+02    0.2409708163E-07
    0.4680000000E+02    0.2440065220E-07
    0.4770000000E+02    0.2473593812E-07
    0.4860000000E+02    0.2510151751E-07
    0.4950000000E+02    0.2549584444E-07
    0.5040000000E+02    0.2591727728E-07
    0.5130000000E+02    0.2636410541E-07
    0.5220000000E+02    0.2683457386E-07
    0.5310000000E+02    0.2732690533E-07
    0.5400000000E+02    0.2783931952E-07
    0.5490000000E+02    0.2837004966E-07
    0.5580000000E+02    0.2891735626E-07
    0.5670000000E+02    0.2947953841E-07
    0.5760000000E+02    0.3005494273E-07
    0.5850000000E+02    0.3064197032E-07
    0.5940000000E+02    0.3123908190E-07
    0.6030000000E+02    0.3184480153E-07
    0.6120000000E+02    0.3245771908E-07
    0.6210000000E+02    0.3307649170E-07
    0.6300000000E+02    0.3369984454E-07
    0.6390000000E+02    0.3432657090E-07
    0.6480000000E+02    0.3495553185E-07
    0.6570000000E+02    0.3558565566E-07
    0.6660000000E+02    0.3621593695E-07
    0.6750000000E+02    0.3684543582E-07
    0.6840000000E+02    0.3747327682E-07
    0.6930000000E+02    0.3809864809E-07
    0.7020000000E+02    0.3872080042E-07
    0.7110000000E+02    0.3933904651E-07
    0.7200000000E+02    0.3995276029E-07
    0.7290000000E+02    0.4056137642E-07
    0.7380000000E+02    0.4116438987E-07
    0.7470000000E+02    0.4176135570E-07
    0.7560000000E+02    0.4235188896E-07
    0.7650000000E+02    0.4293566475E-07
    0.7740000000E+02    0.4351241839E-07
    0.7830000000E+02    0.4408194571E-07
    0.7920000000E+02    0.4464410350E-07
    0.8010000000E+02    0.4519880997E-07
    0.8100000000E+02    0.4574604538E-07
    0.8190000000E+02    0.4628585263E-07
    0.8280000000E+02    0.4681833798E-07
    0.8370000000E+02    0.4734367169E-07
    0.8460000000E+02    0.4786208873E-07
    0.8550000000E+02    0.4837388935E-07
    0.8640000000E+02    0.4887943969E-07
    0.8730000000E+02    0.4937917217E-07
    0.8820000000E+02    0.4987358580E-07
    0.8910000000E+02    0.5036324633E-07
    0.9000000000E+02    0.5084878613E-07
    0.9090000000E+02    0.5133090386E-07
    0.9180000000E+02    0.5181036383E-07
    0.9270000000E+02    0.5228799505E-07
    0.9360000000E+02    0.5276468987E-07
    0.9450000000E+02    0.5324140227E-07
    0.9540000000E+02    0.5371914563E-07
    0.9630000000E+02    0.5419899009E-07
    0.9720000000E+02    0.5468205936E-07
    0.9810000000E+02    0.5516952701E-07
    0.9900000000E+02    0.5566261219E-07
    0.9990000000E+02    0.5616257477E-07
    0.1008000000E+03    0.5667070996E-07
    0.1017000000E+03    0.5718834229E-07
    0.1026000000E+03    0.5771681908E-07
    0.1035000000E+03    0.5825750335E-07
    0.1044000000E+03    0.5881176623E-07
    0.1053000000E+03    0.5938097896E-07
    0.1062000000E+03    0.5996650450E-07
    0.1071000000E+03    0.6056968873E-07
    0.1080000000E+03    0.6119185156E-07
    0.1089000000E+03    0.6183427779E-07
    0.1098000000E+03    0.6249820796E-07
    0.1107000000E+03    0.6318482928E-07
    0.1116000000E+03    0.6389526670E-07
    0.1125000000E+03    0.6463057427E-07
    0.1134000000E+03    0.6539172688E-07
    0.1143000000E+03    0.6617961247E-07
    0.1152000000E+03    0.6699502488E-07
    0.1161000000E+03    0.6783865729E-07
    0.1170000000E+03    0.6871109644E-07
    0.1179000000E+03    0.6961281765E-07
    0.1188000000E+03    0.7054418065E-07
    0.1197000000E+03    0.7150542636E-07
    0.1206000000E+03    0.7249667442E-07
    0.1215000000E+03    0.7351792176E-07
    0.1224000000E+03    0.7456904192E-07
    0.1233000000E+03    0.7564978525E-07
    0.1242000000E+03    0.7675977993E-07
    0.1251000000E+03    0.7789853365E-07
    0.1260000000E+03    0.7906543610E-07
    0.1269000000E+03    0.8025976196E-07
    0.1278000000E+03    0.8148067450E-07
    0.1287000000E+03    0.8272722970E-07
    0.1296000000E+03    0.8399838064E-07
    0.1305000000E+03    0.8529298243E-07
    0.1314000000E+03    0.8660979722E-07
    0.1323000000E+03    0.8794749959E-07
    0.1332000000E+03    0.8930468198E-07
    0.1341000000E+03    0.9067986026E-07
    0.1350000000E+03    0.9207147940E-07
    0.1359000000E+03    0.9347791911E-07
    0.1368000000E+03    0.9489749946E-07
    0.1377000000E+03    0.9632848649E-07
    0.1386000000E+03    0.9776909769E-07
    0.1395000000E+03    0.9921750748E-07
    0.1404000000E+03    0.1006718525E-06
    0.1413000000E+03    0.1021302367E-06
    0.1422000000E+03    0.1035907367E-06
    0.1431000000E+03    0.1050514062E-06
    0.1440000000E+03    0.1065102815E-06
    0.1449000000E+03    0.1079653855E-06
    0.1458000000E+03    0.1094147325E-06
    0.1467000000E+03    0.1108563324E-06
    0.1476000000E+03    0.1122881954E-06
    0.1485000000E+03    0.1137083354E-06
    0.1494000000E+03    0.1151147748E-06
    0.1503000000E+03    0.1165055474E-06
    0.1512000000E+03    0.1178787030E-06
    0.1521000000E+03    0.1192323106E-06
    0.1530000000E+03    0.1205644616E-06
    0.1539000000E+03    0.1218732740E-06
    0.1548000000E+03    0.1231568948E-06
    0.1557000000E+03    0.1244135038E-06
    0.1566000000E+03    0.1256413161E-06
    0.1575000000E+03    0.1268385857E-06
    0.1584000000E+03    0.1280036078E-06
    0.1593000000E+03    0.1291347219E-06
    0.1602000000E+03    0.1302303141E-06
    0.1611000000E+03    0.1312888201E-06
    0.1620000000E+03    0.1323087274E-06
    0.1629000000E+03    0.1332885775E-06
    0.1638000000E+03    0.1342269687E-06
    0.1647000000E+03    0.1351225575E-06
    0.1656000000E+03    0.1359740615E-06
    0.1665000000E+03    0.1367802605E-06
    0.1674000000E+03    0.1375399990E-06
    0.1683000000E+03    0.1382521877E-06
    0.1692000000E+03    0.1389158052E-06
    0.1701000000E+03    0.1395298994E-06
    0.1710000000E+03    0.1400935891E-06
    0.1719000000E+03    0.1406060652E-06
    0.1728000000E+03    0.1410665921E-06
    0.1737000000E+03    0.1414745086E-06
    0.1746000000E+03    0.1418292288E-06
    0.1755000000E+03    0.1421302433E-06
    0.1764000000E+03    0.1423771198E-06
    0.1773000000E+03    0.1425695036E-06
    0.1782000000E+03    0.1427071184E-06
    0.1791000000E+03    0.1427897664E-06
    0.1800000000E+03    0.1428173290E-06
    0.1809000000E+03    0.1427897664E-06
    0.1818000000E+03    0.1427071184E-06
    0.1827000000E+03    0.1425695036E-06
    0.1836000000E+03    0.1423771198E-06
    0.1845000000E+03    0.1421302433E-06
    0.1854000000E+03    0.1418292288E-06
    0.1863000000E+03    0.1414745086E-06
    0.1872000000E+03    0.1410665921E-06
    0.1881000000E+03    0.1406060652E-06
    0.1890000000E+03    0.1400935891E-06
    0.1899000000E+03    0.1395298994E-06
    0.1908000000E+03    0.1389158052E-06
    0.1917000000E+03    0.1382521877E-06
    0.1926000000E+03    0.1375399990E-06
    0.1935000000E+03    0.1367802605E-06
    0.1944000000E+03    0.1359740615E-06
    0.1953000000E+03    0.1351225575E-06
    0.1962000000E+03    0.1342269687E-06
    0.1971000000E+03    0.1332885775E-06
    0.1980000000E+03    0.1323087274E-06
    0.1989000000E+03    0.1312888201E-06
    0.1998000000E+03    0.1302303141E-06
    0.2007000000E+03    0.1291347219E-06
    0.2016000000E+03    0.1280036078E-06
    0.2025000000E+03    0.1268385857E-06
    0.2034000000E+03    0.1256413161E-06
    0.2043000000E+03    0.1244135038E-06
    0.2052000000E+03    0.1231568948E-06
    0.2061000000E+03    0.1218732740E-06
    0.2070000000E+03    0.1205644616E-06
    0.2079000000E+03    0.1192323106E-06
    0.2088000000E+03    0.1178787030E-06
    0.2097000000E+03    0.1165055474E-06
    0.2106000000E+03    0.1151147748E-06
    0.2115000000E+03    0.1137083354E-06
    0.2124000000E+03    0.1122881954E-06
    0.2133000000E+03    0.1108563324E-06
    0.2142000000E+03    0.1094147325E-06
    0.2151000000E+03    0.1079653855E-06
    0.2160000000E+03    0.1065102815E-06
    0.2169000000E+03    0.1050514062E-06
    0.2178000000E+03    0.1035907367E-06
    0.2187000000E+03    0.1021302367E-06
    0.2196000000E+03    0.1006718525E-06
    0.2205000000E+03    0.9921750748E-07
    0.2214000000E+03    0.9776909769E-07
    0.2223000000E+03    0.9632848649E-07
    0.2232000000E+03    0.9489749946E-07
    0.2241000000E+03    0.9347791911E-07
    0.2250000000E+03    0.9207147940E-07
    0.2259000000E+03    0.9067986026E-07
    0.2268000000E+03    0.8930468198E-07
    0.2277000000E+03    0.8794749959E-07
    0.2286000000E+03    0.8660979722E-07
    0.2295000000E+03    0.8529298243E-07
    0.2304000000E+03    0.8399838064E-07
    0.2313000000E+03    0.8272722970E-07
    0.2322000000E+03    0.8148067450E-07
    0.2331000000E+03    0.8025976196E-07
    0.2340000000E+03    0.7906543610E-07
    0.2349000000E+03    0.7789853365E-07
    0.2358000000E+03    0.7675977993E-07
    0.2367000000E+03    0.7564978525E-07
    0.2376000000E+03    0.7456904192E-07
    0.2385000000E+03    0.7351792176E-07
    0.2394000000E+03    0.7249667442E-07
    0.2403000000E+03    0.7150542636E-07
    0.2412000000E+03    0.7054418065E-07
    0.2421000000E+03    0.6961281765E-07
    0.2430000000E+03    0.6871109644E-07
    0.2439000000E+03    0.6783865729E-07
    0.2448000000E+03    0.6699502488E-07
    0.2457000000E+03    0.6617961247E-07
    0.2466000000E+03    0.6539172688E-07
    0.2475000000E+03    0.6463057427E-07
    0.2484000000E+03    0.6389526670E-07
    0.2493000000E+03    0.6318482928E-07
    0.2502000000E+03    0.6249820796E-07
    0.2511000000E+03    0.6183427779E-07
    0.2520000000E+03    0.6119185156E-07
    0.2529000000E+03    0.6056968873E-07
    0.2538000000E+03    0.5996650450E-07
    0.2547000000E+03    0.5938097896E-07
    0.2556000000E+03    0.5881176623E-07
    0.2565000000E+03    0.5825750335E-07
    0.2574000000E+03    0.5771681908E-07
    0.2583000000E+03    0.5718834229E-07
    0.2592000000E+03    0.5667070996E-07
    0.2601000000E+03    0.5616257477E-07
    0.2610000000E+03    0.5566261219E-07
    0.2619000000E+03    0.5516952701E-07
    0.2628000000E+03    0.5468205936E-07
    0.2637000000E+03    0.5419899009E-07
    0.2646000000E+03    0.5371914563E-07
    0.2655000000E+03    0.5324140227E-07
    0.2664000000E+03    0.5276468987E-07
    0.2673000000E+03    0.5228799505E-07
    0.2682000000E+03    0.5181036383E-07
    0.2691000000E+03    0.5133090386E-07
    0.2700000000E+03    0.5084878613E-07
    0.2709000000E+03    0.5036324633E-07
    0.2718000000E+03    0.4987358580E-07
    0.2727000000E+03    0.4937917217E-07
    0.2736000000E+03    0.4887943969E-07
    0.2745000000E+03    0.4837388935E-07
    0.2754000000E+03    0.4786208873E-07
    0.2763000000E+03    0.4734367169E-07
    0.2772000000E+03    0.4681833798E-07
    0.2781000000E+03    0.4628585263E-07
    0.2790000000E+03    0.4574604538E-07
    0.2799000000E+03    0.4519880997E-07
    0.2808000000E+03    0.4464410350E-07
    0.2817000000E+03    0.4408194571E-07
    0.2826000000E+03    0.4351241839E-07
    0.2835000000E+03    0.4293566475E-07
    0.2844000000E+03    0.4235188896E-07
    0.2853000000E+03    0.4176135570E-07
    0.2862000000E+03    0.4116438987E-07
    0.2871000000E+03    0.4056137642E-07
    0.2880000000E+03    0.3995276029E-07
    0.2889000000E+03    0.3933904651E-07
    0.2898000000E+03    0.3872080042E-07
    0.2907000000E+03    0.3809864809E-07
    0.2916000000E+03    0.3747327682E-07
    0.2925000000E+03    0.3684543582E-07
    0.2934000000E+03    0.3621593695E-07
    0.2943000000E+03    0.3558565566E-07
    0.2952000000E+03    0.3495553185E-07
    0.2961000000E+03    0.3432657090E-07
    0.2970000000E+03    0.3369984454E-07
    0.2979000000E+03    0.3307649170E-07
    0.2988000000E+03    0.3245771908E-07
    0.2997000000E+03    0.3184480153E-07
    0.3006000000E+03    0.3123908190E-07
    0.3015000000E+03    0.3064197032E-07
    0.3024000000E+03    0.3005494273E-07
    0.3033000000E+03    0.2947953841E-07
    0.3042000000E+03    0.2891735626E-07
    0.3051000000E+03    0.2837004966E-07
    0.3060000000E+03    0.2783931952E-07
    0.3069000000E+03    0.2732690533E-07
    0.3078000000E+03    0.2683457386E-07
    0.3087000000E+03    0.2636410541E-07
    0.3096000000E+03    0.2591727728E-07
    0.3105000000E+03    0.2549584444E-07
    0.3114000000E+03    0.2510151751E-07
    0.3123000000E+03    0.2473593812E-07
    0.3132000000E+03    0.2440065220E-07
    0.3141000000E+03    0.2409708163E-07
    0.3150000000E+03    0.2382649531E-07
    0.3159000000E+03    0.2358998042E-07
    0.3168000000E+03    0.2338841526E-07
    0.3177000000E+03    0.2322244485E-07
    0.3186000000E+03    0.2309246054E-07
    0.3195000000E+03    0.2299858483E-07
    0.3204000000E+03    0.2294066224E-07
    0.3213000000E+03    0.2291825693E-07
    0.3222000000E+03    0.2293065721E-07
    0.3231000000E+03    0.2297688669E-07
    0.3240000000E+03    0.2305572167E-07
    0.3249000000E+03    0.2316571356E-07
    0.3258000000E+03    0.2330521543E-07
    0.3267000000E+03    0.2347241126E-07
    0.3276000000E+03    0.2366534649E-07
    0.3285000000E+03    0.2388195886E-07
    0.3294000000E+03    0.2412010827E-07
    0.3303000000E+03    0.2437760484E-07
    0.3312000000E+03    0.2465223461E-07
    0.3321000000E+03    0.2494178237E-07
    0.3330000000E+03    0.2524405146E-07
    0.3339000000E+03    0.2555688054E-07
    0.3348000000E+03    0.2587815734E-07
    0.3357000000E+03    0.2620582977E-07
    0.3366000000E+03    0.2653791446E-07
    0.3375000000E+03    0.2687250313E-07
    0.3384000000E+03    0.2720776715E-07
    0.3393000000E+03    0.2754196049E-07
    0.3402000000E+03    0.2787342141E-07
    0.3411000000E+03    0.2820057308E-07
    0.3420000000E+03    0.2852192349E-07
    0.3429000000E+03    0.2883606466E-07
    0.3438000000E+03    0.2914167149E-07
    0.3447000000E+03    0.2943750020E-07
    0.3456000000E+03    0.2972238675E-07
    0.3465000000E+03    0.2999524491E-07
    0.3474000000E+03    0.3025506455E-07
    0.3483000000E+03    0.3050090974E-07
    0.3492000000E+03    0.3073191699E-07
    0.3501000000E+03    0.3094729362E-07
    0.3510000000E+03    0.3114631613E-07
    0.3519000000E+03    0.3132832874E-07
    0.3528000000E+03    0.3149274210E-07
    0.3537000000E+03    0.3163903206E-07
    0.3546000000E+03    0.3176673858E-07
    0.3555000000E+03    0.3187546482E-07
    0.3564000000E+03    0.3196487636E-07
    0.3573000000E+03    0.3203470046E-07
    0.3582000000E+03    0.3208472557E-07
    0.3591000000E+03    0.3211480088E-07
