    0.0000000000E+00    0.4606448663E-06
    0.9000000000E+00    0.4605355877E-06
    0.1800000000E+01    0.4602078368E-06
    0.2700000000E+01    0.4596618685E-06
    0.3600000000E+01    0.4588981074E-06
    0.4500000000E+01    0.4579171469E-06
    0.5400000000E+01    0.4567197488E-06
    0.6300000000E+01    0.4553068417E-06
    0.7200000000E+01    0.4536795203E-06
    0.8100000000E+01    0.4518390434E-06
    0.9000000000E+01    0.4497868328E-06
    0.9900000000E+01    0.4475244705E-06
    0.1080000000E+02    0.4450536973E-06
    0.1170000000E+02    0.4423764102E-06
    0.1260000000E+02    0.4394946596E-06
    0.1350000000E+02    0.4364106469E-06
    0.1440000000E+02    0.4331267212E-06
    0.1530000000E+02    0.4296453767E-06
    0.1620000000E+02    0.4259692486E-06
    0.1710000000E+02    0.4221011104E-06
    0.1800000000E+02    0.4180438700E-06
    0.1890000000E+02    0.4138005655E-06
    0.1980000000E+02    0.4093743619E-06
    0.2070000000E+02    0.4047685469E-06
    0.2160000000E+02    0.3999865263E-06
    0.2250000000E+02    0.3950318202E-06
    0.2340000000E+02    0.3899080585E-06
    0.2430000000E+02    0.3846189762E-06
    0.2520000000E+02    0.3791684091E-06
    0.2610000000E+02    0.3735602891E-06
    0.2700000000E+02    0.3677986395E-06
    0.2790000000E+02    0.3618875704E-06
    0.2880000000E+02    0.3558312739E-06
    0.2970000000E+02    0.3496340195E-06
    0.3060000000E+02    0.3433001490E-06
    0.3150000000E+02    0.3368340724E-06
    0.3240000000E+02    0.3302402629E-06
    0.3330000000E+02    0.3235232525E-06
    0.3420000000E+02    0.3166876275E-06
    0.3510000000E+02    0.3097380243E-06
    0.3600000000E+02    0.3026791251E-06
    0.3690000000E+02    0.2955156542E-06
    0.3780000000E+02    0.2882523742E-06
    0.3870000000E+02    0.2808940828E-06
    0.3960000000E+02    0.2734456097E-06
    0.4050000000E+02    0.2659118145E-06
    0.4140000000E+02    0.2582975842E-06
    0.4230000000E+02    0.2506078327E-06
    0.4320000000E+02    0.2428475003E-06
    0.4410000000E+02    0.2350215544E-06
    0.4500000000E+02    0.2271349917E-06
    0.4590000000E+02    0.2191928423E-06
    0.4680000000E+02    0.2112001755E-06
    0.4770000000E+02    0.2031621085E-06
    0.4860000000E+02    0.1950838192E-06
    0.4950000000E+02    0.1869705625E-06
    0.5040000000E+02    0.1788276934E-06
    0.5130000000E+02    0.1706606981E-06
    0.5220000000E+02    0.1624752351E-06
    0.5310000000E+02    0.1542771919E-06
    0.5400000000E+02    0.1460727609E-06
    0.5490000000E+02    0.1378685437E-06
    0.5580000000E+02    0.1296716960E-06
    0.5670000000E+02    0.1214901293E-06
    0.5760000000E+02    0.1133327998E-06
    0.5850000000E+02    0.1052101243E-06
    0.5940000000E+02    0.9713459658E-07
    0.6030000000E+02    0.8912171574E-07
    0.6120000000E+02    0.8119142336E-07
    0.6210000000E+02    0.7337038534E-07
    0.6300000000E+02    0.6569571861E-07
    0.6390000000E+02    0.5822124818E-07
    0.6480000000E+02    0.5102825925E-07
    0.6570000000E+02    0.4424414334E-07
    0.6660000000E+02    0.3807379292E-07
    0.6750000000E+02    0.3284553767E-07
    0.6840000000E+02    0.2904757448E-07
    0.6930000000E+02    0.2725483867E-07
    0.7020000000E+02    0.2782619781E-07
    0.7110000000E+02    0.3059934653E-07
    0.7200000000E+02    0.3502747798E-07
    0.7290000000E+02    0.4054673477E-07
    0.7380000000E+02    0.4674932944E-07
    0.7470000000E+02    0.5337672718E-07
    0.7560000000E+02    0.6026994750E-07
    0.7650000000E+02    0.6733000936E-07
    0.7740000000E+02    0.7449353899E-07
    0.7830000000E+02    0.8171865791E-07
    0.7920000000E+02    0.8897684386E-07
    0.8010000000E+02    0.9624814547E-07
    0.8100000000E+02    0.1035182920E-06
    0.8190000000E+02    0.1107768966E-06
    0.8280000000E+02    0.1180163072E-06
    0.8370000000E+02    0.1252308522E-06
    0.8460000000E+02    0.1324163326E-06
    0.8550000000E+02    0.1395696716E-06
    0.8640000000E+02    0.1466886687E-06
    0.8730000000E+02    0.1537718219E-06
    0.8820000000E+02    0.1608181982E-06
    0.8910000000E+02    0.1678273359E-06
    0.9000000000E+02    0.1747991707E-06
    0.9090000000E+02    0.1817339773E-06
    0.9180000000E+02    0.1886323236E-06
    0.9270000000E+02    0.1954950331E-06
    0.9360000000E+02    0.2023231533E-06
    0.9450000000E+02    0.2091179294E-06
    0.9540000000E+02    0.2158807802E-06
    0.9630000000E+02    0.2226132779E-06
    0.9720000000E+02    0.2293171285E-06
    0.9810000000E+02    0.2359941545E-06
    0.9900000000E+02    0.2426462776E-06
    0.9990000000E+02    0.2492755026E-06
    0.1008000000E+03    0.2558839023E-06
    0.1017000000E+03    0.2624736014E-06
    0.1026000000E+03    0.2690467622E-06
    0.1035000000E+03    0.2756055691E-06
    0.1044000000E+03    0.2821522141E-06
    0.1053000000E+03    0.2886888822E-06
    0.1062000000E+03    0.2952177367E-06
    0.1071000000E+03    0.3017409048E-06
    0.1080000000E+03    0.3082604637E-06
    0.1089000000E+03    0.3147784258E-06
    0.1098000000E+03    0.3212967257E-06
    0.1107000000E+03    0.3278172060E-06
    0.1116000000E+03    0.3343416045E-06
    0.1125000000E+03    0.3408715411E-06
    0.1134000000E+03    0.3474085055E-06
    0.1143000000E+03    0.3539538453E-06
    0.1152000000E+03    0.3605087547E-06
    0.1161000000E+03    0.3670742637E-06
    0.1170000000E+03    0.3736512280E-06
    0.1179000000E+03    0.3802403198E-06
    0.1188000000E+03    0.3868420189E-06
    0.1197000000E+03    0.3934566054E-06
    0.1206000000E+03    0.4000841521E-06
    0.1215000000E+03    0.4067245188E-06
    0.1224000000E+03    0.4133773469E-06
    0.1233000000E+03    0.4200420551E-06
    0.1242000000E+03    0.4267178362E-06
    0.1251000000E+03    0.4334036541E-06
    0.1260000000E+03    0.4400982429E-06
    0.1269000000E+03    0.4468001058E-06
    0.1278000000E+03    0.4535075156E-06
    0.1287000000E+03    0.4602185159E-06
    0.1296000000E+03    0.4669309228E-06
    0.1305000000E+03    0.4736423287E-06
    0.1314000000E+03    0.4803501052E-06
    0.1323000000E+03    0.4870514081E-06
    0.1332000000E+03    0.4937431828E-06
    0.1341000000E+03    0.5004221702E-06
    0.1350000000E+03    0.5070849136E-06
    0.1359000000E+03    0.5137277662E-06
    0.1368000000E+03    0.5203468992E-06
    0.1377000000E+03    0.5269383100E-06
    0.1386000000E+03    0.5334978322E-06
    0.1395000000E+03    0.5400211444E-06
    0.1404000000E+03    0.5465037808E-06
    0.1413000000E+03    0.5529411416E-06
    0.1422000000E+03    0.5593285039E-06
    0.1431000000E+03    0.5656610325E-06
    0.1440000000E+03    0.5719337919E-06
    0.1449000000E+03    0.5781417576E-06
    0.1458000000E+03    0.5842798278E-06
    0.1467000000E+03    0.5903428360E-06
    0.1476000000E+03    0.5963255625E-06
    0.1485000000E+03    0.6022227467E-06
    0.1494000000E+03    0.6080290996E-06
    0.1503000000E+03    0.6137393159E-06
    0.1512000000E+03    0.6193480860E-06
    0.1521000000E+03    0.6248501086E-06
    0.1530000000E+03    0.6302401022E-06
    0.1539000000E+03    0.6355128175E-06
    0.1548000000E+03    0.6406630490E-06
    0.1557000000E+03    0.6456856469E-06
    0.1566000000E+03    0.6505755282E-06
    0.1575000000E+03    0.6553276880E-06
    0.1584000000E+03    0.6599372110E-06
    0.1593000000E+03    0.6643992817E-06
    0.1602000000E+03    0.6687091949E-06
    0.1611000000E+03    0.6728623665E-06
    0.1620000000E+03    0.6768543425E-06
    0.1629000000E+03    0.6806808094E-06
    0.1638000000E+03    0.6843376027E-06
    0.1647000000E+03    0.6878207162E-06
    0.1656000000E+03    0.6911263105E-06
    0.1665000000E+03    0.6942507207E-06
    0.1674000000E+03    0.6971904643E-06
    0.1683000000E+03    0.6999422488E-06
    0.1692000000E+03    0.7025029781E-06
    0.1701000000E+03    0.7048697592E-06
    0.1710000000E+03    0.7070399079E-06
    0.1719000000E+03    0.7090109548E-06
    0.1728000000E+03    0.7107806501E-06
    0.1737000000E+03    0.7123469682E-06
    0.1746000000E+03    0.7137081121E-06
    0.1755000000E+03    0.7148625167E-06
    0.1764000000E+03    0.7158088524E-06
    0.1773000000E+03    0.7165460276E-06
    0.1782000000E+03    0.7170731909E-06
    0.1791000000E+03    0.7173897330E-06
    0.1800000000E+03    0.7174952877E-06
    0.1809000000E+03    0.7173897330E-06
    0.1818000000E+03    0.7170731909E-06
    0.1827000000E+03    0.7165460276E-06
    0.1836000000E+03    0.7158088524E-06
    0.1845000000E+03    0.7148625167E-06
    0.1854000000E+03    0.7137081121E-06
    0.1863000000E+03    0.7123469682E-06
    0.1872000000E+03    0.7107806501E-06
    0.1881000000E+03    0.7090109548E-06
    0.1890000000E+03    0.7070399079E-06
    0.1899000000E+03    0.7048697592E-06
    0.1908000000E+03    0.7025029781E-06
    0.1917000000E+03    0.6999422488E-06
    0.1926000000E+03    0.6971904643E-06
    0.1935000000E+03    0.6942507207E-06
    0.1944000000E+03    0.6911263105E-06
    0.1953000000E+03    0.6878207162E-06
    0.1962000000E+03    0.6843376027E-06
    0.1971000000E+03    0.6806808094E-06
    0.1980000000E+03    0.6768543425E-06
    0.1989000000E+03    0.6728623665E-06
    0.1998000000E+03    0.6687091949E-06
    0.2007000000E+03    0.6643992817E-06
    0.2016000000E+03    0.6599372110E-06
    0.2025000000E+03    0.6553276880E-06
    0.2034000000E+03    0.6505755282E-06
    0.2043000000E+03    0.6456856469E-06
    0.2052000000E+03    0.6406630490E-06
    0.2061000000E+03    0.6355128175E-06
    0.2070000000E+03    0.6302401022E-06
    0.2079000000E+03    0.6248501086E-06
    0.2088000000E+03    0.6193480860E-06
    0.2097000000E+03    0.6137393159E-06
    0.2106000000E+03    0.6080290996E-06
    0.2115000000E+03    0.6022227467E-06
    0.2124000000E+03    0.5963255625E-06
    0.2133000000E+03    0.5903428360E-06
    0.2142000000E+03    0.5842798278E-06
    0.2151000000E+03    0.5781417576E-06
    0.2160000000E+03    0.5719337919E-06
    0.2169000000E+03    0.5656610325E-06
    0.2178000000E+03    0.5593285039E-06
    0.2187000000E+03    0.5529411416E-06
    0.2196000000E+03    0.5465037808E-06
    0.2205000000E+03    0.5400211444E-06
    0.2214000000E+03    0.5334978322E-06
    0.2223000000E+03    0.5269383100E-06
    0.2232000000E+03    0.5203468992E-06
    0.2241000000E+03    0.5137277662E-06
    0.2250000000E+03    0.5070849136E-06
    0.2259000000E+03    0.5004221702E-06
    0.2268000000E+03    0.4937431828E-06
    0.2277000000E+03    0.4870514081E-06
    0.2286000000E+03    0.4803501052E-06
    0.2295000000E+03    0.4736423287E-06
    0.2304000000E+03    0.4669309228E-06
    0.2313000000E+03    0.4602185159E-06
    0.2322000000E+03    0.4535075156E-06
    0.2331000000E+03    0.4468001058E-06
    0.2340000000E+03    0.4400982429E-06
    0.2349000000E+03    0.4334036541E-06
    0.2358000000E+03    0.4267178362E-06
    0.2367000000E+03    0.4200420551E-06
    0.2376000000E+03    0.4133773469E-06
    0.2385000000E+03    0.4067245188E-06
    0.2394000000E+03    0.4000841521E-06
    0.2403000000E+03    0.3934566054E-06
    0.2412000000E+03    0.3868420189E-06
    0.2421000000E+03    0.3802403198E-06
    0.2430000000E+03    0.3736512280E-06
    0.2439000000E+03    0.3670742637E-06
    0.2448000000E+03    0.3605087547E-06
    0.2457000000E+03    0.3539538453E-06
    0.2466000000E+03    0.3474085055E-06
    0.2475000000E+03    0.3408715411E-06
    0.2484000000E+03    0.3343416045E-06
    0.2493000000E+03    0.3278172060E-06
    0.2502000000E+03    0.3212967257E-06
    0.2511000000E+03    0.3147784258E-06
    0.2520000000E+03    0.3082604637E-06
    0.2529000000E+03    0.3017409048E-06
    0.2538000000E+03    0.2952177367E-06
    0.2547000000E+03    0.2886888822E-06
    0.2556000000E+03    0.2821522141E-06
    0.2565000000E+03    0.2756055691E-06
    0.2574000000E+03    0.2690467622E-06
    0.2583000000E+03    0.2624736014E-06
    0.2592000000E+03    0.2558839023E-06
    0.2601000000E+03    0.2492755026E-06
    0.2610000000E+03    0.2426462776E-06
    0.2619000000E+03    0.2359941545E-06
    0.2628000000E+03    0.2293171285E-06
    0.2637000000E+03    0.2226132779E-06
    0.2646000000E+03    0.2158807802E-06
    0.2655000000E+03    0.2091179294E-06
    0.2664000000E+03    0.2023231533E-06
    0.2673000000E+03    0.1954950331E-06
    0.2682000000E+03    0.1886323236E-06
    0.2691000000E+03    0.1817339773E-06
    0.2700000000E+03    0.1747991707E-06
    0.2709000000E+03    0.1678273359E-06
    0.2718000000E+03    0.1608181982E-06
    0.2727000000E+03    0.1537718219E-06
    0.2736000000E+03    0.1466886687E-06
    0.2745000000E+03    0.1395696716E-06
    0.2754000000E+03    0.1324163326E-06
    0.2763000000E+03    0.1252308522E-06
    0.2772000000E+03    0.1180163072E-06
    0.2781000000E+03    0.1107768966E-06
    0.2790000000E+03    0.1035182920E-06
    0.2799000000E+03    0.9624814547E-07
    0.2808000000E+03    0.8897684386E-07
    0.2817000000E+03    0.8171865791E-07
    0.2826000000E+03    0.7449353899E-07
    0.2835000000E+03    0.6733000936E-07
    0.2844000000E+03    0.6026994750E-07
    0.2853000000E+03    0.5337672718E-07
    0.2862000000E+03    0.4674932944E-07
    0.2871000000E+03    0.4054673477E-07
    0.2880000000E+03    0.3502747798E-07
    0.2889000000E+03    0.3059934653E-07
    0.2898000000E+03    0.2782619781E-07
    0.2907000000E+03    0.2725483867E-07
    0.2916000000E+03    0.2904757448E-07
    0.2925000000E+03    0.3284553767E-07
    0.2934000000E+03    0.3807379292E-07
    0.2943000000E+03    0.4424414334E-07
    0.2952000000E+03    0.5102825925E-07
    0.2961000000E+03    0.5822124818E-07
    0.2970000000E+03    0.6569571861E-07
    0.2979000000E+03    0.7337038534E-07
    0.2988000000E+03    0.8119142336E-07
    0.2997000000E+03    0.8912171574E-07
    0.3006000000E+03    0.9713459658E-07
    0.3015000000E+03    0.1052101243E-06
    0.3024000000E+03    0.1133327998E-06
    0.3033000000E+03    0.1214901293E-06
    0.3042000000E+03    0.1296716960E-06
    0.3051000000E+03    0.1378685437E-06
    0.3060000000E+03    0.1460727609E-06
    0.3069000000E+03    0.1542771919E-06
    0.3078000000E+03    0.1624752351E-06
    0.3087000000E+03    0.1706606981E-06
    0.3096000000E+03    0.1788276934E-06
    0.3105000000E+03    0.1869705625E-06
    0.3114000000E+03    0.1950838192E-06
    0.3123000000E+03    0.2031621085E-06
    0.3132000000E+03    0.2112001755E-06
    0.3141000000E+03    0.2191928423E-06
    0.3150000000E+03    0.2271349917E-06
    0.3159000000E+03    0.2350215544E-06
    0.3168000000E+03    0.2428475003E-06
    0.3177000000E+03    0.2506078327E-06
    0.3186000000E+03    0.2582975842E-06
    0.3195000000E+03    0.2659118145E-06
    0.3204000000E+03    0.2734456097E-06
    0.3213000000E+03    0.2808940828E-06
    0.3222000000E+03    0.2882523742E-06
    0.3231000000E+03    0.2955156542E-06
    0.3240000000E+03    0.3026791251E-06
    0.3249000000E+03    0.3097380243E-06
    0.3258000000E+03    0.3166876275E-06
    0.3267000000E+03    0.3235232525E-06
    0.3276000000E+03    0.3302402629E-06
    0.3285000000E+03    0.3368340724E-06
    0.3294000000E+03    0.3433001490E-06
    0.3303000000E+03    0.3496340195E-06
    0.3312000000E+03    0.3558312739E-06
    0.3321000000E+03    0.3618875704E-06
    0.3330000000E+03    0.3677986395E-06
    0.3339000000E+03    0.3735602891E-06
    0.3348000000E+03    0.3791684091E-06
    0.3357000000E+03    0.3846189762E-06
    0.3366000000E+03    0.3899080585E-06
    0.3375000000E+03    0.3950318202E-06
    0.3384000000E+03    0.3999865263E-06
    0.3393000000E+03    0.4047685469E-06
    0.3402000000E+03    0.4093743619E-06
    0.3411000000E+03    0.4138005655E-06
    0.3420000000E+03    0.4180438700E-06
    0.3429000000E+03    0.4221011104E-06
    0.3438000000E+03    0.4259692486E-06
    0.3447000000E+03    0.4296453767E-06
    0.3456000000E+03    0.4331267212E-06
    0.3465000000E+03    0.4364106469E-06
    0.3474000000E+03    0.4394946596E-06
    0.3483000000E+03    0.4423764102E-06
    0.3492000000E+03    0.4450536973E-06
    0.3501000000E+03    0.4475244705E-06
    0.3510000000E+03    0.4497868328E-06
    0.3519000000E+03    0.4518390434E-06
    0.3528000000E+03    0.4536795203E-06
    0.3537000000E+03    0.4553068417E-06
    0.3546000000E+03    0.4567197488E-06
    0.3555000000E+03    0.4579171469E-06
    0.3564000000E+03    0.4588981074E-06
    0.3573000000E+03    0.4596618685E-06
    0.3582000000E+03    0.4602078368E-06
    0.3591000000E+03    0.4605355877E-06
