    0.0000000000E+00    0.1176773739E-06
    0.9000000000E+00    0.1176858925E-06
    0.1800000000E+01    0.1177114390E-06
    0.2700000000E+01    0.1177539862E-06
    0.3600000000E+01    0.1178134879E-06
    0.4500000000E+01    0.1178898793E-06
    0.5400000000E+01    0.1179830760E-06
    0.6300000000E+01    0.1180929732E-06
    0.7200000000E+01    0.1182194453E-06
    0.8100000000E+01    0.1183623445E-06
    0.9000000000E+01    0.1185215002E-06
    0.9900000000E+01    0.1186967170E-06
    0.1080000000E+02    0.1188877745E-06
    0.1170000000E+02    0.1190944252E-06
    0.1260000000E+02    0.1193163932E-06
    0.1350000000E+02    0.1195533733E-06
    0.1440000000E+02    0.1198050288E-06
    0.1530000000E+02    0.1200709908E-06
    0.1620000000E+02    0.1203508564E-06
    0.1710000000E+02    0.1206441873E-06
    0.1800000000E+02    0.1209505088E-06
    0.1890000000E+02    0.1212693082E-06
    0.1980000000E+02    0.1216000339E-06
    0.2070000000E+02    0.1219420946E-06
    0.2160000000E+02    0.1222948578E-06
    0.2250000000E+02    0.1226576495E-06
    0.2340000000E+02    0.1230297534E-06
    0.2430000000E+02    0.1234104106E-06
    0.2520000000E+02    0.1237988189E-06
    0.2610000000E+02    0.1241941332E-06
    0.2700000000E+02    0.1245954651E-06
    0.2790000000E+02    0.1250018833E-06
    0.2880000000E+02    0.1254124141E-06
    0.2970000000E+02    0.1258260417E-06
    0.3060000000E+02    0.1262417092E-06
    0.3150000000E+02    0.1266583194E-06
    0.3240000000E+02    0.1270747359E-06
    0.3330000000E+02    0.1274897843E-06
    0.3420000000E+02    0.1279022540E-06
    0.3510000000E+02    0.1283108992E-06
    0.3600000000E+02    0.1287144411E-06
    0.3690000000E+02    0.1291115693E-06
    0.3780000000E+02    0.1295009443E-06
    0.3870000000E+02    0.1298811992E-06
    0.3960000000E+02    0.1302509420E-06
    0.4050000000E+02    0.1306087580E-06
    0.4140000000E+02    0.1309532121E-06
    0.4230000000E+02    0.1312828512E-06
    0.4320000000E+02    0.1315962069E-06
    0.4410000000E+02    0.1318917978E-06
    0.4500000000E+02    0.1321681326E-06
    0.4590000000E+02    0.1324237122E-06
    0.4680000000E+02    0.1326570330E-06
    0.4770000000E+02    0.1328665889E-06
    0.4860000000E+02    0.1330508750E-06
    0.4950000000E+02    0.1332083894E-06
    0.5040000000E+02    0.1333376366E-06
    0.5130000000E+02    0.1334371298E-06
    0.5220000000E+02    0.1335053942E-06
    0.5310000000E+02    0.1335409691E-06
    0.5400000000E+02    0.1335424110E-06
    0.5490000000E+02    0.1335082963E-06
    0.5580000000E+02    0.1334372236E-06
    0.5670000000E+02    0.1333278168E-06
    0.5760000000E+02    0.1331787275E-06
    0.5850000000E+02    0.1329886375E-06
    0.5940000000E+02    0.1327562612E-06
    0.6030000000E+02    0.1324803487E-06
    0.6120000000E+02    0.1321596876E-06
    0.6210000000E+02    0.1317931060E-06
    0.6300000000E+02    0.1313794743E-06
    0.6390000000E+02    0.1309177084E-06
    0.6480000000E+02    0.1304067713E-06
    0.6570000000E+02    0.1298456758E-06
    0.6660000000E+02    0.1292334870E-06
    0.6750000000E+02    0.1285693242E-06
    0.6840000000E+02    0.1278523637E-06
    0.6930000000E+02    0.1270818408E-06
    0.7020000000E+02    0.1262570521E-06
    0.7110000000E+02    0.1253773582E-06
    0.7200000000E+02    0.1244421858E-06
    0.7290000000E+02    0.1234510303E-06
    0.7380000000E+02    0.1224034586E-06
    0.7470000000E+02    0.1212991109E-06
    0.7560000000E+02    0.1201377046E-06
    0.7650000000E+02    0.1189190362E-06
    0.7740000000E+02    0.1176429848E-06
    0.7830000000E+02    0.1163095155E-06
    0.7920000000E+02    0.1149186827E-06
    0.8010000000E+02    0.1134706337E-06
    0.8100000000E+02    0.1119656136E-06
    0.8190000000E+02    0.1104039691E-06
    0.8280000000E+02    0.1087861543E-06
    0.8370000000E+02    0.1071127359E-06
    0.8460000000E+02    0.1053844003E-06
    0.8550000000E+02    0.1036019604E-06
    0.8640000000E+02    0.1017663641E-06
    0.8730000000E+02    0.9987870409E-07
    0.8820000000E+02    0.9794022865E-07
    0.8910000000E+02    0.9595235460E-07
    0.9000000000E+02    0.9391668203E-07
    0.9090000000E+02    0.9183501168E-07
    0.9180000000E+02    0.8970936516E-07
    0.9270000000E+02    0.8754200880E-07
    0.9360000000E+02    0.8533548171E-07
    0.9450000000E+02    0.8309262893E-07
    0.9540000000E+02    0.8081664076E-07
    0.9630000000E+02    0.7851109936E-07
    0.9720000000E+02    0.7618003423E-07
    0.9810000000E+02    0.7382798824E-07
    0.9900000000E+02    0.7146009607E-07
    0.9990000000E+02    0.6908217765E-07
    0.1008000000E+03    0.6670084873E-07
    0.1017000000E+03    0.6432365147E-07
    0.1026000000E+03    0.6195920732E-07
    0.1035000000E+03    0.5961739398E-07
    0.1044000000E+03    0.5730954662E-07
    0.1053000000E+03    0.5504868079E-07
    0.1062000000E+03    0.5284972913E-07
    0.1071000000E+03    0.5072977607E-07
    0.1080000000E+03    0.4870826238E-07
    0.1089000000E+03    0.4680711432E-07
    0.1098000000E+03    0.4505073099E-07
    0.1107000000E+03    0.4346574192E-07
    0.1116000000E+03    0.4208043258E-07
    0.1125000000E+03    0.4092374463E-07
    0.1134000000E+03    0.4002380653E-07
    0.1143000000E+03    0.3940605352E-07
    0.1152000000E+03    0.3909114284E-07
    0.1161000000E+03    0.3909301452E-07
    0.1170000000E+03    0.3941751225E-07
    0.1179000000E+03    0.4006189995E-07
    0.1188000000E+03    0.4101538988E-07
    0.1197000000E+03    0.4226052880E-07
    0.1206000000E+03    0.4377509029E-07
    0.1215000000E+03    0.4553406968E-07
    0.1224000000E+03    0.4751145856E-07
    0.1233000000E+03    0.4968162046E-07
    0.1242000000E+03    0.5202022552E-07
    0.1251000000E+03    0.5450479276E-07
    0.1260000000E+03    0.5711492912E-07
    0.1269000000E+03    0.5983235915E-07
    0.1278000000E+03    0.6264082512E-07
    0.1287000000E+03    0.6552591721E-07
    0.1296000000E+03    0.6847487427E-07
    0.1305000000E+03    0.7147638069E-07
    0.1314000000E+03    0.7452037364E-07
    0.1323000000E+03    0.7759786814E-07
    0.1332000000E+03    0.8070080255E-07
    0.1341000000E+03    0.8382190464E-07
    0.1350000000E+03    0.8695457691E-07
    0.1359000000E+03    0.9009279916E-07
    0.1368000000E+03    0.9323104629E-07
    0.1377000000E+03    0.9636421902E-07
    0.1386000000E+03    0.9948758574E-07
    0.1395000000E+03    0.1025967338E-06
    0.1404000000E+03    0.1056875283E-06
    0.1413000000E+03    0.1087560783E-06
    0.1422000000E+03    0.1117987074E-06
    0.1431000000E+03    0.1148119299E-06
    0.1440000000E+03    0.1177924304E-06
    0.1449000000E+03    0.1207370468E-06
    0.1458000000E+03    0.1236427557E-06
    0.1467000000E+03    0.1265066604E-06
    0.1476000000E+03    0.1293259810E-06
    0.1485000000E+03    0.1320980453E-06
    0.1494000000E+03    0.1348202822E-06
    0.1503000000E+03    0.1374902153E-06
    0.1512000000E+03    0.1401054578E-06
    0.1521000000E+03    0.1426637086E-06
    0.1530000000E+03    0.1451627486E-06
    0.1539000000E+03    0.1476004377E-06
    0.1548000000E+03    0.1499747124E-06
    0.1557000000E+03    0.1522835842E-06
    0.1566000000E+03    0.1545251372E-06
    0.1575000000E+03    0.1566975278E-06
    0.1584000000E+03    0.1587989827E-06
    0.1593000000E+03    0.1608277990E-06
    0.1602000000E+03    0.1627823430E-06
    0.1611000000E+03    0.1646610498E-06
    0.1620000000E+03    0.1664624232E-06
    0.1629000000E+03    0.1681850355E-06
    0.1638000000E+03    0.1698275274E-06
    0.1647000000E+03    0.1713886076E-06
    0.1656000000E+03    0.1728670535E-06
    0.1665000000E+03    0.1742617108E-06
    0.1674000000E+03    0.1755714938E-06
    0.1683000000E+03    0.1767953855E-06
    0.1692000000E+03    0.1779324379E-06
    0.1701000000E+03    0.1789817723E-06
    0.1710000000E+03    0.1799425790E-06
    0.1719000000E+03    0.1808141182E-06
    0.1728000000E+03    0.1815957196E-06
    0.1737000000E+03    0.1822867830E-06
    0.1746000000E+03    0.1828867782E-06
    0.1755000000E+03    0.1833952456E-06
    0.1764000000E+03    0.1838117957E-06
    0.1773000000E+03    0.1841361099E-06
    0.1782000000E+03    0.1843679401E-06
    0.1791000000E+03    0.1845071091E-06
    0.1800000000E+03    0.1845535106E-06
    0.1809000000E+03    0.1845071091E-06
    0.1818000000E+03    0.1843679401E-06
    0.1827000000E+03    0.1841361099E-06
    0.1836000000E+03    0.1838117957E-06
    0.1845000000E+03    0.1833952456E-06
    0.1854000000E+03    0.1828867782E-06
    0.1863000000E+03    0.1822867830E-06
    0.1872000000E+03    0.1815957196E-06
    0.1881000000E+03    0.1808141182E-06
    0.1890000000E+03    0.1799425790E-06
    0.1899000000E+03    0.1789817723E-06
    0.1908000000E+03    0.1779324379E-06
    0.1917000000E+03    0.1767953855E-06
    0.1926000000E+03    0.1755714938E-06
    0.1935000000E+03    0.1742617108E-06
    0.1944000000E+03    0.1728670535E-06
    0.1953000000E+03    0.1713886076E-06
    0.1962000000E+03    0.1698275274E-06
    0.1971000000E+03    0.1681850355E-06
    0.1980000000E+03    0.1664624232E-06
    0.1989000000E+03    0.1646610498E-06
    0.1998000000E+03    0.1627823430E-06
    0.2007000000E+03    0.1608277990E-06
    0.2016000000E+03    0.1587989827E-06
    0.2025000000E+03    0.1566975278E-06
    0.2034000000E+03    0.1545251372E-06
    0.2043000000E+03    0.1522835842E-06
    0.2052000000E+03    0.1499747124E-06
    0.2061000000E+03    0.1476004377E-06
    0.2070000000E+03    0.1451627486E-06
    0.2079000000E+03    0.1426637086E-06
    0.2088000000E+03    0.1401054578E-06
    0.2097000000E+03    0.1374902153E-06
    0.2106000000E+03    0.1348202822E-06
    0.2115000000E+03    0.1320980453E-06
    0.2124000000E+03    0.1293259810E-06
    0.2133000000E+03    0.1265066604E-06
    0.2142000000E+03    0.1236427557E-06
    0.2151000000E+03    0.1207370468E-06
    0.2160000000E+03    0.1177924304E-06
    0.2169000000E+03    0.1148119299E-06
    0.2178000000E+03    0.1117987074E-06
    0.2187000000E+03    0.1087560783E-06
    0.2196000000E+03    0.1056875283E-06
    0.2205000000E+03    0.1025967338E-06
    0.2214000000E+03    0.9948758574E-07
    0.2223000000E+03    0.9636421902E-07
    0.2232000000E+03    0.9323104629E-07
    0.2241000000E+03    0.9009279916E-07
    0.2250000000E+03    0.8695457691E-07
    0.2259000000E+03    0.8382190464E-07
    0.2268000000E+03    0.8070080255E-07
    0.2277000000E+03    0.7759786814E-07
    0.2286000000E+03    0.7452037364E-07
    0.2295000000E+03    0.7147638069E-07
    0.2304000000E+03    0.6847487427E-07
    0.2313000000E+03    0.6552591721E-07
    0.2322000000E+03    0.6264082512E-07
    0.2331000000E+03    0.5983235915E-07
    0.2340000000E+03    0.5711492912E-07
    0.2349000000E+03    0.5450479276E-07
    0.2358000000E+03    0.5202022552E-07
    0.2367000000E+03    0.4968162046E-07
    0.2376000000E+03    0.4751145856E-07
    0.2385000000E+03    0.4553406968E-07
    0.2394000000E+03    0.4377509029E-07
    0.2403000000E+03    0.4226052880E-07
    0.2412000000E+03    0.4101538988E-07
    0.2421000000E+03    0.4006189995E-07
    0.2430000000E+03    0.3941751225E-07
    0.2439000000E+03    0.3909301452E-07
    0.2448000000E+03    0.3909114284E-07
    0.2457000000E+03    0.3940605352E-07
    0.2466000000E+03    0.4002380653E-07
    0.2475000000E+03    0.4092374463E-07
    0.2484000000E+03    0.4208043258E-07
    0.2493000000E+03    0.4346574192E-07
    0.2502000000E+03    0.4505073099E-07
    0.2511000000E+03    0.4680711432E-07
    0.2520000000E+03    0.4870826238E-07
    0.2529000000E+03    0.5072977607E-07
    0.2538000000E+03    0.5284972913E-07
    0.2547000000E+03    0.5504868079E-07
    0.2556000000E+03    0.5730954662E-07
    0.2565000000E+03    0.5961739398E-07
    0.2574000000E+03    0.6195920732E-07
    0.2583000000E+03    0.6432365147E-07
    0.2592000000E+03    0.6670084873E-07
    0.2601000000E+03    0.6908217765E-07
    0.2610000000E+03    0.7146009607E-07
    0.2619000000E+03    0.7382798824E-07
    0.2628000000E+03    0.7618003423E-07
    0.2637000000E+03    0.7851109936E-07
    0.2646000000E+03    0.8081664076E-07
    0.2655000000E+03    0.8309262893E-07
    0.2664000000E+03    0.8533548171E-07
    0.2673000000E+03    0.8754200880E-07
    0.2682000000E+03    0.8970936516E-07
    0.2691000000E+03    0.9183501168E-07
    0.2700000000E+03    0.9391668203E-07
    0.2709000000E+03    0.9595235460E-07
    0.2718000000E+03    0.9794022865E-07
    0.2727000000E+03    0.9987870409E-07
    0.2736000000E+03    0.1017663641E-06
    0.2745000000E+03    0.1036019604E-06
    0.2754000000E+03    0.1053844003E-06
    0.2763000000E+03    0.1071127359E-06
    0.2772000000E+03    0.1087861543E-06
    0.2781000000E+03    0.1104039691E-06
    0.2790000000E+03    0.1119656136E-06
    0.2799000000E+03    0.1134706337E-06
    0.2808000000E+03    0.1149186827E-06
    0.2817000000E+03    0.1163095155E-06
    0.2826000000E+03    0.1176429848E-06
    0.2835000000E+03    0.1189190362E-06
    0.2844000000E+03    0.1201377046E-06
    0.2853000000E+03    0.1212991109E-06
    0.2862000000E+03    0.1224034586E-06
    0.2871000000E+03    0.1234510303E-06
    0.2880000000E+03    0.1244421858E-06
    0.2889000000E+03    0.1253773582E-06
    0.2898000000E+03    0.1262570521E-06
    0.2907000000E+03    0.1270818408E-06
    0.2916000000E+03    0.1278523637E-06
    0.2925000000E+03    0.1285693242E-06
    0.2934000000E+03    0.1292334870E-06
    0.2943000000E+03    0.1298456758E-06
    0.2952000000E+03    0.1304067713E-06
    0.2961000000E+03    0.1309177084E-06
    0.2970000000E+03    0.1313794743E-06
    0.2979000000E+03    0.1317931060E-06
    0.2988000000E+03    0.1321596876E-06
    0.2997000000E+03    0.1324803487E-06
    0.3006000000E+03    0.1327562612E-06
    0.3015000000E+03    0.1329886375E-06
    0.3024000000E+03    0.1331787275E-06
    0.3033000000E+03    0.1333278168E-06
    0.3042000000E+03    0.1334372236E-06
    0.3051000000E+03    0.1335082963E-06
    0.3060000000E+03    0.1335424110E-06
    0.3069000000E+03    0.1335409691E-06
    0.3078000000E+03    0.1335053942E-06
    0.3087000000E+03    0.1334371298E-06
    0.3096000000E+03    0.1333376366E-06
    0.3105000000E+03    0.1332083894E-06
    0.3114000000E+03    0.1330508750E-06
    0.3123000000E+03    0.1328665889E-06
    0.3132000000E+03    0.1326570330E-06
    0.3141000000E+03    0.1324237122E-06
    0.3150000000E+03    0.1321681326E-06
    0.3159000000E+03    0.1318917978E-06
    0.3168000000E+03    0.1315962069E-06
    0.3177000000E+03    0.1312828512E-06
    0.3186000000E+03    0.1309532121E-06
    0.3195000000E+03    0.1306087580E-06
    0.3204000000E+03    0.1302509420E-06
    0.3213000000E+03    0.1298811992E-06
    0.3222000000E+03    0.1295009443E-06
    0.3231000000E+03    0.1291115693E-06
    0.3240000000E+03    0.1287144411E-06
    0.3249000000E+03    0.1283108992E-06
    0.3258000000E+03    0.1279022540E-06
    0.3267000000E+03    0.1274897843E-06
    0.3276000000E+03    0.1270747359E-06
    0.3285000000E+03    0.1266583194E-06
    0.3294000000E+03    0.1262417092E-06
    0.3303000000E+03    0.1258260417E-06
    0.3312000000E+03    0.1254124141E-06
    0.3321000000E+03    0.1250018833E-06
    0.3330000000E+03    0.1245954651E-06
    0.3339000000E+03    0.1241941332E-06
    0.3348000000E+03    0.1237988189E-06
    0.3357000000E+03    0.1234104106E-06
    0.3366000000E+03    0.1230297534E-06
    0.3375000000E+03    0.1226576495E-06
    0.3384000000E+03    0.1222948578E-06
    0.3393000000E+03    0.1219420946E-06
    0.3402000000E+03    0.1216000339E-06
    0.3411000000E+03    0.1212693082E-06
    0.3420000000E+03    0.1209505088E-06
    0.3429000000E+03    0.1206441873E-06
    0.3438000000E+03    0.1203508564E-06
    0.3447000000E+03    0.1200709908E-06
    0.3456000000E+03    0.1198050288E-06
    0.3465000000E+03    0.1195533733E-06
    0.3474000000E+03    0.1193163932E-06
    0.3483000000E+03    0.1190944252E-06
    0.3492000000E+03    0.1188877745E-06
    0.3501000000E+03    0.1186967170E-06
    0.3510000000E+03    0.1185215002E-06
    0.3519000000E+03    0.1183623445E-06
    0.3528000000E+03    0.1182194453E-06
    0.3537000000E+03    0.1180929732E-06
    0.3546000000E+03    0.1179830760E-06
    0.3555000000E+03    0.1178898793E-06
    0.3564000000E+03    0.1178134879E-06
    0.3573000000E+03    0.1177539862E-06
    0.3582000000E+03    0.1177114390E-06
    0.3591000000E+03    0.1176858925E-06
