    0.0000000000E+00    0.5569656924E-06
    0.9000000000E+00    0.5568399170E-06
    0.1800000000E+01    0.5564626701E-06
    0.2700000000E+01    0.5558341890E-06
    0.3600000000E+01    0.5549548692E-06
    0.4500000000E+01    0.5538252639E-06
    0.5400000000E+01    0.5524460832E-06
    0.6300000000E+01    0.5508181939E-06
    0.7200000000E+01    0.5489426182E-06
    0.8100000000E+01    0.5468205330E-06
    0.9000000000E+01    0.5444532687E-06
    0.9900000000E+01    0.5418423078E-06
    0.1080000000E+02    0.5389892837E-06
    0.1170000000E+02    0.5358959790E-06
    0.1260000000E+02    0.5325643239E-06
    0.1350000000E+02    0.5289963944E-06
    0.1440000000E+02    0.5251944101E-06
    0.1530000000E+02    0.5211607327E-06
    0.1620000000E+02    0.5168978631E-06
    0.1710000000E+02    0.5124084395E-06
    0.1800000000E+02    0.5076952352E-06
    0.1890000000E+02    0.5027611555E-06
    0.1980000000E+02    0.4976092356E-06
    0.2070000000E+02    0.4922426375E-06
    0.2160000000E+02    0.4866646477E-06
    0.2250000000E+02    0.4808786736E-06
    0.2340000000E+02    0.4748882412E-06
    0.2430000000E+02    0.4686969917E-06
    0.2520000000E+02    0.4623086786E-06
    0.2610000000E+02    0.4557271641E-06
    0.2700000000E+02    0.4489564168E-06
    0.2790000000E+02    0.4420005072E-06
    0.2880000000E+02    0.4348636057E-06
    0.2970000000E+02    0.4275499782E-06
    0.3060000000E+02    0.4200639837E-06
    0.3150000000E+02    0.4124100701E-06
    0.3240000000E+02    0.4045927717E-06
    0.3330000000E+02    0.3966167053E-06
    0.3420000000E+02    0.3884865674E-06
    0.3510000000E+02    0.3802071306E-06
    0.3600000000E+02    0.3717832408E-06
    0.3690000000E+02    0.3632198143E-06
    0.3780000000E+02    0.3545218347E-06
    0.3870000000E+02    0.3456943503E-06
    0.3960000000E+02    0.3367424719E-06
    0.4050000000E+02    0.3276713704E-06
    0.4140000000E+02    0.3184862753E-06
    0.4230000000E+02    0.3091924732E-06
    0.4320000000E+02    0.2997953074E-06
    0.4410000000E+02    0.2903001774E-06
    0.4500000000E+02    0.2807125407E-06
    0.4590000000E+02    0.2710379139E-06
    0.4680000000E+02    0.2612818775E-06
    0.4770000000E+02    0.2514500805E-06
    0.4860000000E+02    0.2415482491E-06
    0.4950000000E+02    0.2315821983E-06
    0.5040000000E+02    0.2215578474E-06
    0.5130000000E+02    0.2114812420E-06
    0.5220000000E+02    0.2013585840E-06
    0.5310000000E+02    0.1911962724E-06
    0.5400000000E+02    0.1810009592E-06
    0.5490000000E+02    0.1707796280E-06
    0.5580000000E+02    0.1605397025E-06
    0.5670000000E+02    0.1502892026E-06
    0.5760000000E+02    0.1400369679E-06
    0.5850000000E+02    0.1297929885E-06
    0.5940000000E+02    0.1195689018E-06
    0.6030000000E+02    0.1093787621E-06
    0.6120000000E+02    0.9924026532E-07
    0.6210000000E+02    0.8917677033E-07
    0.6300000000E+02    0.7922076636E-07
    0.6390000000E+02    0.6942009528E-07
    0.6480000000E+02    0.5984967976E-07
    0.6570000000E+02    0.5063477565E-07
    0.6660000000E+02    0.4199898433E-07
    0.6750000000E+02    0.3436281361E-07
    0.6840000000E+02    0.2851164582E-07
    0.6930000000E+02    0.2565700020E-07
    0.7020000000E+02    0.2673236549E-07
    0.7110000000E+02    0.3129431657E-07
    0.7200000000E+02    0.3807286197E-07
    0.7290000000E+02    0.4606611554E-07
    0.7380000000E+02    0.5471335204E-07
    0.7470000000E+02    0.6372031142E-07
    0.7560000000E+02    0.7292728956E-07
    0.7650000000E+02    0.8224233702E-07
    0.7740000000E+02    0.9160920558E-07
    0.7830000000E+02    0.1009915240E-06
    0.7920000000E+02    0.1103645947E-06
    0.8010000000E+02    0.1197109196E-06
    0.8100000000E+02    0.1290176416E-06
    0.8190000000E+02    0.1382750193E-06
    0.8280000000E+02    0.1474754824E-06
    0.8370000000E+02    0.1566130280E-06
    0.8460000000E+02    0.1656828228E-06
    0.8550000000E+02    0.1746809344E-06
    0.8640000000E+02    0.1836041462E-06
    0.8730000000E+02    0.1924498256E-06
    0.8820000000E+02    0.2012158303E-06
    0.8910000000E+02    0.2099004384E-06
    0.9000000000E+02    0.2185022969E-06
    0.9090000000E+02    0.2270203820E-06
    0.9180000000E+02    0.2354539686E-06
    0.9270000000E+02    0.2438026054E-06
    0.9360000000E+02    0.2520660954E-06
    0.9450000000E+02    0.2602444786E-06
    0.9540000000E+02    0.2683380181E-06
    0.9630000000E+02    0.2763471870E-06
    0.9720000000E+02    0.2842726568E-06
    0.9810000000E+02    0.2921152864E-06
    0.9900000000E+02    0.2998761119E-06
    0.9990000000E+02    0.3075563358E-06
    0.1008000000E+03    0.3151573173E-06
    0.1017000000E+03    0.3226805616E-06
    0.1026000000E+03    0.3301277094E-06
    0.1035000000E+03    0.3375005266E-06
    0.1044000000E+03    0.3448008925E-06
    0.1053000000E+03    0.3520307890E-06
    0.1062000000E+03    0.3591922886E-06
    0.1071000000E+03    0.3662875423E-06
    0.1080000000E+03    0.3733187669E-06
    0.1089000000E+03    0.3802882329E-06
    0.1098000000E+03    0.3871982504E-06
    0.1107000000E+03    0.3940511563E-06
    0.1116000000E+03    0.4008493008E-06
    0.1125000000E+03    0.4075950329E-06
    0.1134000000E+03    0.4142906869E-06
    0.1143000000E+03    0.4209385684E-06
    0.1152000000E+03    0.4275409399E-06
    0.1161000000E+03    0.4341000068E-06
    0.1170000000E+03    0.4406179037E-06
    0.1179000000E+03    0.4470966805E-06
    0.1188000000E+03    0.4535382890E-06
    0.1197000000E+03    0.4599445694E-06
    0.1206000000E+03    0.4663172383E-06
    0.1215000000E+03    0.4726578757E-06
    0.1224000000E+03    0.4789679134E-06
    0.1233000000E+03    0.4852486245E-06
    0.1242000000E+03    0.4915011121E-06
    0.1251000000E+03    0.4977263005E-06
    0.1260000000E+03    0.5039249255E-06
    0.1269000000E+03    0.5100975271E-06
    0.1278000000E+03    0.5162444419E-06
    0.1287000000E+03    0.5223657974E-06
    0.1296000000E+03    0.5284615063E-06
    0.1305000000E+03    0.5345312626E-06
    0.1314000000E+03    0.5405745384E-06
    0.1323000000E+03    0.5465905820E-06
    0.1332000000E+03    0.5525784163E-06
    0.1341000000E+03    0.5585368393E-06
    0.1350000000E+03    0.5644644248E-06
    0.1359000000E+03    0.5703595247E-06
    0.1368000000E+03    0.5762202716E-06
    0.1377000000E+03    0.5820445835E-06
    0.1386000000E+03    0.5878301682E-06
    0.1395000000E+03    0.5935745295E-06
    0.1404000000E+03    0.5992749738E-06
    0.1413000000E+03    0.6049286179E-06
    0.1422000000E+03    0.6105323974E-06
    0.1431000000E+03    0.6160830754E-06
    0.1440000000E+03    0.6215772530E-06
    0.1449000000E+03    0.6270113793E-06
    0.1458000000E+03    0.6323817622E-06
    0.1467000000E+03    0.6376845807E-06
    0.1476000000E+03    0.6429158958E-06
    0.1485000000E+03    0.6480716641E-06
    0.1494000000E+03    0.6531477492E-06
    0.1503000000E+03    0.6581399357E-06
    0.1512000000E+03    0.6630439420E-06
    0.1521000000E+03    0.6678554338E-06
    0.1530000000E+03    0.6725700374E-06
    0.1539000000E+03    0.6771833534E-06
    0.1548000000E+03    0.6816909704E-06
    0.1557000000E+03    0.6860884783E-06
    0.1566000000E+03    0.6903714820E-06
    0.1575000000E+03    0.6945356145E-06
    0.1584000000E+03    0.6985765504E-06
    0.1593000000E+03    0.7024900185E-06
    0.1602000000E+03    0.7062718146E-06
    0.1611000000E+03    0.7099178144E-06
    0.1620000000E+03    0.7134239848E-06
    0.1629000000E+03    0.7167863966E-06
    0.1638000000E+03    0.7200012350E-06
    0.1647000000E+03    0.7230648114E-06
    0.1656000000E+03    0.7259735736E-06
    0.1665000000E+03    0.7287241159E-06
    0.1674000000E+03    0.7313131887E-06
    0.1683000000E+03    0.7337377082E-06
    0.1692000000E+03    0.7359947642E-06
    0.1701000000E+03    0.7380816289E-06
    0.1710000000E+03    0.7399957644E-06
    0.1719000000E+03    0.7417348292E-06
    0.1728000000E+03    0.7432966855E-06
    0.1737000000E+03    0.7446794042E-06
    0.1746000000E+03    0.7458812708E-06
    0.1755000000E+03    0.7469007899E-06
    0.1764000000E+03    0.7477366892E-06
    0.1773000000E+03    0.7483879230E-06
    0.1782000000E+03    0.7488536749E-06
    0.1791000000E+03    0.7491333604E-06
    0.1800000000E+03    0.7492266279E-06
    0.1809000000E+03    0.7491333604E-06
    0.1818000000E+03    0.7488536749E-06
    0.1827000000E+03    0.7483879230E-06
    0.1836000000E+03    0.7477366892E-06
    0.1845000000E+03    0.7469007899E-06
    0.1854000000E+03    0.7458812708E-06
    0.1863000000E+03    0.7446794042E-06
    0.1872000000E+03    0.7432966855E-06
    0.1881000000E+03    0.7417348292E-06
    0.1890000000E+03    0.7399957644E-06
    0.1899000000E+03    0.7380816289E-06
    0.1908000000E+03    0.7359947642E-06
    0.1917000000E+03    0.7337377082E-06
    0.1926000000E+03    0.7313131887E-06
    0.1935000000E+03    0.7287241159E-06
    0.1944000000E+03    0.7259735736E-06
    0.1953000000E+03    0.7230648114E-06
    0.1962000000E+03    0.7200012350E-06
    0.1971000000E+03    0.7167863966E-06
    0.1980000000E+03    0.7134239848E-06
    0.1989000000E+03    0.7099178144E-06
    0.1998000000E+03    0.7062718146E-06
    0.2007000000E+03    0.7024900185E-06
    0.2016000000E+03    0.6985765504E-06
    0.2025000000E+03    0.6945356145E-06
    0.2034000000E+03    0.6903714820E-06
    0.2043000000E+03    0.6860884783E-06
    0.2052000000E+03    0.6816909704E-06
    0.2061000000E+03    0.6771833534E-06
    0.2070000000E+03    0.6725700374E-06
    0.2079000000E+03    0.6678554338E-06
    0.2088000000E+03    0.6630439420E-06
    0.2097000000E+03    0.6581399357E-06
    0.2106000000E+03    0.6531477492E-06
    0.2115000000E+03    0.6480716641E-06
    0.2124000000E+03    0.6429158958E-06
    0.2133000000E+03    0.6376845807E-06
    0.2142000000E+03    0.6323817622E-06
    0.2151000000E+03    0.6270113793E-06
    0.2160000000E+03    0.6215772530E-06
    0.2169000000E+03    0.6160830754E-06
    0.2178000000E+03    0.6105323974E-06
    0.2187000000E+03    0.6049286179E-06
    0.2196000000E+03    0.5992749738E-06
    0.2205000000E+03    0.5935745295E-06
    0.2214000000E+03    0.5878301682E-06
    0.2223000000E+03    0.5820445835E-06
    0.2232000000E+03    0.5762202716E-06
    0.2241000000E+03    0.5703595247E-06
    0.2250000000E+03    0.5644644248E-06
    0.2259000000E+03    0.5585368393E-06
    0.2268000000E+03    0.5525784163E-06
    0.2277000000E+03    0.5465905820E-06
    0.2286000000E+03    0.5405745384E-06
    0.2295000000E+03    0.5345312626E-06
    0.2304000000E+03    0.5284615063E-06
    0.2313000000E+03    0.5223657974E-06
    0.2322000000E+03    0.5162444419E-06
    0.2331000000E+03    0.5100975271E-06
    0.2340000000E+03    0.5039249255E-06
    0.2349000000E+03    0.4977263005E-06
    0.2358000000E+03    0.4915011121E-06
    0.2367000000E+03    0.4852486245E-06
    0.2376000000E+03    0.4789679134E-06
    0.2385000000E+03    0.4726578757E-06
    0.2394000000E+03    0.4663172383E-06
    0.2403000000E+03    0.4599445694E-06
    0.2412000000E+03    0.4535382890E-06
    0.2421000000E+03    0.4470966805E-06
    0.2430000000E+03    0.4406179037E-06
    0.2439000000E+03    0.4341000068E-06
    0.2448000000E+03    0.4275409399E-06
    0.2457000000E+03    0.4209385684E-06
    0.2466000000E+03    0.4142906869E-06
    0.2475000000E+03    0.4075950329E-06
    0.2484000000E+03    0.4008493008E-06
    0.2493000000E+03    0.3940511563E-06
    0.2502000000E+03    0.3871982504E-06
    0.2511000000E+03    0.3802882329E-06
    0.2520000000E+03    0.3733187669E-06
    0.2529000000E+03    0.3662875423E-06
    0.2538000000E+03    0.3591922886E-06
    0.2547000000E+03    0.3520307890E-06
    0.2556000000E+03    0.3448008925E-06
    0.2565000000E+03    0.3375005266E-06
    0.2574000000E+03    0.3301277094E-06
    0.2583000000E+03    0.3226805616E-06
    0.2592000000E+03    0.3151573173E-06
    0.2601000000E+03    0.3075563358E-06
    0.2610000000E+03    0.2998761119E-06
    0.2619000000E+03    0.2921152864E-06
    0.2628000000E+03    0.2842726568E-06
    0.2637000000E+03    0.2763471870E-06
    0.2646000000E+03    0.2683380181E-06
    0.2655000000E+03    0.2602444786E-06
    0.2664000000E+03    0.2520660954E-06
    0.2673000000E+03    0.2438026054E-06
    0.2682000000E+03    0.2354539686E-06
    0.2691000000E+03    0.2270203820E-06
    0.2700000000E+03    0.2185022969E-06
    0.2709000000E+03    0.2099004384E-06
    0.2718000000E+03    0.2012158303E-06
    0.2727000000E+03    0.1924498256E-06
    0.2736000000E+03    0.1836041462E-06
    0.2745000000E+03    0.1746809344E-06
    0.2754000000E+03    0.1656828228E-06
    0.2763000000E+03    0.1566130280E-06
    0.2772000000E+03    0.1474754824E-06
    0.2781000000E+03    0.1382750193E-06
    0.2790000000E+03    0.1290176416E-06
    0.2799000000E+03    0.1197109196E-06
    0.2808000000E+03    0.1103645947E-06
    0.2817000000E+03    0.1009915240E-06
    0.2826000000E+03    0.9160920558E-07
    0.2835000000E+03    0.8224233702E-07
    0.2844000000E+03    0.7292728956E-07
    0.2853000000E+03    0.6372031142E-07
    0.2862000000E+03    0.5471335204E-07
    0.2871000000E+03    0.4606611554E-07
    0.2880000000E+03    0.3807286197E-07
    0.2889000000E+03    0.3129431657E-07
    0.2898000000E+03    0.2673236549E-07
    0.2907000000E+03    0.2565700020E-07
    0.2916000000E+03    0.2851164582E-07
    0.2925000000E+03    0.3436281361E-07
    0.2934000000E+03    0.4199898433E-07
    0.2943000000E+03    0.5063477565E-07
    0.2952000000E+03    0.5984967976E-07
    0.2961000000E+03    0.6942009528E-07
    0.2970000000E+03    0.7922076636E-07
    0.2979000000E+03    0.8917677033E-07
    0.2988000000E+03    0.9924026532E-07
    0.2997000000E+03    0.1093787621E-06
    0.3006000000E+03    0.1195689018E-06
    0.3015000000E+03    0.1297929885E-06
    0.3024000000E+03    0.1400369679E-06
    0.3033000000E+03    0.1502892026E-06
    0.3042000000E+03    0.1605397025E-06
    0.3051000000E+03    0.1707796280E-06
    0.3060000000E+03    0.1810009592E-06
    0.3069000000E+03    0.1911962724E-06
    0.3078000000E+03    0.2013585840E-06
    0.3087000000E+03    0.2114812420E-06
    0.3096000000E+03    0.2215578474E-06
    0.3105000000E+03    0.2315821983E-06
    0.3114000000E+03    0.2415482491E-06
    0.3123000000E+03    0.2514500805E-06
    0.3132000000E+03    0.2612818775E-06
    0.3141000000E+03    0.2710379139E-06
    0.3150000000E+03    0.2807125407E-06
    0.3159000000E+03    0.2903001774E-06
    0.3168000000E+03    0.2997953074E-06
    0.3177000000E+03    0.3091924732E-06
    0.3186000000E+03    0.3184862753E-06
    0.3195000000E+03    0.3276713704E-06
    0.3204000000E+03    0.3367424719E-06
    0.3213000000E+03    0.3456943503E-06
    0.3222000000E+03    0.3545218347E-06
    0.3231000000E+03    0.3632198143E-06
    0.3240000000E+03    0.3717832408E-06
    0.3249000000E+03    0.3802071306E-06
    0.3258000000E+03    0.3884865674E-06
    0.3267000000E+03    0.3966167053E-06
    0.3276000000E+03    0.4045927717E-06
    0.3285000000E+03    0.4124100701E-06
    0.3294000000E+03    0.4200639837E-06
    0.3303000000E+03    0.4275499782E-06
    0.3312000000E+03    0.4348636057E-06
    0.3321000000E+03    0.4420005072E-06
    0.3330000000E+03    0.4489564168E-06
    0.3339000000E+03    0.4557271641E-06
    0.3348000000E+03    0.4623086786E-06
    0.3357000000E+03    0.4686969917E-06
    0.3366000000E+03    0.4748882412E-06
    0.3375000000E+03    0.4808786736E-06
    0.3384000000E+03    0.4866646477E-06
    0.3393000000E+03    0.4922426375E-06
    0.3402000000E+03    0.4976092356E-06
    0.3411000000E+03    0.5027611555E-06
    0.3420000000E+03    0.5076952352E-06
    0.3429000000E+03    0.5124084395E-06
    0.3438000000E+03    0.5168978631E-06
    0.3447000000E+03    0.5211607327E-06
    0.3456000000E+03    0.5251944101E-06
    0.3465000000E+03    0.5289963944E-06
    0.3474000000E+03    0.5325643239E-06
    0.3483000000E+03    0.5358959790E-06
    0.3492000000E+03    0.5389892837E-06
    0.3501000000E+03    0.5418423078E-06
    0.3510000000E+03    0.5444532687E-06
    0.3519000000E+03    0.5468205330E-06
    0.3528000000E+03    0.5489426182E-06
    0.3537000000E+03    0.5508181939E-06
    0.3546000000E+03    0.5524460832E-06
    0.3555000000E+03    0.5538252639E-06
    0.3564000000E+03    0.5549548692E-06
    0.3573000000E+03    0.5558341890E-06
    0.3582000000E+03    0.5564626701E-06
    0.3591000000E+03    0.5568399170E-06
