    0.0000000000E+00    0.9429481163E-07
    0.9000000000E+00    0.9429013406E-07
    0.1800000000E+01    0.9427610017E-07
    0.2700000000E+01    0.9425270645E-07
    0.3600000000E+01    0.9421994707E-07
    0.4500000000E+01    0.9417781382E-07
    0.5400000000E+01    0.9412629619E-07
    0.6300000000E+01    0.9406538130E-07
    0.7200000000E+01    0.9399505393E-07
    0.8100000000E+01    0.9391529651E-07
    0.9000000000E+01    0.9382608914E-07
    0.9900000000E+01    0.9372740954E-07
    0.1080000000E+02    0.9361923309E-07
    0.1170000000E+02    0.9350153284E-07
    0.1260000000E+02    0.9337427948E-07
    0.1350000000E+02    0.9323744134E-07
    0.1440000000E+02    0.9309098445E-07
    0.1530000000E+02    0.9293487247E-07
    0.1620000000E+02    0.9276906677E-07
    0.1710000000E+02    0.9259352643E-07
    0.1800000000E+02    0.9240820820E-07
    0.1890000000E+02    0.9221306661E-07
    0.1980000000E+02    0.9200805396E-07
    0.2070000000E+02    0.9179312030E-07
    0.2160000000E+02    0.9156821357E-07
    0.2250000000E+02    0.9133327956E-07
    0.2340000000E+02    0.9108826200E-07
    0.2430000000E+02    0.9083310259E-07
    0.2520000000E+02    0.9056774110E-07
    0.2610000000E+02    0.9029211541E-07
    0.2700000000E+02    0.9000616159E-07
    0.2790000000E+02    0.8970981402E-07
    0.2880000000E+02    0.8940300543E-07
    0.2970000000E+02    0.8908566709E-07
    0.3060000000E+02    0.8875772882E-07
    0.3150000000E+02    0.8841911921E-07
    0.3240000000E+02    0.8806976569E-07
    0.3330000000E+02    0.8770959472E-07
    0.3420000000E+02    0.8733853193E-07
    0.3510000000E+02    0.8695650225E-07
    0.3600000000E+02    0.8656343017E-07
    0.3690000000E+02    0.8615923986E-07
    0.3780000000E+02    0.8574385540E-07
    0.3870000000E+02    0.8531720100E-07
    0.3960000000E+02    0.8487920119E-07
    0.4050000000E+02    0.8442978112E-07
    0.4140000000E+02    0.8396886676E-07
    0.4230000000E+02    0.8349638516E-07
    0.4320000000E+02    0.8301226477E-07
    0.4410000000E+02    0.8251643570E-07
    0.4500000000E+02    0.8200883001E-07
    0.4590000000E+02    0.8148938204E-07
    0.4680000000E+02    0.8095802874E-07
    0.4770000000E+02    0.8041471000E-07
    0.4860000000E+02    0.7985936902E-07
    0.4950000000E+02    0.7929195265E-07
    0.5040000000E+02    0.7871241180E-07
    0.5130000000E+02    0.7812070182E-07
    0.5220000000E+02    0.7751678292E-07
    0.5310000000E+02    0.7690062058E-07
    0.5400000000E+02    0.7627218601E-07
    0.5490000000E+02    0.7563145660E-07
    0.5580000000E+02    0.7497841637E-07
    0.5670000000E+02    0.7431305650E-07
    0.5760000000E+02    0.7363537584E-07
    0.5850000000E+02    0.7294538138E-07
    0.5940000000E+02    0.7224308887E-07
    0.6030000000E+02    0.7152852337E-07
    0.6120000000E+02    0.7080171982E-07
    0.6210000000E+02    0.7006272369E-07
    0.6300000000E+02    0.6931159164E-07
    0.6390000000E+02    0.6854839216E-07
    0.6480000000E+02    0.6777320634E-07
    0.6570000000E+02    0.6698612858E-07
    0.6660000000E+02    0.6618726740E-07
    0.6750000000E+02    0.6537674628E-07
    0.6840000000E+02    0.6455470455E-07
    0.6930000000E+02    0.6372129833E-07
    0.7020000000E+02    0.6287670153E-07
    0.7110000000E+02    0.6202110698E-07
    0.7200000000E+02    0.6115472751E-07
    0.7290000000E+02    0.6027779724E-07
    0.7380000000E+02    0.5939057291E-07
    0.7470000000E+02    0.5849333536E-07
    0.7560000000E+02    0.5758639105E-07
    0.7650000000E+02    0.5667007382E-07
    0.7740000000E+02    0.5574474675E-07
    0.7830000000E+02    0.5481080418E-07
    0.7920000000E+02    0.5386867402E-07
    0.8010000000E+02    0.5291882015E-07
    0.8100000000E+02    0.5196174516E-07
    0.8190000000E+02    0.5099799336E-07
    0.8280000000E+02    0.5002815409E-07
    0.8370000000E+02    0.4905286537E-07
    0.8460000000E+02    0.4807281798E-07
    0.8550000000E+02    0.4708875996E-07
    0.8640000000E+02    0.4610150160E-07
    0.8730000000E+02    0.4511192099E-07
    0.8820000000E+02    0.4412097014E-07
    0.8910000000E+02    0.4312968180E-07
    0.9000000000E+02    0.4213917698E-07
    0.9090000000E+02    0.4115067320E-07
    0.9180000000E+02    0.4016549363E-07
    0.9270000000E+02    0.3918507701E-07
    0.9360000000E+02    0.3821098847E-07
    0.9450000000E+02    0.3724493113E-07
    0.9540000000E+02    0.3628875856E-07
    0.9630000000E+02    0.3534448772E-07
    0.9720000000E+02    0.3441431239E-07
    0.9810000000E+02    0.3350061649E-07
    0.9900000000E+02    0.3260598697E-07
    0.9990000000E+02    0.3173322536E-07
    0.1008000000E+03    0.3088535698E-07
    0.1017000000E+03    0.3006563663E-07
    0.1026000000E+03    0.2927754896E-07
    0.1035000000E+03    0.2852480154E-07
    0.1044000000E+03    0.2781130839E-07
    0.1053000000E+03    0.2714116145E-07
    0.1062000000E+03    0.2651858729E-07
    0.1071000000E+03    0.2594788721E-07
    0.1080000000E+03    0.2543335903E-07
    0.1089000000E+03    0.2497920063E-07
    0.1098000000E+03    0.2458939716E-07
    0.1107000000E+03    0.2426759600E-07
    0.1116000000E+03    0.2401697635E-07
    0.1125000000E+03    0.2384012261E-07
    0.1134000000E+03    0.2373891198E-07
    0.1143000000E+03    0.2371442707E-07
    0.1152000000E+03    0.2376690244E-07
    0.1161000000E+03    0.2389571105E-07
    0.1170000000E+03    0.2409939193E-07
    0.1179000000E+03    0.2437571602E-07
    0.1188000000E+03    0.2472178294E-07
    0.1197000000E+03    0.2513413890E-07
    0.1206000000E+03    0.2560890493E-07
    0.1215000000E+03    0.2614190529E-07
    0.1224000000E+03    0.2672878781E-07
    0.1233000000E+03    0.2736513029E-07
    0.1242000000E+03    0.2804652966E-07
    0.1251000000E+03    0.2876867283E-07
    0.1260000000E+03    0.2952738989E-07
    0.1269000000E+03    0.3031869136E-07
    0.1278000000E+03    0.3113879182E-07
    0.1287000000E+03    0.3198412254E-07
    0.1296000000E+03    0.3285133542E-07
    0.1305000000E+03    0.3373730055E-07
    0.1314000000E+03    0.3463909920E-07
    0.1323000000E+03    0.3555401377E-07
    0.1332000000E+03    0.3647951585E-07
    0.1341000000E+03    0.3741325344E-07
    0.1350000000E+03    0.3835303774E-07
    0.1359000000E+03    0.3929683022E-07
    0.1368000000E+03    0.4024273016E-07
    0.1377000000E+03    0.4118896286E-07
    0.1386000000E+03    0.4213386866E-07
    0.1395000000E+03    0.4307589290E-07
    0.1404000000E+03    0.4401357659E-07
    0.1413000000E+03    0.4494554811E-07
    0.1422000000E+03    0.4587051560E-07
    0.1431000000E+03    0.4678726015E-07
    0.1440000000E+03    0.4769462968E-07
    0.1449000000E+03    0.4859153353E-07
    0.1458000000E+03    0.4947693751E-07
    0.1467000000E+03    0.5034985964E-07
    0.1476000000E+03    0.5120936624E-07
    0.1485000000E+03    0.5205456854E-07
    0.1494000000E+03    0.5288461961E-07
    0.1503000000E+03    0.5369871168E-07
    0.1512000000E+03    0.5449607376E-07
    0.1521000000E+03    0.5527596951E-07
    0.1530000000E+03    0.5603769542E-07
    0.1539000000E+03    0.5678057910E-07
    0.1548000000E+03    0.5750397787E-07
    0.1557000000E+03    0.5820727745E-07
    0.1566000000E+03    0.5888989085E-07
    0.1575000000E+03    0.5955125736E-07
    0.1584000000E+03    0.6019084169E-07
    0.1593000000E+03    0.6080813317E-07
    0.1602000000E+03    0.6140264513E-07
    0.1611000000E+03    0.6197391424E-07
    0.1620000000E+03    0.6252150006E-07
    0.1629000000E+03    0.6304498453E-07
    0.1638000000E+03    0.6354397162E-07
    0.1647000000E+03    0.6401808699E-07
    0.1656000000E+03    0.6446697764E-07
    0.1665000000E+03    0.6489031173E-07
    0.1674000000E+03    0.6528777830E-07
    0.1683000000E+03    0.6565908710E-07
    0.1692000000E+03    0.6600396841E-07
    0.1701000000E+03    0.6632217295E-07
    0.1710000000E+03    0.6661347170E-07
    0.1719000000E+03    0.6687765583E-07
    0.1728000000E+03    0.6711453661E-07
    0.1737000000E+03    0.6732394534E-07
    0.1746000000E+03    0.6750573330E-07
    0.1755000000E+03    0.6765977165E-07
    0.1764000000E+03    0.6778595147E-07
    0.1773000000E+03    0.6788418368E-07
    0.1782000000E+03    0.6795439900E-07
    0.1791000000E+03    0.6799654798E-07
    0.1800000000E+03    0.6801060093E-07
    0.1809000000E+03    0.6799654798E-07
    0.1818000000E+03    0.6795439900E-07
    0.1827000000E+03    0.6788418368E-07
    0.1836000000E+03    0.6778595147E-07
    0.1845000000E+03    0.6765977165E-07
    0.1854000000E+03    0.6750573330E-07
    0.1863000000E+03    0.6732394534E-07
    0.1872000000E+03    0.6711453661E-07
    0.1881000000E+03    0.6687765583E-07
    0.1890000000E+03    0.6661347170E-07
    0.1899000000E+03    0.6632217295E-07
    0.1908000000E+03    0.6600396841E-07
    0.1917000000E+03    0.6565908710E-07
    0.1926000000E+03    0.6528777830E-07
    0.1935000000E+03    0.6489031173E-07
    0.1944000000E+03    0.6446697764E-07
    0.1953000000E+03    0.6401808699E-07
    0.1962000000E+03    0.6354397162E-07
    0.1971000000E+03    0.6304498453E-07
    0.1980000000E+03    0.6252150006E-07
    0.1989000000E+03    0.6197391424E-07
    0.1998000000E+03    0.6140264513E-07
    0.2007000000E+03    0.6080813317E-07
    0.2016000000E+03    0.6019084169E-07
    0.2025000000E+03    0.5955125736E-07
    0.2034000000E+03    0.5888989085E-07
    0.2043000000E+03    0.5820727745E-07
    0.2052000000E+03    0.5750397787E-07
    0.2061000000E+03    0.5678057910E-07
    0.2070000000E+03    0.5603769542E-07
    0.2079000000E+03    0.5527596951E-07
    0.2088000000E+03    0.5449607376E-07
    0.2097000000E+03    0.5369871168E-07
    0.2106000000E+03    0.5288461961E-07
    0.2115000000E+03    0.5205456854E-07
    0.2124000000E+03    0.5120936624E-07
    0.2133000000E+03    0.5034985964E-07
    0.2142000000E+03    0.4947693751E-07
    0.2151000000E+03    0.4859153353E-07
    0.2160000000E+03    0.4769462968E-07
    0.2169000000E+03    0.4678726015E-07
    0.2178000000E+03    0.4587051560E-07
    0.2187000000E+03    0.4494554811E-07
    0.2196000000E+03    0.4401357659E-07
    0.2205000000E+03    0.4307589290E-07
    0.2214000000E+03    0.4213386866E-07
    0.2223000000E+03    0.4118896286E-07
    0.2232000000E+03    0.4024273016E-07
    0.2241000000E+03    0.3929683022E-07
    0.2250000000E+03    0.3835303774E-07
    0.2259000000E+03    0.3741325344E-07
    0.2268000000E+03    0.3647951585E-07
    0.2277000000E+03    0.3555401377E-07
    0.2286000000E+03    0.3463909920E-07
    0.2295000000E+03    0.3373730055E-07
    0.2304000000E+03    0.3285133542E-07
    0.2313000000E+03    0.3198412254E-07
    0.2322000000E+03    0.3113879182E-07
    0.2331000000E+03    0.3031869136E-07
    0.2340000000E+03    0.2952738989E-07
    0.2349000000E+03    0.2876867283E-07
    0.2358000000E+03    0.2804652966E-07
    0.2367000000E+03    0.2736513029E-07
    0.2376000000E+03    0.2672878781E-07
    0.2385000000E+03    0.2614190529E-07
    0.2394000000E+03    0.2560890493E-07
    0.2403000000E+03    0.2513413890E-07
    0.2412000000E+03    0.2472178294E-07
    0.2421000000E+03    0.2437571602E-07
    0.2430000000E+03    0.2409939193E-07
    0.2439000000E+03    0.2389571105E-07
    0.2448000000E+03    0.2376690244E-07
    0.2457000000E+03    0.2371442707E-07
    0.2466000000E+03    0.2373891198E-07
    0.2475000000E+03    0.2384012261E-07
    0.2484000000E+03    0.2401697635E-07
    0.2493000000E+03    0.2426759600E-07
    0.2502000000E+03    0.2458939716E-07
    0.2511000000E+03    0.2497920063E-07
    0.2520000000E+03    0.2543335903E-07
    0.2529000000E+03    0.2594788721E-07
    0.2538000000E+03    0.2651858729E-07
    0.2547000000E+03    0.2714116145E-07
    0.2556000000E+03    0.2781130839E-07
    0.2565000000E+03    0.2852480154E-07
    0.2574000000E+03    0.2927754896E-07
    0.2583000000E+03    0.3006563663E-07
    0.2592000000E+03    0.3088535698E-07
    0.2601000000E+03    0.3173322536E-07
    0.2610000000E+03    0.3260598697E-07
    0.2619000000E+03    0.3350061649E-07
    0.2628000000E+03    0.3441431239E-07
    0.2637000000E+03    0.3534448772E-07
    0.2646000000E+03    0.3628875856E-07
    0.2655000000E+03    0.3724493113E-07
    0.2664000000E+03    0.3821098847E-07
    0.2673000000E+03    0.3918507701E-07
    0.2682000000E+03    0.4016549363E-07
    0.2691000000E+03    0.4115067320E-07
    0.2700000000E+03    0.4213917698E-07
    0.2709000000E+03    0.4312968180E-07
    0.2718000000E+03    0.4412097014E-07
    0.2727000000E+03    0.4511192099E-07
    0.2736000000E+03    0.4610150160E-07
    0.2745000000E+03    0.4708875996E-07
    0.2754000000E+03    0.4807281798E-07
    0.2763000000E+03    0.4905286537E-07
    0.2772000000E+03    0.5002815409E-07
    0.2781000000E+03    0.5099799336E-07
    0.2790000000E+03    0.5196174516E-07
    0.2799000000E+03    0.5291882015E-07
    0.2808000000E+03    0.5386867402E-07
    0.2817000000E+03    0.5481080418E-07
    0.2826000000E+03    0.5574474675E-07
    0.2835000000E+03    0.5667007382E-07
    0.2844000000E+03    0.5758639105E-07
    0.2853000000E+03    0.5849333536E-07
    0.2862000000E+03    0.5939057291E-07
    0.2871000000E+03    0.6027779724E-07
    0.2880000000E+03    0.6115472751E-07
    0.2889000000E+03    0.6202110698E-07
    0.2898000000E+03    0.6287670153E-07
    0.2907000000E+03    0.6372129833E-07
    0.2916000000E+03    0.6455470455E-07
    0.2925000000E+03    0.6537674628E-07
    0.2934000000E+03    0.6618726740E-07
    0.2943000000E+03    0.6698612858E-07
    0.2952000000E+03    0.6777320634E-07
    0.2961000000E+03    0.6854839216E-07
    0.2970000000E+03    0.6931159164E-07
    0.2979000000E+03    0.7006272369E-07
    0.2988000000E+03    0.7080171982E-07
    0.2997000000E+03    0.7152852337E-07
    0.3006000000E+03    0.7224308887E-07
    0.3015000000E+03    0.7294538138E-07
    0.3024000000E+03    0.7363537584E-07
    0.3033000000E+03    0.7431305650E-07
    0.3042000000E+03    0.7497841637E-07
    0.3051000000E+03    0.7563145660E-07
    0.3060000000E+03    0.7627218601E-07
    0.3069000000E+03    0.7690062058E-07
    0.3078000000E+03    0.7751678292E-07
    0.3087000000E+03    0.7812070182E-07
    0.3096000000E+03    0.7871241180E-07
    0.3105000000E+03    0.7929195265E-07
    0.3114000000E+03    0.7985936902E-07
    0.3123000000E+03    0.8041471000E-07
    0.3132000000E+03    0.8095802874E-07
    0.3141000000E+03    0.8148938204E-07
    0.3150000000E+03    0.8200883001E-07
    0.3159000000E+03    0.8251643570E-07
    0.3168000000E+03    0.8301226477E-07
    0.3177000000E+03    0.8349638516E-07
    0.3186000000E+03    0.8396886676E-07
    0.3195000000E+03    0.8442978112E-07
    0.3204000000E+03    0.8487920119E-07
    0.3213000000E+03    0.8531720100E-07
    0.3222000000E+03    0.8574385540E-07
    0.3231000000E+03    0.8615923986E-07
    0.3240000000E+03    0.8656343017E-07
    0.3249000000E+03    0.8695650225E-07
    0.3258000000E+03    0.8733853193E-07
    0.3267000000E+03    0.8770959472E-07
    0.3276000000E+03    0.8806976569E-07
    0.3285000000E+03    0.8841911921E-07
    0.3294000000E+03    0.8875772882E-07
    0.3303000000E+03    0.8908566709E-07
    0.3312000000E+03    0.8940300543E-07
    0.3321000000E+03    0.8970981402E-07
    0.3330000000E+03    0.9000616159E-07
    0.3339000000E+03    0.9029211541E-07
    0.3348000000E+03    0.9056774110E-07
    0.3357000000E+03    0.9083310259E-07
    0.3366000000E+03    0.9108826200E-07
    0.3375000000E+03    0.9133327956E-07
    0.3384000000E+03    0.9156821357E-07
    0.3393000000E+03    0.9179312030E-07
    0.3402000000E+03    0.9200805396E-07
    0.3411000000E+03    0.9221306661E-07
    0.3420000000E+03    0.9240820820E-07
    0.3429000000E+03    0.9259352643E-07
    0.3438000000E+03    0.9276906677E-07
    0.3447000000E+03    0.9293487247E-07
    0.3456000000E+03    0.9309098445E-07
    0.3465000000E+03    0.9323744134E-07
    0.3474000000E+03    0.9337427948E-07
    0.3483000000E+03    0.9350153284E-07
    0.3492000000E+03    0.9361923309E-07
    0.3501000000E+03    0.9372740954E-07
    0.3510000000E+03    0.9382608914E-07
    0.3519000000E+03    0.9391529651E-07
    0.3528000000E+03    0.9399505393E-07
    0.3537000000E+03    0.9406538130E-07
    0.3546000000E+03    0.9412629619E-07
    0.3555000000E+03    0.9417781382E-07
    0.3564000000E+03    0.9421994707E-07
    0.3573000000E+03    0.9425270645E-07
    0.3582000000E+03    0.9427610017E-07
    0.3591000000E+03    0.9429013406E-07
