    0.0000000000E+00    0.9936031734E-08
    0.9000000000E+00    0.9935146693E-08
    0.1800000000E+01    0.9932491995E-08
    0.2700000000E+01    0.9928068908E-08
    0.3600000000E+01    0.9921879550E-08
    0.4500000000E+01    0.9913926887E-08
    0.5400000000E+01    0.9904214739E-08
    0.6300000000E+01    0.9892747778E-08
    0.7200000000E+01    0.9879531539E-08
    0.8100000000E+01    0.9864572416E-08
    0.9000000000E+01    0.9847877678E-08
    0.9900000000E+01    0.9829455464E-08
    0.1080000000E+02    0.9809314801E-08
    0.1170000000E+02    0.9787465601E-08
    0.1260000000E+02    0.9763918680E-08
    0.1350000000E+02    0.9738685757E-08
    0.1440000000E+02    0.9711779474E-08
    0.1530000000E+02    0.9683213399E-08
    0.1620000000E+02    0.9653002043E-08
    0.1710000000E+02    0.9621160870E-08
    0.1800000000E+02    0.9587706312E-08
    0.1890000000E+02    0.9552655783E-08
    0.1980000000E+02    0.9516027694E-08
    0.2070000000E+02    0.9477841470E-08
    0.2160000000E+02    0.9438117566E-08
    0.2250000000E+02    0.9396877489E-08
    0.2340000000E+02    0.9354143812E-08
    0.2430000000E+02    0.9309940200E-08
    0.2520000000E+02    0.9264291425E-08
    0.2610000000E+02    0.9217223397E-08
    0.2700000000E+02    0.9168763180E-08
    0.2790000000E+02    0.9118939020E-08
    0.2880000000E+02    0.9067780374E-08
    0.2970000000E+02    0.9015317932E-08
    0.3060000000E+02    0.8961583649E-08
    0.3150000000E+02    0.8906610773E-08
    0.3240000000E+02    0.8850433879E-08
    0.3330000000E+02    0.8793088899E-08
    0.3420000000E+02    0.8734613154E-08
    0.3510000000E+02    0.8675045394E-08
    0.3600000000E+02    0.8614425831E-08
    0.3690000000E+02    0.8552796176E-08
    0.3780000000E+02    0.8490199679E-08
    0.3870000000E+02    0.8426681171E-08
    0.3960000000E+02    0.8362287100E-08
    0.4050000000E+02    0.8297065580E-08
    0.4140000000E+02    0.8231066427E-08
    0.4230000000E+02    0.8164341210E-08
    0.4320000000E+02    0.8096943290E-08
    0.4410000000E+02    0.8028927868E-08
    0.4500000000E+02    0.7960352032E-08
    0.4590000000E+02    0.7891274797E-08
    0.4680000000E+02    0.7821757158E-08
    0.4770000000E+02    0.7751862125E-08
    0.4860000000E+02    0.7681654776E-08
    0.4950000000E+02    0.7611202289E-08
    0.5040000000E+02    0.7540573989E-08
    0.5130000000E+02    0.7469841380E-08
    0.5220000000E+02    0.7399078177E-08
    0.5310000000E+02    0.7328360337E-08
    0.5400000000E+02    0.7257766078E-08
    0.5490000000E+02    0.7187375895E-08
    0.5580000000E+02    0.7117272570E-08
    0.5670000000E+02    0.7047541168E-08
    0.5760000000E+02    0.6978269022E-08
    0.5850000000E+02    0.6909545714E-08
    0.5940000000E+02    0.6841463031E-08
    0.6030000000E+02    0.6774114910E-08
    0.6120000000E+02    0.6707597370E-08
    0.6210000000E+02    0.6642008412E-08
    0.6300000000E+02    0.6577447908E-08
    0.6390000000E+02    0.6514017464E-08
    0.6480000000E+02    0.6451820248E-08
    0.6570000000E+02    0.6390960802E-08
    0.6660000000E+02    0.6331544813E-08
    0.6750000000E+02    0.6273678863E-08
    0.6840000000E+02    0.6217470132E-08
    0.6930000000E+02    0.6163026078E-08
    0.7020000000E+02    0.6110454078E-08
    0.7110000000E+02    0.6059861028E-08
    0.7200000000E+02    0.6011352920E-08
    0.7290000000E+02    0.5965034374E-08
    0.7380000000E+02    0.5921008144E-08
    0.7470000000E+02    0.5879374596E-08
    0.7560000000E+02    0.5840231160E-08
    0.7650000000E+02    0.5803671768E-08
    0.7740000000E+02    0.5769786266E-08
    0.7830000000E+02    0.5738659838E-08
    0.7920000000E+02    0.5710372416E-08
    0.8010000000E+02    0.5684998108E-08
    0.8100000000E+02    0.5662604645E-08
    0.8190000000E+02    0.5643252858E-08
    0.8280000000E+02    0.5626996185E-08
    0.8370000000E+02    0.5613880237E-08
    0.8460000000E+02    0.5603942413E-08
    0.8550000000E+02    0.5597211585E-08
    0.8640000000E+02    0.5593707845E-08
    0.8730000000E+02    0.5593442337E-08
    0.8820000000E+02    0.5596417167E-08
    0.8910000000E+02    0.5602625394E-08
    0.9000000000E+02    0.5612051103E-08
    0.9090000000E+02    0.5624669561E-08
    0.9180000000E+02    0.5640447449E-08
    0.9270000000E+02    0.5659343167E-08
    0.9360000000E+02    0.5681307207E-08
    0.9450000000E+02    0.5706282576E-08
    0.9540000000E+02    0.5734205285E-08
    0.9630000000E+02    0.5765004859E-08
    0.9720000000E+02    0.5798604893E-08
    0.9810000000E+02    0.5834923622E-08
    0.9900000000E+02    0.5873874509E-08
    0.9990000000E+02    0.5915366828E-08
    0.1008000000E+03    0.5959306251E-08
    0.1017000000E+03    0.6005595418E-08
    0.1026000000E+03    0.6054134493E-08
    0.1035000000E+03    0.6104821694E-08
    0.1044000000E+03    0.6157553793E-08
    0.1053000000E+03    0.6212226593E-08
    0.1062000000E+03    0.6268735362E-08
    0.1071000000E+03    0.6326975238E-08
    0.1080000000E+03    0.6386841600E-08
    0.1089000000E+03    0.6448230397E-08
    0.1098000000E+03    0.6511038447E-08
    0.1107000000E+03    0.6575163698E-08
    0.1116000000E+03    0.6640505463E-08
    0.1125000000E+03    0.6706964616E-08
    0.1134000000E+03    0.6774443764E-08
    0.1143000000E+03    0.6842847387E-08
    0.1152000000E+03    0.6912081963E-08
    0.1161000000E+03    0.6982056056E-08
    0.1170000000E+03    0.7052680398E-08
    0.1179000000E+03    0.7123867937E-08
    0.1188000000E+03    0.7195533886E-08
    0.1197000000E+03    0.7267595741E-08
    0.1206000000E+03    0.7339973293E-08
    0.1215000000E+03    0.7412588635E-08
    0.1224000000E+03    0.7485366146E-08
    0.1233000000E+03    0.7558232475E-08
    0.1242000000E+03    0.7631116520E-08
    0.1251000000E+03    0.7703949393E-08
    0.1260000000E+03    0.7776664386E-08
    0.1269000000E+03    0.7849196931E-08
    0.1278000000E+03    0.7921484559E-08
    0.1287000000E+03    0.7993466851E-08
    0.1296000000E+03    0.8065085395E-08
    0.1305000000E+03    0.8136283733E-08
    0.1314000000E+03    0.8207007315E-08
    0.1323000000E+03    0.8277203447E-08
    0.1332000000E+03    0.8346821243E-08
    0.1341000000E+03    0.8415811571E-08
    0.1350000000E+03    0.8484127009E-08
    0.1359000000E+03    0.8551721791E-08
    0.1368000000E+03    0.8618551762E-08
    0.1377000000E+03    0.8684574331E-08
    0.1386000000E+03    0.8749748424E-08
    0.1395000000E+03    0.8814034439E-08
    0.1404000000E+03    0.8877394200E-08
    0.1413000000E+03    0.8939790922E-08
    0.1422000000E+03    0.9001189161E-08
    0.1431000000E+03    0.9061554780E-08
    0.1440000000E+03    0.9120854907E-08
    0.1449000000E+03    0.9179057901E-08
    0.1458000000E+03    0.9236133314E-08
    0.1467000000E+03    0.9292051858E-08
    0.1476000000E+03    0.9346785368E-08
    0.1485000000E+03    0.9400306777E-08
    0.1494000000E+03    0.9452590078E-08
    0.1503000000E+03    0.9503610299E-08
    0.1512000000E+03    0.9553343473E-08
    0.1521000000E+03    0.9601766612E-08
    0.1530000000E+03    0.9648857679E-08
    0.1539000000E+03    0.9694595567E-08
    0.1548000000E+03    0.9738960071E-08
    0.1557000000E+03    0.9781931868E-08
    0.1566000000E+03    0.9823492493E-08
    0.1575000000E+03    0.9863624322E-08
    0.1584000000E+03    0.9902310548E-08
    0.1593000000E+03    0.9939535168E-08
    0.1602000000E+03    0.9975282957E-08
    0.1611000000E+03    0.1000953946E-07
    0.1620000000E+03    0.1004229097E-07
    0.1629000000E+03    0.1007352451E-07
    0.1638000000E+03    0.1010322783E-07
    0.1647000000E+03    0.1013138939E-07
    0.1656000000E+03    0.1015799833E-07
    0.1665000000E+03    0.1018304448E-07
    0.1674000000E+03    0.1020651835E-07
    0.1683000000E+03    0.1022841110E-07
    0.1692000000E+03    0.1024871453E-07
    0.1701000000E+03    0.1026742111E-07
    0.1710000000E+03    0.1028452393E-07
    0.1719000000E+03    0.1030001668E-07
    0.1728000000E+03    0.1031389372E-07
    0.1737000000E+03    0.1032614999E-07
    0.1746000000E+03    0.1033678103E-07
    0.1755000000E+03    0.1034578301E-07
    0.1764000000E+03    0.1035315267E-07
    0.1773000000E+03    0.1035888738E-07
    0.1782000000E+03    0.1036298507E-07
    0.1791000000E+03    0.1036544427E-07
    0.1800000000E+03    0.1036626410E-07
    0.1809000000E+03    0.1036544427E-07
    0.1818000000E+03    0.1036298507E-07
    0.1827000000E+03    0.1035888738E-07
    0.1836000000E+03    0.1035315267E-07
    0.1845000000E+03    0.1034578301E-07
    0.1854000000E+03    0.1033678103E-07
    0.1863000000E+03    0.1032614999E-07
    0.1872000000E+03    0.1031389372E-07
    0.1881000000E+03    0.1030001668E-07
    0.1890000000E+03    0.1028452393E-07
    0.1899000000E+03    0.1026742111E-07
    0.1908000000E+03    0.1024871453E-07
    0.1917000000E+03    0.1022841110E-07
    0.1926000000E+03    0.1020651835E-07
    0.1935000000E+03    0.1018304448E-07
    0.1944000000E+03    0.1015799833E-07
    0.1953000000E+03    0.1013138939E-07
    0.1962000000E+03    0.1010322783E-07
    0.1971000000E+03    0.1007352451E-07
    0.1980000000E+03    0.1004229097E-07
    0.1989000000E+03    0.1000953946E-07
    0.1998000000E+03    0.9975282957E-08
    0.2007000000E+03    0.9939535168E-08
    0.2016000000E+03    0.9902310548E-08
    0.2025000000E+03    0.9863624322E-08
    0.2034000000E+03    0.9823492493E-08
    0.2043000000E+03    0.9781931868E-08
    0.2052000000E+03    0.9738960071E-08
    0.2061000000E+03    0.9694595567E-08
    0.2070000000E+03    0.9648857679E-08
    0.2079000000E+03    0.9601766612E-08
    0.2088000000E+03    0.9553343473E-08
    0.2097000000E+03    0.9503610299E-08
    0.2106000000E+03    0.9452590078E-08
    0.2115000000E+03    0.9400306777E-08
    0.2124000000E+03    0.9346785368E-08
    0.2133000000E+03    0.9292051858E-08
    0.2142000000E+03    0.9236133314E-08
    0.2151000000E+03    0.9179057901E-08
    0.2160000000E+03    0.9120854907E-08
    0.2169000000E+03    0.9061554780E-08
    0.2178000000E+03    0.9001189161E-08
    0.2187000000E+03    0.8939790922E-08
    0.2196000000E+03    0.8877394200E-08
    0.2205000000E+03    0.8814034439E-08
    0.2214000000E+03    0.8749748424E-08
    0.2223000000E+03    0.8684574331E-08
    0.2232000000E+03    0.8618551762E-08
    0.2241000000E+03    0.8551721791E-08
    0.2250000000E+03    0.8484127009E-08
    0.2259000000E+03    0.8415811571E-08
    0.2268000000E+03    0.8346821243E-08
    0.2277000000E+03    0.8277203447E-08
    0.2286000000E+03    0.8207007315E-08
    0.2295000000E+03    0.8136283733E-08
    0.2304000000E+03    0.8065085395E-08
    0.2313000000E+03    0.7993466851E-08
    0.2322000000E+03    0.7921484559E-08
    0.2331000000E+03    0.7849196931E-08
    0.2340000000E+03    0.7776664386E-08
    0.2349000000E+03    0.7703949393E-08
    0.2358000000E+03    0.7631116520E-08
    0.2367000000E+03    0.7558232475E-08
    0.2376000000E+03    0.7485366146E-08
    0.2385000000E+03    0.7412588635E-08
    0.2394000000E+03    0.7339973293E-08
    0.2403000000E+03    0.7267595741E-08
    0.2412000000E+03    0.7195533886E-08
    0.2421000000E+03    0.7123867937E-08
    0.2430000000E+03    0.7052680398E-08
    0.2439000000E+03    0.6982056056E-08
    0.2448000000E+03    0.6912081963E-08
    0.2457000000E+03    0.6842847387E-08
    0.2466000000E+03    0.6774443764E-08
    0.2475000000E+03    0.6706964616E-08
    0.2484000000E+03    0.6640505463E-08
    0.2493000000E+03    0.6575163698E-08
    0.2502000000E+03    0.6511038447E-08
    0.2511000000E+03    0.6448230397E-08
    0.2520000000E+03    0.6386841600E-08
    0.2529000000E+03    0.6326975238E-08
    0.2538000000E+03    0.6268735362E-08
    0.2547000000E+03    0.6212226593E-08
    0.2556000000E+03    0.6157553793E-08
    0.2565000000E+03    0.6104821694E-08
    0.2574000000E+03    0.6054134493E-08
    0.2583000000E+03    0.6005595418E-08
    0.2592000000E+03    0.5959306251E-08
    0.2601000000E+03    0.5915366828E-08
    0.2610000000E+03    0.5873874509E-08
    0.2619000000E+03    0.5834923622E-08
    0.2628000000E+03    0.5798604893E-08
    0.2637000000E+03    0.5765004859E-08
    0.2646000000E+03    0.5734205285E-08
    0.2655000000E+03    0.5706282576E-08
    0.2664000000E+03    0.5681307207E-08
    0.2673000000E+03    0.5659343167E-08
    0.2682000000E+03    0.5640447449E-08
    0.2691000000E+03    0.5624669561E-08
    0.2700000000E+03    0.5612051103E-08
    0.2709000000E+03    0.5602625394E-08
    0.2718000000E+03    0.5596417167E-08
    0.2727000000E+03    0.5593442337E-08
    0.2736000000E+03    0.5593707845E-08
    0.2745000000E+03    0.5597211585E-08
    0.2754000000E+03    0.5603942413E-08
    0.2763000000E+03    0.5613880237E-08
    0.2772000000E+03    0.5626996185E-08
    0.2781000000E+03    0.5643252858E-08
    0.2790000000E+03    0.5662604645E-08
    0.2799000000E+03    0.5684998108E-08
    0.2808000000E+03    0.5710372416E-08
    0.2817000000E+03    0.5738659838E-08
    0.2826000000E+03    0.5769786266E-08
    0.2835000000E+03    0.5803671768E-08
    0.2844000000E+03    0.5840231160E-08
    0.2853000000E+03    0.5879374596E-08
    0.2862000000E+03    0.5921008144E-08
    0.2871000000E+03    0.5965034374E-08
    0.2880000000E+03    0.6011352920E-08
    0.2889000000E+03    0.6059861028E-08
    0.2898000000E+03    0.6110454078E-08
    0.2907000000E+03    0.6163026078E-08
    0.2916000000E+03    0.6217470132E-08
    0.2925000000E+03    0.6273678863E-08
    0.2934000000E+03    0.6331544813E-08
    0.2943000000E+03    0.6390960802E-08
    0.2952000000E+03    0.6451820248E-08
    0.2961000000E+03    0.6514017464E-08
    0.2970000000E+03    0.6577447908E-08
    0.2979000000E+03    0.6642008412E-08
    0.2988000000E+03    0.6707597370E-08
    0.2997000000E+03    0.6774114910E-08
    0.3006000000E+03    0.6841463031E-08
    0.3015000000E+03    0.6909545714E-08
    0.3024000000E+03    0.6978269022E-08
    0.3033000000E+03    0.7047541168E-08
    0.3042000000E+03    0.7117272570E-08
    0.3051000000E+03    0.7187375895E-08
    0.3060000000E+03    0.7257766078E-08
    0.3069000000E+03    0.7328360337E-08
    0.3078000000E+03    0.7399078177E-08
    0.3087000000E+03    0.7469841380E-08
    0.3096000000E+03    0.7540573989E-08
    0.3105000000E+03    0.7611202289E-08
    0.3114000000E+03    0.7681654776E-08
    0.3123000000E+03    0.7751862125E-08
    0.3132000000E+03    0.7821757158E-08
    0.3141000000E+03    0.7891274797E-08
    0.3150000000E+03    0.7960352032E-08
    0.3159000000E+03    0.8028927868E-08
    0.3168000000E+03    0.8096943290E-08
    0.3177000000E+03    0.8164341210E-08
    0.3186000000E+03    0.8231066427E-08
    0.3195000000E+03    0.8297065580E-08
    0.3204000000E+03    0.8362287100E-08
    0.3213000000E+03    0.8426681171E-08
    0.3222000000E+03    0.8490199679E-08
    0.3231000000E+03    0.8552796176E-08
    0.3240000000E+03    0.8614425831E-08
    0.3249000000E+03    0.8675045394E-08
    0.3258000000E+03    0.8734613154E-08
    0.3267000000E+03    0.8793088899E-08
    0.3276000000E+03    0.8850433879E-08
    0.3285000000E+03    0.8906610773E-08
    0.3294000000E+03    0.8961583649E-08
    0.3303000000E+03    0.9015317932E-08
    0.3312000000E+03    0.9067780374E-08
    0.3321000000E+03    0.9118939020E-08
    0.3330000000E+03    0.9168763180E-08
    0.3339000000E+03    0.9217223397E-08
    0.3348000000E+03    0.9264291425E-08
    0.3357000000E+03    0.9309940200E-08
    0.3366000000E+03    0.9354143812E-08
    0.3375000000E+03    0.9396877489E-08
    0.3384000000E+03    0.9438117566E-08
    0.3393000000E+03    0.9477841470E-08
    0.3402000000E+03    0.9516027694E-08
    0.3411000000E+03    0.9552655783E-08
    0.3420000000E+03    0.9587706312E-08
    0.3429000000E+03    0.9621160870E-08
    0.3438000000E+03    0.9653002043E-08
    0.3447000000E+03    0.9683213399E-08
    0.3456000000E+03    0.9711779474E-08
    0.3465000000E+03    0.9738685757E-08
    0.3474000000E+03    0.9763918680E-08
    0.3483000000E+03    0.9787465601E-08
    0.3492000000E+03    0.9809314801E-08
    0.3501000000E+03    0.9829455464E-08
    0.3510000000E+03    0.9847877678E-08
    0.3519000000E+03    0.9864572416E-08
    0.3528000000E+03    0.9879531539E-08
    0.3537000000E+03    0.9892747778E-08
    0.3546000000E+03    0.9904214739E-08
    0.3555000000E+03    0.9913926887E-08
    0.3564000000E+03    0.9921879550E-08
    0.3573000000E+03    0.9928068908E-08
    0.3582000000E+03    0.9932491995E-08
    0.3591000000E+03    0.9935146693E-08
