    0.0000000000E+00    0.4249491524E-06
    0.9000000000E+00    0.4248198601E-06
    0.1800000000E+01    0.4244321813E-06
    0.2700000000E+01    0.4237867102E-06
    0.3600000000E+01    0.4228844376E-06
    0.4500000000E+01    0.4217267516E-06
    0.5400000000E+01    0.4203154380E-06
    0.6300000000E+01    0.4186526821E-06
    0.7200000000E+01    0.4167410697E-06
    0.8100000000E+01    0.4145835888E-06
    0.9000000000E+01    0.4121836323E-06
    0.9900000000E+01    0.4095450000E-06
    0.1080000000E+02    0.4066719019E-06
    0.1170000000E+02    0.4035689615E-06
    0.1260000000E+02    0.4002412203E-06
    0.1350000000E+02    0.3966941423E-06
    0.1440000000E+02    0.3929336192E-06
    0.1530000000E+02    0.3889659774E-06
    0.1620000000E+02    0.3847979845E-06
    0.1710000000E+02    0.3804368576E-06
    0.1800000000E+02    0.3758902727E-06
    0.1890000000E+02    0.3711663750E-06
    0.1980000000E+02    0.3662737905E-06
    0.2070000000E+02    0.3612216391E-06
    0.2160000000E+02    0.3560195494E-06
    0.2250000000E+02    0.3506776742E-06
    0.2340000000E+02    0.3452067091E-06
    0.2430000000E+02    0.3396179112E-06
    0.2520000000E+02    0.3339231206E-06
    0.2610000000E+02    0.3281347830E-06
    0.2700000000E+02    0.3222659742E-06
    0.2790000000E+02    0.3163304254E-06
    0.2880000000E+02    0.3103425496E-06
    0.2970000000E+02    0.3043174688E-06
    0.3060000000E+02    0.2982710401E-06
    0.3150000000E+02    0.2922198816E-06
    0.3240000000E+02    0.2861813943E-06
    0.3330000000E+02    0.2801737805E-06
    0.3420000000E+02    0.2742160557E-06
    0.3510000000E+02    0.2683280507E-06
    0.3600000000E+02    0.2625304013E-06
    0.3690000000E+02    0.2568445220E-06
    0.3780000000E+02    0.2512925575E-06
    0.3870000000E+02    0.2458973088E-06
    0.3960000000E+02    0.2406821273E-06
    0.4050000000E+02    0.2356707711E-06
    0.4140000000E+02    0.2308872184E-06
    0.4230000000E+02    0.2263554333E-06
    0.4320000000E+02    0.2220990814E-06
    0.4410000000E+02    0.2181411937E-06
    0.4500000000E+02    0.2145037835E-06
    0.4590000000E+02    0.2112074217E-06
    0.4680000000E+02    0.2082707850E-06
    0.4770000000E+02    0.2057101923E-06
    0.4860000000E+02    0.2035391536E-06
    0.4950000000E+02    0.2017679553E-06
    0.5040000000E+02    0.2004033091E-06
    0.5130000000E+02    0.1994480909E-06
    0.5220000000E+02    0.1989011878E-06
    0.5310000000E+02    0.1987574698E-06
    0.5400000000E+02    0.1990078878E-06
    0.5490000000E+02    0.1996396948E-06
    0.5580000000E+02    0.2006367736E-06
    0.5670000000E+02    0.2019800504E-06
    0.5760000000E+02    0.2036479674E-06
    0.5850000000E+02    0.2056169859E-06
    0.5940000000E+02    0.2078620936E-06
    0.6030000000E+02    0.2103572933E-06
    0.6120000000E+02    0.2130760542E-06
    0.6210000000E+02    0.2159917144E-06
    0.6300000000E+02    0.2190778268E-06
    0.6390000000E+02    0.2223084460E-06
    0.6480000000E+02    0.2256583588E-06
    0.6570000000E+02    0.2291032606E-06
    0.6660000000E+02    0.2326198850E-06
    0.6750000000E+02    0.2361860920E-06
    0.6840000000E+02    0.2397809227E-06
    0.6930000000E+02    0.2433846257E-06
    0.7020000000E+02    0.2469786620E-06
    0.7110000000E+02    0.2505456934E-06
    0.7200000000E+02    0.2540695584E-06
    0.7290000000E+02    0.2575352400E-06
    0.7380000000E+02    0.2609288276E-06
    0.7470000000E+02    0.2642374756E-06
    0.7560000000E+02    0.2674493611E-06
    0.7650000000E+02    0.2705536412E-06
    0.7740000000E+02    0.2735404110E-06
    0.7830000000E+02    0.2764006636E-06
    0.7920000000E+02    0.2791262525E-06
    0.8010000000E+02    0.2817098556E-06
    0.8100000000E+02    0.2841449427E-06
    0.8190000000E+02    0.2864257451E-06
    0.8280000000E+02    0.2885472282E-06
    0.8370000000E+02    0.2905050666E-06
    0.8460000000E+02    0.2922956216E-06
    0.8550000000E+02    0.2939159213E-06
    0.8640000000E+02    0.2953636431E-06
    0.8730000000E+02    0.2966370980E-06
    0.8820000000E+02    0.2977352173E-06
    0.8910000000E+02    0.2986575413E-06
    0.9000000000E+02    0.2994042089E-06
    0.9090000000E+02    0.2999759502E-06
    0.9180000000E+02    0.3003740794E-06
    0.9270000000E+02    0.3006004901E-06
    0.9360000000E+02    0.3006576509E-06
    0.9450000000E+02    0.3005486035E-06
    0.9540000000E+02    0.3002769601E-06
    0.9630000000E+02    0.2998469038E-06
    0.9720000000E+02    0.2992631876E-06
    0.9810000000E+02    0.2985311361E-06
    0.9900000000E+02    0.2976566463E-06
    0.9990000000E+02    0.2966461888E-06
    0.1008000000E+03    0.2955068100E-06
    0.1017000000E+03    0.2942461330E-06
    0.1026000000E+03    0.2928723586E-06
    0.1035000000E+03    0.2913942652E-06
    0.1044000000E+03    0.2898212076E-06
    0.1053000000E+03    0.2881631141E-06
    0.1062000000E+03    0.2864304813E-06
    0.1071000000E+03    0.2846343658E-06
    0.1080000000E+03    0.2827863732E-06
    0.1089000000E+03    0.2808986417E-06
    0.1098000000E+03    0.2789838218E-06
    0.1107000000E+03    0.2770550491E-06
    0.1116000000E+03    0.2751259111E-06
    0.1125000000E+03    0.2732104056E-06
    0.1134000000E+03    0.2713228908E-06
    0.1143000000E+03    0.2694780258E-06
    0.1152000000E+03    0.2676907005E-06
    0.1161000000E+03    0.2659759555E-06
    0.1170000000E+03    0.2643488896E-06
    0.1179000000E+03    0.2628245573E-06
    0.1188000000E+03    0.2614178542E-06
    0.1197000000E+03    0.2601433937E-06
    0.1206000000E+03    0.2590153741E-06
    0.1215000000E+03    0.2580474392E-06
    0.1224000000E+03    0.2572525349E-06
    0.1233000000E+03    0.2566427640E-06
    0.1242000000E+03    0.2562292441E-06
    0.1251000000E+03    0.2560219706E-06
    0.1260000000E+03    0.2560296902E-06
    0.1269000000E+03    0.2562597886E-06
    0.1278000000E+03    0.2567181948E-06
    0.1287000000E+03    0.2574093075E-06
    0.1296000000E+03    0.2583359439E-06
    0.1305000000E+03    0.2594993140E-06
    0.1314000000E+03    0.2608990201E-06
    0.1323000000E+03    0.2625330820E-06
    0.1332000000E+03    0.2643979864E-06
    0.1341000000E+03    0.2664887576E-06
    0.1350000000E+03    0.2687990477E-06
    0.1359000000E+03    0.2713212426E-06
    0.1368000000E+03    0.2740465791E-06
    0.1377000000E+03    0.2769652707E-06
    0.1386000000E+03    0.2800666383E-06
    0.1395000000E+03    0.2833392408E-06
    0.1404000000E+03    0.2867710046E-06
    0.1413000000E+03    0.2903493480E-06
    0.1422000000E+03    0.2940613001E-06
    0.1431000000E+03    0.2978936101E-06
    0.1440000000E+03    0.3018328488E-06
    0.1449000000E+03    0.3058655002E-06
    0.1458000000E+03    0.3099780430E-06
    0.1467000000E+03    0.3141570224E-06
    0.1476000000E+03    0.3183891130E-06
    0.1485000000E+03    0.3226611724E-06
    0.1494000000E+03    0.3269602871E-06
    0.1503000000E+03    0.3312738102E-06
    0.1512000000E+03    0.3355893936E-06
    0.1521000000E+03    0.3398950133E-06
    0.1530000000E+03    0.3441789900E-06
    0.1539000000E+03    0.3484300051E-06
    0.1548000000E+03    0.3526371128E-06
    0.1557000000E+03    0.3567897496E-06
    0.1566000000E+03    0.3608777400E-06
    0.1575000000E+03    0.3648913009E-06
    0.1584000000E+03    0.3688210437E-06
    0.1593000000E+03    0.3726579754E-06
    0.1602000000E+03    0.3763934978E-06
    0.1611000000E+03    0.3800194064E-06
    0.1620000000E+03    0.3835278887E-06
    0.1629000000E+03    0.3869115215E-06
    0.1638000000E+03    0.3901632682E-06
    0.1647000000E+03    0.3932764756E-06
    0.1656000000E+03    0.3962448712E-06
    0.1665000000E+03    0.3990625598E-06
    0.1674000000E+03    0.4017240203E-06
    0.1683000000E+03    0.4042241030E-06
    0.1692000000E+03    0.4065580263E-06
    0.1701000000E+03    0.4087213741E-06
    0.1710000000E+03    0.4107100932E-06
    0.1719000000E+03    0.4125204912E-06
    0.1728000000E+03    0.4141492336E-06
    0.1737000000E+03    0.4155933425E-06
    0.1746000000E+03    0.4168501944E-06
    0.1755000000E+03    0.4179175189E-06
    0.1764000000E+03    0.4187933970E-06
    0.1773000000E+03    0.4194762603E-06
    0.1782000000E+03    0.4199648898E-06
    0.1791000000E+03    0.4202584154E-06
    0.1800000000E+03    0.4203563153E-06
    0.1809000000E+03    0.4202584154E-06
    0.1818000000E+03    0.4199648898E-06
    0.1827000000E+03    0.4194762603E-06
    0.1836000000E+03    0.4187933970E-06
    0.1845000000E+03    0.4179175189E-06
    0.1854000000E+03    0.4168501944E-06
    0.1863000000E+03    0.4155933425E-06
    0.1872000000E+03    0.4141492336E-06
    0.1881000000E+03    0.4125204912E-06
    0.1890000000E+03    0.4107100932E-06
    0.1899000000E+03    0.4087213741E-06
    0.1908000000E+03    0.4065580263E-06
    0.1917000000E+03    0.4042241030E-06
    0.1926000000E+03    0.4017240203E-06
    0.1935000000E+03    0.3990625598E-06
    0.1944000000E+03    0.3962448712E-06
    0.1953000000E+03    0.3932764756E-06
    0.1962000000E+03    0.3901632682E-06
    0.1971000000E+03    0.3869115215E-06
    0.1980000000E+03    0.3835278887E-06
    0.1989000000E+03    0.3800194064E-06
    0.1998000000E+03    0.3763934978E-06
    0.2007000000E+03    0.3726579754E-06
    0.2016000000E+03    0.3688210437E-06
    0.2025000000E+03    0.3648913009E-06
    0.2034000000E+03    0.3608777400E-06
    0.2043000000E+03    0.3567897496E-06
    0.2052000000E+03    0.3526371128E-06
    0.2061000000E+03    0.3484300051E-06
    0.2070000000E+03    0.3441789900E-06
    0.2079000000E+03    0.3398950133E-06
    0.2088000000E+03    0.3355893936E-06
    0.2097000000E+03    0.3312738102E-06
    0.2106000000E+03    0.3269602871E-06
    0.2115000000E+03    0.3226611724E-06
    0.2124000000E+03    0.3183891130E-06
    0.2133000000E+03    0.3141570224E-06
    0.2142000000E+03    0.3099780430E-06
    0.2151000000E+03    0.3058655002E-06
    0.2160000000E+03    0.3018328488E-06
    0.2169000000E+03    0.2978936101E-06
    0.2178000000E+03    0.2940613001E-06
    0.2187000000E+03    0.2903493480E-06
    0.2196000000E+03    0.2867710046E-06
    0.2205000000E+03    0.2833392408E-06
    0.2214000000E+03    0.2800666383E-06
    0.2223000000E+03    0.2769652707E-06
    0.2232000000E+03    0.2740465791E-06
    0.2241000000E+03    0.2713212426E-06
    0.2250000000E+03    0.2687990477E-06
    0.2259000000E+03    0.2664887576E-06
    0.2268000000E+03    0.2643979864E-06
    0.2277000000E+03    0.2625330820E-06
    0.2286000000E+03    0.2608990201E-06
    0.2295000000E+03    0.2594993140E-06
    0.2304000000E+03    0.2583359439E-06
    0.2313000000E+03    0.2574093075E-06
    0.2322000000E+03    0.2567181948E-06
    0.2331000000E+03    0.2562597886E-06
    0.2340000000E+03    0.2560296902E-06
    0.2349000000E+03    0.2560219706E-06
    0.2358000000E+03    0.2562292441E-06
    0.2367000000E+03    0.2566427640E-06
    0.2376000000E+03    0.2572525349E-06
    0.2385000000E+03    0.2580474392E-06
    0.2394000000E+03    0.2590153741E-06
    0.2403000000E+03    0.2601433937E-06
    0.2412000000E+03    0.2614178542E-06
    0.2421000000E+03    0.2628245573E-06
    0.2430000000E+03    0.2643488896E-06
    0.2439000000E+03    0.2659759555E-06
    0.2448000000E+03    0.2676907005E-06
    0.2457000000E+03    0.2694780258E-06
    0.2466000000E+03    0.2713228908E-06
    0.2475000000E+03    0.2732104056E-06
    0.2484000000E+03    0.2751259111E-06
    0.2493000000E+03    0.2770550491E-06
    0.2502000000E+03    0.2789838218E-06
    0.2511000000E+03    0.2808986417E-06
    0.2520000000E+03    0.2827863732E-06
    0.2529000000E+03    0.2846343658E-06
    0.2538000000E+03    0.2864304813E-06
    0.2547000000E+03    0.2881631141E-06
    0.2556000000E+03    0.2898212076E-06
    0.2565000000E+03    0.2913942652E-06
    0.2574000000E+03    0.2928723586E-06
    0.2583000000E+03    0.2942461330E-06
    0.2592000000E+03    0.2955068100E-06
    0.2601000000E+03    0.2966461888E-06
    0.2610000000E+03    0.2976566463E-06
    0.2619000000E+03    0.2985311361E-06
    0.2628000000E+03    0.2992631876E-06
    0.2637000000E+03    0.2998469038E-06
    0.2646000000E+03    0.3002769601E-06
    0.2655000000E+03    0.3005486035E-06
    0.2664000000E+03    0.3006576509E-06
    0.2673000000E+03    0.3006004901E-06
    0.2682000000E+03    0.3003740794E-06
    0.2691000000E+03    0.2999759502E-06
    0.2700000000E+03    0.2994042089E-06
    0.2709000000E+03    0.2986575413E-06
    0.2718000000E+03    0.2977352173E-06
    0.2727000000E+03    0.2966370980E-06
    0.2736000000E+03    0.2953636431E-06
    0.2745000000E+03    0.2939159213E-06
    0.2754000000E+03    0.2922956216E-06
    0.2763000000E+03    0.2905050666E-06
    0.2772000000E+03    0.2885472282E-06
    0.2781000000E+03    0.2864257451E-06
    0.2790000000E+03    0.2841449427E-06
    0.2799000000E+03    0.2817098556E-06
    0.2808000000E+03    0.2791262525E-06
    0.2817000000E+03    0.2764006636E-06
    0.2826000000E+03    0.2735404110E-06
    0.2835000000E+03    0.2705536412E-06
    0.2844000000E+03    0.2674493611E-06
    0.2853000000E+03    0.2642374756E-06
    0.2862000000E+03    0.2609288276E-06
    0.2871000000E+03    0.2575352400E-06
    0.2880000000E+03    0.2540695584E-06
    0.2889000000E+03    0.2505456934E-06
    0.2898000000E+03    0.2469786620E-06
    0.2907000000E+03    0.2433846257E-06
    0.2916000000E+03    0.2397809227E-06
    0.2925000000E+03    0.2361860920E-06
    0.2934000000E+03    0.2326198850E-06
    0.2943000000E+03    0.2291032606E-06
    0.2952000000E+03    0.2256583588E-06
    0.2961000000E+03    0.2223084460E-06
    0.2970000000E+03    0.2190778268E-06
    0.2979000000E+03    0.2159917144E-06
    0.2988000000E+03    0.2130760542E-06
    0.2997000000E+03    0.2103572933E-06
    0.3006000000E+03    0.2078620936E-06
    0.3015000000E+03    0.2056169859E-06
    0.3024000000E+03    0.2036479674E-06
    0.3033000000E+03    0.2019800504E-06
    0.3042000000E+03    0.2006367736E-06
    0.3051000000E+03    0.1996396948E-06
    0.3060000000E+03    0.1990078878E-06
    0.3069000000E+03    0.1987574698E-06
    0.3078000000E+03    0.1989011878E-06
    0.3087000000E+03    0.1994480909E-06
    0.3096000000E+03    0.2004033091E-06
    0.3105000000E+03    0.2017679553E-06
    0.3114000000E+03    0.2035391536E-06
    0.3123000000E+03    0.2057101923E-06
    0.3132000000E+03    0.2082707850E-06
    0.3141000000E+03    0.2112074217E-06
    0.3150000000E+03    0.2145037835E-06
    0.3159000000E+03    0.2181411937E-06
    0.3168000000E+03    0.2220990814E-06
    0.3177000000E+03    0.2263554333E-06
    0.3186000000E+03    0.2308872184E-06
    0.3195000000E+03    0.2356707711E-06
    0.3204000000E+03    0.2406821273E-06
    0.3213000000E+03    0.2458973088E-06
    0.3222000000E+03    0.2512925575E-06
    0.3231000000E+03    0.2568445220E-06
    0.3240000000E+03    0.2625304013E-06
    0.3249000000E+03    0.2683280507E-06
    0.3258000000E+03    0.2742160557E-06
    0.3267000000E+03    0.2801737805E-06
    0.3276000000E+03    0.2861813943E-06
    0.3285000000E+03    0.2922198816E-06
    0.3294000000E+03    0.2982710401E-06
    0.3303000000E+03    0.3043174688E-06
    0.3312000000E+03    0.3103425496E-06
    0.3321000000E+03    0.3163304254E-06
    0.3330000000E+03    0.3222659742E-06
    0.3339000000E+03    0.3281347830E-06
    0.3348000000E+03    0.3339231206E-06
    0.3357000000E+03    0.3396179112E-06
    0.3366000000E+03    0.3452067091E-06
    0.3375000000E+03    0.3506776742E-06
    0.3384000000E+03    0.3560195494E-06
    0.3393000000E+03    0.3612216391E-06
    0.3402000000E+03    0.3662737905E-06
    0.3411000000E+03    0.3711663750E-06
    0.3420000000E+03    0.3758902727E-06
    0.3429000000E+03    0.3804368576E-06
    0.3438000000E+03    0.3847979845E-06
    0.3447000000E+03    0.3889659774E-06
    0.3456000000E+03    0.3929336192E-06
    0.3465000000E+03    0.3966941423E-06
    0.3474000000E+03    0.4002412203E-06
    0.3483000000E+03    0.4035689615E-06
    0.3492000000E+03    0.4066719019E-06
    0.3501000000E+03    0.4095450000E-06
    0.3510000000E+03    0.4121836323E-06
    0.3519000000E+03    0.4145835888E-06
    0.3528000000E+03    0.4167410697E-06
    0.3537000000E+03    0.4186526821E-06
    0.3546000000E+03    0.4203154380E-06
    0.3555000000E+03    0.4217267516E-06
    0.3564000000E+03    0.4228844376E-06
    0.3573000000E+03    0.4237867102E-06
    0.3582000000E+03    0.4244321813E-06
    0.3591000000E+03    0.4248198601E-06
