    0.0000000000E+00    0.9936031734E-08
    0.1800000000E+01    0.9932491995E-08
    0.3600000000E+01    0.9921879550E-08
    0.5400000000E+01    0.9904214739E-08
    0.7200000000E+01    0.9879531539E-08
    0.9000000000E+01    0.9847877678E-08
    0.1080000000E+02    0.9809314801E-08
    0.1260000000E+02    0.9763918680E-08
    0.1440000000E+02    0.9711779474E-08
    0.1620000000E+02    0.9653002043E-08
    0.1800000000E+02    0.9587706312E-08
    0.1980000000E+02    0.9516027694E-08
    0.2160000000E+02    0.9438117566E-08
    0.2340000000E+02    0.9354143812E-08
    0.2520000000E+02    0.9264291425E-08
    0.2700000000E+02    0.9168763180E-08
    0.2880000000E+02    0.9067780374E-08
    0.3060000000E+02    0.8961583649E-08
    0.3240000000E+02    0.8850433879E-08
    0.3420000000E+02    0.8734613154E-08
    0.3600000000E+02    0.8614425831E-08
    0.3780000000E+02    0.8490199679E-08
    0.3960000000E+02    0.8362287100E-08
    0.4140000000E+02    0.8231066427E-08
    0.4320000000E+02    0.8096943290E-08
    0.4500000000E+02    0.7960352032E-08
    0.4680000000E+02    0.7821757158E-08
    0.4860000000E+02    0.7681654776E-08
    0.5040000000E+02    0.7540573989E-08
    0.5220000000E+02    0.7399078177E-08
    0.5400000000E+02    0.7257766078E-08
    0.5580000000E+02    0.7117272570E-08
    0.5760000000E+02    0.6978269022E-08
    0.5940000000E+02    0.6841463031E-08
    0.6120000000E+02    0.6707597370E-08
    0.6300000000E+02    0.6577447908E-08
    0.6480000000E+02    0.6451820248E-08
    0.6660000000E+02    0.6331544813E-08
    0.6840000000E+02    0.6217470132E-08
    0.7020000000E+02    0.6110454078E-08
    0.7200000000E+02    0.6011352920E-08
    0.7380000000E+02    0.5921008144E-08
    0.7560000000E+02    0.5840231160E-08
    0.7740000000E+02    0.5769786266E-08
    0.7920000000E+02    0.5710372416E-08
    0.8100000000E+02    0.5662604645E-08
    0.8280000000E+02    0.5626996185E-08
    0.8460000000E+02    0.5603942413E-08
    0.8640000000E+02    0.5593707845E-08
    0.8820000000E+02    0.5596417167E-08
    0.9000000000E+02    0.5612051103E-08
    0.9180000000E+02    0.5640447449E-08
    0.9360000000E+02    0.5681307207E-08
    0.9540000000E+02    0.5734205285E-08
    0.9720000000E+02    0.5798604893E-08
    0.9900000000E+02    0.5873874509E-08
    0.1008000000E+03    0.5959306251E-08
    0.1026000000E+03    0.6054134493E-08
    0.1044000000E+03    0.6157553793E-08
    0.1062000000E+03    0.6268735362E-08
    0.1080000000E+03    0.6386841600E-08
    0.1098000000E+03    0.6511038447E-08
    0.1116000000E+03    0.6640505463E-08
    0.1134000000E+03    0.6774443764E-08
    0.1152000000E+03    0.6912081963E-08
    0.1170000000E+03    0.7052680398E-08
    0.1188000000E+03    0.7195533886E-08
    0.1206000000E+03    0.7339973293E-08
    0.1224000000E+03    0.7485366146E-08
    0.1242000000E+03    0.7631116520E-08
    0.1260000000E+03    0.7776664386E-08
    0.1278000000E+03    0.7921484559E-08
    0.1296000000E+03    0.8065085395E-08
    0.1314000000E+03    0.8207007315E-08
    0.1332000000E+03    0.8346821243E-08
    0.1350000000E+03    0.8484127009E-08
    0.1368000000E+03    0.8618551762E-08
    0.1386000000E+03    0.8749748424E-08
    0.1404000000E+03    0.8877394200E-08
    0.1422000000E+03    0.9001189161E-08
    0.1440000000E+03    0.9120854907E-08
    0.1458000000E+03    0.9236133314E-08
    0.1476000000E+03    0.9346785368E-08
    0.1494000000E+03    0.9452590078E-08
    0.1512000000E+03    0.9553343473E-08
    0.1530000000E+03    0.9648857679E-08
    0.1548000000E+03    0.9738960071E-08
    0.1566000000E+03    0.9823492493E-08
    0.1584000000E+03    0.9902310548E-08
    0.1602000000E+03    0.9975282957E-08
    0.1620000000E+03    0.1004229097E-07
    0.1638000000E+03    0.1010322783E-07
    0.1656000000E+03    0.1015799833E-07
    0.1674000000E+03    0.1020651835E-07
    0.1692000000E+03    0.1024871453E-07
    0.1710000000E+03    0.1028452393E-07
    0.1728000000E+03    0.1031389372E-07
    0.1746000000E+03    0.1033678103E-07
    0.1764000000E+03    0.1035315267E-07
    0.1782000000E+03    0.1036298507E-07
    0.1800000000E+03    0.1036626410E-07
    0.1818000000E+03    0.1036298507E-07
    0.1836000000E+03    0.1035315267E-07
    0.1854000000E+03    0.1033678103E-07
    0.1872000000E+03    0.1031389372E-07
    0.1890000000E+03    0.1028452393E-07
    0.1908000000E+03    0.1024871453E-07
    0.1926000000E+03    0.1020651835E-07
    0.1944000000E+03    0.1015799833E-07
    0.1962000000E+03    0.1010322783E-07
    0.1980000000E+03    0.1004229097E-07
    0.1998000000E+03    0.9975282957E-08
    0.2016000000E+03    0.9902310548E-08
    0.2034000000E+03    0.9823492493E-08
    0.2052000000E+03    0.9738960071E-08
    0.2070000000E+03    0.9648857679E-08
    0.2088000000E+03    0.9553343473E-08
    0.2106000000E+03    0.9452590078E-08
    0.2124000000E+03    0.9346785368E-08
    0.2142000000E+03    0.9236133314E-08
    0.2160000000E+03    0.9120854907E-08
    0.2178000000E+03    0.9001189161E-08
    0.2196000000E+03    0.8877394200E-08
    0.2214000000E+03    0.8749748424E-08
    0.2232000000E+03    0.8618551762E-08
    0.2250000000E+03    0.8484127009E-08
    0.2268000000E+03    0.8346821243E-08
    0.2286000000E+03    0.8207007315E-08
    0.2304000000E+03    0.8065085395E-08
    0.2322000000E+03    0.7921484559E-08
    0.2340000000E+03    0.7776664386E-08
    0.2358000000E+03    0.7631116520E-08
    0.2376000000E+03    0.7485366146E-08
    0.2394000000E+03    0.7339973293E-08
    0.2412000000E+03    0.7195533886E-08
    0.2430000000E+03    0.7052680398E-08
    0.2448000000E+03    0.6912081963E-08
    0.2466000000E+03    0.6774443764E-08
    0.2484000000E+03    0.6640505463E-08
    0.2502000000E+03    0.6511038447E-08
    0.2520000000E+03    0.6386841600E-08
    0.2538000000E+03    0.6268735362E-08
    0.2556000000E+03    0.6157553793E-08
    0.2574000000E+03    0.6054134493E-08
    0.2592000000E+03    0.5959306251E-08
    0.2610000000E+03    0.5873874509E-08
    0.2628000000E+03    0.5798604893E-08
    0.2646000000E+03    0.5734205285E-08
    0.2664000000E+03    0.5681307207E-08
    0.2682000000E+03    0.5640447449E-08
    0.2700000000E+03    0.5612051103E-08
    0.2718000000E+03    0.5596417167E-08
    0.2736000000E+03    0.5593707845E-08
    0.2754000000E+03    0.5603942413E-08
    0.2772000000E+03    0.5626996185E-08
    0.2790000000E+03    0.5662604645E-08
    0.2808000000E+03    0.5710372416E-08
    0.2826000000E+03    0.5769786266E-08
    0.2844000000E+03    0.5840231160E-08
    0.2862000000E+03    0.5921008144E-08
    0.2880000000E+03    0.6011352920E-08
    0.2898000000E+03    0.6110454078E-08
    0.2916000000E+03    0.6217470132E-08
    0.2934000000E+03    0.6331544813E-08
    0.2952000000E+03    0.6451820248E-08
    0.2970000000E+03    0.6577447908E-08
    0.2988000000E+03    0.6707597370E-08
    0.3006000000E+03    0.6841463031E-08
    0.3024000000E+03    0.6978269022E-08
    0.3042000000E+03    0.7117272570E-08
    0.3060000000E+03    0.7257766078E-08
    0.3078000000E+03    0.7399078177E-08
    0.3096000000E+03    0.7540573989E-08
    0.3114000000E+03    0.7681654776E-08
    0.3132000000E+03    0.7821757158E-08
    0.3150000000E+03    0.7960352032E-08
    0.3168000000E+03    0.8096943290E-08
    0.3186000000E+03    0.8231066427E-08
    0.3204000000E+03    0.8362287100E-08
    0.3222000000E+03    0.8490199679E-08
    0.3240000000E+03    0.8614425831E-08
    0.3258000000E+03    0.8734613154E-08
    0.3276000000E+03    0.8850433879E-08
    0.3294000000E+03    0.8961583649E-08
    0.3312000000E+03    0.9067780374E-08
    0.3330000000E+03    0.9168763180E-08
    0.3348000000E+03    0.9264291425E-08
    0.3366000000E+03    0.9354143812E-08
    0.3384000000E+03    0.9438117566E-08
    0.3402000000E+03    0.9516027694E-08
    0.3420000000E+03    0.9587706312E-08
    0.3438000000E+03    0.9653002043E-08
    0.3456000000E+03    0.9711779474E-08
    0.3474000000E+03    0.9763918680E-08
    0.3492000000E+03    0.9809314801E-08
    0.3510000000E+03    0.9847877678E-08
    0.3528000000E+03    0.9879531539E-08
    0.3546000000E+03    0.9904214739E-08
    0.3564000000E+03    0.9921879550E-08
    0.3582000000E+03    0.9932491995E-08
